<?xml version="1.0" encoding="UTF-8"?>
<testsuite xmlns:xsi="http://www.w3.org/2001/XMLSchema-instance" xsi:noNamespaceSchemaLocation="https://maven.apache.org/surefire/maven-surefire-plugin/xsd/surefire-test-report.xsd" name="TestSuite" time="25.682" tests="5" errors="0" skipped="0" failures="4">
  <properties>
    <property name="gopherProxySet" value="false"/>
    <property name="awt.toolkit" value="sun.lwawt.macosx.LWCToolkit"/>
    <property name="file.encoding.pkg" value="sun.io"/>
    <property name="java.specification.version" value="1.8"/>
    <property name="sun.cpu.isalist" value=""/>
    <property name="sun.jnu.encoding" value="UTF-8"/>
    <property name="java.class.path" value="/Users/subhajitghosh/.p2/pool/plugins/org.eclipse.m2e.maven.runtime_1.13.0.20190716-1623/jars/plexus-classworlds-2.6.0.jar"/>
    <property name="java.vm.vendor" value="Oracle Corporation"/>
    <property name="sun.arch.data.model" value="64"/>
    <property name="java.vendor.url" value="http://java.oracle.com/"/>
    <property name="user.timezone" value="Europe/Dublin"/>
    <property name="os.name" value="Mac OS X"/>
    <property name="java.vm.specification.version" value="1.8"/>
    <property name="user.country" value="IE"/>
    <property name="sun.java.launcher" value="SUN_STANDARD"/>
    <property name="sun.boot.library.path" value="/Library/Java/JavaVirtualMachines/jdk1.8.0_221.jdk/Contents/Home/jre/lib"/>
    <property name="sun.java.command" value="org.codehaus.plexus.classworlds.launcher.Launcher -B install"/>
    <property name="maven.home" value="/Users/subhajitghosh/Desktop/himanshu/Himanshu-API-Testing/EMBEDDED"/>
    <property name="surefire.test.class.path" value="/Users/subhajitghosh/Desktop/himanshu/Himanshu-API-Testing/target/test-classes:/Users/subhajitghosh/Desktop/himanshu/Himanshu-API-Testing/target/classes:/Users/subhajitghosh/.m2/repository/io/github/endreman0/java-json/0.9.0/java-json-0.9.0.jar:/Users/subhajitghosh/.m2/repository/com/github/wnameless/json-flattener/0.2.2/json-flattener-0.2.2.jar:/Users/subhajitghosh/.m2/repository/com/eclipsesource/minimal-json/minimal-json/0.9.4/minimal-json-0.9.4.jar:/Users/subhajitghosh/.m2/repository/org/apache/commons/commons-lang3/3.4/commons-lang3-3.4.jar:/Users/subhajitghosh/.m2/repository/org/testng/testng/6.14.3/testng-6.14.3.jar:/Users/subhajitghosh/.m2/repository/com/beust/jcommander/1.72/jcommander-1.72.jar:/Users/subhajitghosh/.m2/repository/org/apache-extras/beanshell/bsh/2.0b6/bsh-2.0b6.jar:/Users/subhajitghosh/.m2/repository/info/cukes/cucumber-java/1.2.5/cucumber-java-1.2.5.jar:/Users/subhajitghosh/.m2/repository/info/cukes/cucumber-core/1.2.5/cucumber-core-1.2.5.jar:/Users/subhajitghosh/.m2/repository/info/cukes/cucumber-html/0.2.3/cucumber-html-0.2.3.jar:/Users/subhajitghosh/.m2/repository/info/cukes/cucumber-jvm-deps/1.0.5/cucumber-jvm-deps-1.0.5.jar:/Users/subhajitghosh/.m2/repository/net/masterthought/cucumber-reporting/1.0.0/cucumber-reporting-1.0.0.jar:/Users/subhajitghosh/.m2/repository/com/google/code/gson/gson/2.4/gson-2.4.jar:/Users/subhajitghosh/.m2/repository/org/apache/velocity/velocity/1.7/velocity-1.7.jar:/Users/subhajitghosh/.m2/repository/commons-collections/commons-collections/3.2.1/commons-collections-3.2.1.jar:/Users/subhajitghosh/.m2/repository/commons-lang/commons-lang/2.4/commons-lang-2.4.jar:/Users/subhajitghosh/.m2/repository/velocity-tools/velocity-tools/1.4/velocity-tools-1.4.jar:/Users/subhajitghosh/.m2/repository/joda-time/joda-time/2.9.1/joda-time-2.9.1.jar:/Users/subhajitghosh/.m2/repository/commons-io/commons-io/2.4/commons-io-2.4.jar:/Users/subhajitghosh/.m2/repository/net/lingala/zip4j/zip4j/1.3.2/zip4j-1.3.2.jar:/Users/subhajitghosh/.m2/repository/org/apache/maven/plugins/maven-gpg-plugin/1.6/maven-gpg-plugin-1.6.jar:/Users/subhajitghosh/.m2/repository/org/apache/maven/maven-plugin-api/2.2.1/maven-plugin-api-2.2.1.jar:/Users/subhajitghosh/.m2/repository/org/apache/maven/maven-project/2.2.1/maven-project-2.2.1.jar:/Users/subhajitghosh/.m2/repository/org/apache/maven/maven-settings/2.2.1/maven-settings-2.2.1.jar:/Users/subhajitghosh/.m2/repository/org/apache/maven/maven-profile/2.2.1/maven-profile-2.2.1.jar:/Users/subhajitghosh/.m2/repository/org/apache/maven/maven-artifact-manager/2.2.1/maven-artifact-manager-2.2.1.jar:/Users/subhajitghosh/.m2/repository/org/apache/maven/wagon/wagon-provider-api/1.0-beta-6/wagon-provider-api-1.0-beta-6.jar:/Users/subhajitghosh/.m2/repository/backport-util-concurrent/backport-util-concurrent/3.1/backport-util-concurrent-3.1.jar:/Users/subhajitghosh/.m2/repository/org/apache/maven/maven-plugin-registry/2.2.1/maven-plugin-registry-2.2.1.jar:/Users/subhajitghosh/.m2/repository/org/codehaus/plexus/plexus-interpolation/1.11/plexus-interpolation-1.11.jar:/Users/subhajitghosh/.m2/repository/org/codehaus/plexus/plexus-container-default/1.0-alpha-9-stable-1/plexus-container-default-1.0-alpha-9-stable-1.jar:/Users/subhajitghosh/.m2/repository/classworlds/classworlds/1.1-alpha-2/classworlds-1.1-alpha-2.jar:/Users/subhajitghosh/.m2/repository/org/apache/maven/maven-artifact/2.2.1/maven-artifact-2.2.1.jar:/Users/subhajitghosh/.m2/repository/org/apache/maven/maven-repository-metadata/2.2.1/maven-repository-metadata-2.2.1.jar:/Users/subhajitghosh/.m2/repository/org/apache/maven/maven-model/2.2.1/maven-model-2.2.1.jar:/Users/subhajitghosh/.m2/repository/org/codehaus/plexus/plexus-utils/3.0.20/plexus-utils-3.0.20.jar:/Users/subhajitghosh/.m2/repository/org/sonatype/plexus/plexus-sec-dispatcher/1.4/plexus-sec-dispatcher-1.4.jar:/Users/subhajitghosh/.m2/repository/org/sonatype/plexus/plexus-cipher/1.4/plexus-cipher-1.4.jar:/Users/subhajitghosh/.m2/repository/org/jsoup/jsoup/1.8.3/jsoup-1.8.3.jar:/Users/subhajitghosh/.m2/repository/info/cukes/gherkin/2.12.2/gherkin-2.12.2.jar:/Users/subhajitghosh/.m2/repository/info/cukes/cucumber-testng/1.2.5/cucumber-testng-1.2.5.jar:/Users/subhajitghosh/.m2/repository/com/googlecode/json-simple/json-simple/1.1.1/json-simple-1.1.1.jar:/Users/subhajitghosh/.m2/repository/junit/junit/4.10/junit-4.10.jar:/Users/subhajitghosh/.m2/repository/io/rest-assured/rest-assured/4.0.0/rest-assured-4.0.0.jar:/Users/subhajitghosh/.m2/repository/org/codehaus/groovy/groovy/2.5.6/groovy-2.5.6.jar:/Users/subhajitghosh/.m2/repository/org/codehaus/groovy/groovy-xml/2.5.6/groovy-xml-2.5.6.jar:/Users/subhajitghosh/.m2/repository/org/apache/httpcomponents/httpclient/4.5.3/httpclient-4.5.3.jar:/Users/subhajitghosh/.m2/repository/org/apache/httpcomponents/httpcore/4.4.6/httpcore-4.4.6.jar:/Users/subhajitghosh/.m2/repository/commons-logging/commons-logging/1.2/commons-logging-1.2.jar:/Users/subhajitghosh/.m2/repository/commons-codec/commons-codec/1.9/commons-codec-1.9.jar:/Users/subhajitghosh/.m2/repository/org/apache/httpcomponents/httpmime/4.5.3/httpmime-4.5.3.jar:/Users/subhajitghosh/.m2/repository/org/hamcrest/hamcrest-core/2.1/hamcrest-core-2.1.jar:/Users/subhajitghosh/.m2/repository/org/hamcrest/hamcrest-library/2.1/hamcrest-library-2.1.jar:/Users/subhajitghosh/.m2/repository/org/ccil/cowan/tagsoup/tagsoup/1.2.1/tagsoup-1.2.1.jar:/Users/subhajitghosh/.m2/repository/io/rest-assured/json-path/4.0.0/json-path-4.0.0.jar:/Users/subhajitghosh/.m2/repository/org/codehaus/groovy/groovy-json/2.5.6/groovy-json-2.5.6.jar:/Users/subhajitghosh/.m2/repository/io/rest-assured/rest-assured-common/4.0.0/rest-assured-common-4.0.0.jar:/Users/subhajitghosh/.m2/repository/io/rest-assured/xml-path/4.0.0/xml-path-4.0.0.jar:/Users/subhajitghosh/.m2/repository/javax/xml/bind/jaxb-api/2.2.12/jaxb-api-2.2.12.jar:/Users/subhajitghosh/.m2/repository/com/sun/xml/bind/jaxb-osgi/2.2.10/jaxb-osgi-2.2.10.jar:/Users/subhajitghosh/.m2/repository/org/apache/sling/org.apache.sling.javax.activation/0.1.0/org.apache.sling.javax.activation-0.1.0.jar:/Users/subhajitghosh/.m2/repository/javax/activation/activation/1.1.1/activation-1.1.1.jar:/Users/subhajitghosh/.m2/repository/io/rest-assured/json-schema-validator/4.1.1/json-schema-validator-4.1.1.jar:/Users/subhajitghosh/.m2/repository/com/github/java-json-tools/json-schema-validator/2.2.10/json-schema-validator-2.2.10.jar:/Users/subhajitghosh/.m2/repository/com/github/java-json-tools/json-schema-core/1.2.10/json-schema-core-1.2.10.jar:/Users/subhajitghosh/.m2/repository/com/github/java-json-tools/jackson-coreutils/1.9/jackson-coreutils-1.9.jar:/Users/subhajitghosh/.m2/repository/com/github/fge/msg-simple/1.1/msg-simple-1.1.jar:/Users/subhajitghosh/.m2/repository/com/github/fge/btf/1.2/btf-1.2.jar:/Users/subhajitghosh/.m2/repository/com/github/fge/uri-template/0.9/uri-template-0.9.jar:/Users/subhajitghosh/.m2/repository/org/mozilla/rhino/1.7.7.1/rhino-1.7.7.1.jar:/Users/subhajitghosh/.m2/repository/javax/mail/mailapi/1.4.3/mailapi-1.4.3.jar:/Users/subhajitghosh/.m2/repository/com/googlecode/libphonenumber/libphonenumber/8.0.0/libphonenumber-8.0.0.jar:/Users/subhajitghosh/.m2/repository/net/sf/jopt-simple/jopt-simple/5.0.3/jopt-simple-5.0.3.jar:/Users/subhajitghosh/.m2/repository/org/hamcrest/hamcrest/2.1/hamcrest-2.1.jar:/Users/subhajitghosh/.m2/repository/com/fasterxml/jackson/core/jackson-databind/2.9.8/jackson-databind-2.9.8.jar:/Users/subhajitghosh/.m2/repository/com/fasterxml/jackson/core/jackson-annotations/2.9.0/jackson-annotations-2.9.0.jar:/Users/subhajitghosh/.m2/repository/com/fasterxml/jackson/core/jackson-core/2.9.8/jackson-core-2.9.8.jar:/Users/subhajitghosh/.m2/repository/net/javacrumbs/json-unit/json-unit/1.5.0/json-unit-1.5.0.jar:/Users/subhajitghosh/.m2/repository/net/javacrumbs/json-unit/json-unit-core/1.5.0/json-unit-core-1.5.0.jar:/Users/subhajitghosh/.m2/repository/org/json/json/20180813/json-20180813.jar:/Users/subhajitghosh/.m2/repository/com/google/guava/guava/28.2-jre/guava-28.2-jre.jar:/Users/subhajitghosh/.m2/repository/com/google/guava/failureaccess/1.0.1/failureaccess-1.0.1.jar:/Users/subhajitghosh/.m2/repository/com/google/guava/listenablefuture/9999.0-empty-to-avoid-conflict-with-guava/listenablefuture-9999.0-empty-to-avoid-conflict-with-guava.jar:/Users/subhajitghosh/.m2/repository/com/google/code/findbugs/jsr305/3.0.2/jsr305-3.0.2.jar:/Users/subhajitghosh/.m2/repository/org/checkerframework/checker-qual/2.10.0/checker-qual-2.10.0.jar:/Users/subhajitghosh/.m2/repository/com/google/errorprone/error_prone_annotations/2.3.4/error_prone_annotations-2.3.4.jar:/Users/subhajitghosh/.m2/repository/com/google/j2objc/j2objc-annotations/1.3/j2objc-annotations-1.3.jar:/Users/subhajitghosh/.m2/repository/com/jayway/jsonpath/json-path/2.4.0/json-path-2.4.0.jar:/Users/subhajitghosh/.m2/repository/net/minidev/json-smart/2.3/json-smart-2.3.jar:/Users/subhajitghosh/.m2/repository/net/minidev/accessors-smart/1.2/accessors-smart-1.2.jar:/Users/subhajitghosh/.m2/repository/org/ow2/asm/asm/5.0.4/asm-5.0.4.jar:/Users/subhajitghosh/.m2/repository/org/slf4j/slf4j-api/1.7.25/slf4j-api-1.7.25.jar:/Users/subhajitghosh/.m2/repository/com/flipkart/zjsonpatch/zjsonpatch/0.2.1/zjsonpatch-0.2.1.jar:/Users/subhajitghosh/.m2/repository/org/apache/commons/commons-collections4/4.0/commons-collections4-4.0.jar:"/>
    <property name="sun.cpu.endian" value="little"/>
    <property name="user.home" value="/Users/subhajitghosh"/>
    <property name="user.language" value="en"/>
    <property name="java.specification.vendor" value="Oracle Corporation"/>
    <property name="java.home" value="/Library/Java/JavaVirtualMachines/jdk1.8.0_221.jdk/Contents/Home/jre"/>
    <property name="basedir" value="/Users/subhajitghosh/Desktop/himanshu/Himanshu-API-Testing"/>
    <property name="file.separator" value="/"/>
    <property name="line.separator" value="&#10;"/>
    <property name="java.vm.specification.vendor" value="Oracle Corporation"/>
    <property name="java.specification.name" value="Java Platform API Specification"/>
    <property name="java.awt.graphicsenv" value="sun.awt.CGraphicsEnvironment"/>
    <property name="sun.boot.class.path" value="/Library/Java/JavaVirtualMachines/jdk1.8.0_221.jdk/Contents/Home/jre/lib/resources.jar:/Library/Java/JavaVirtualMachines/jdk1.8.0_221.jdk/Contents/Home/jre/lib/rt.jar:/Library/Java/JavaVirtualMachines/jdk1.8.0_221.jdk/Contents/Home/jre/lib/sunrsasign.jar:/Library/Java/JavaVirtualMachines/jdk1.8.0_221.jdk/Contents/Home/jre/lib/jsse.jar:/Library/Java/JavaVirtualMachines/jdk1.8.0_221.jdk/Contents/Home/jre/lib/jce.jar:/Library/Java/JavaVirtualMachines/jdk1.8.0_221.jdk/Contents/Home/jre/lib/charsets.jar:/Library/Java/JavaVirtualMachines/jdk1.8.0_221.jdk/Contents/Home/jre/lib/jfr.jar:/Library/Java/JavaVirtualMachines/jdk1.8.0_221.jdk/Contents/Home/jre/classes"/>
    <property name="sun.management.compiler" value="HotSpot 64-Bit Tiered Compilers"/>
    <property name="java.runtime.version" value="1.8.0_221-b11"/>
    <property name="user.name" value="subhajitghosh"/>
    <property name="path.separator" value=":"/>
    <property name="os.version" value="10.15.4"/>
    <property name="java.endorsed.dirs" value="/Library/Java/JavaVirtualMachines/jdk1.8.0_221.jdk/Contents/Home/jre/lib/endorsed"/>
    <property name="java.runtime.name" value="Java(TM) SE Runtime Environment"/>
    <property name="file.encoding" value="UTF-8"/>
    <property name="guice.disable.misplaced.annotation.check" value="true"/>
    <property name="java.vm.name" value="Java HotSpot(TM) 64-Bit Server VM"/>
    <property name="localRepository" value="/Users/subhajitghosh/.m2/repository"/>
    <property name="java.vendor.url.bug" value="http://bugreport.sun.com/bugreport/"/>
    <property name="java.io.tmpdir" value="/var/folders/j0/ym_fmyjs0zd12ty_ctdjdphr0000gn/T/"/>
    <property name="java.version" value="1.8.0_221"/>
    <property name="user.dir" value="/Users/subhajitghosh/Desktop/himanshu/Himanshu-API-Testing"/>
    <property name="os.arch" value="x86_64"/>
    <property name="maven.multiModuleProjectDirectory" value="/Users/subhajitghosh/Desktop/himanshu/Himanshu-API-Testing"/>
    <property name="java.vm.specification.name" value="Java Virtual Machine Specification"/>
    <property name="java.awt.printerjob" value="sun.lwawt.macosx.CPrinterJob"/>
    <property name="sun.os.patch.level" value="unknown"/>
    <property name="java.library.path" value="/Users/subhajitghosh/Library/Java/Extensions:/Library/Java/Extensions:/Network/Library/Java/Extensions:/System/Library/Java/Extensions:/usr/lib/java:."/>
    <property name="java.vm.info" value="mixed mode"/>
    <property name="java.vendor" value="Oracle Corporation"/>
    <property name="java.vm.version" value="25.221-b11"/>
    <property name="classworlds.conf" value="/Users/subhajitghosh/eclipse-workspace/.metadata/.plugins/org.eclipse.m2e.launching/launches/m2conf8857547434043022729.tmp"/>
    <property name="java.ext.dirs" value="/Users/subhajitghosh/Library/Java/Extensions:/Library/Java/JavaVirtualMachines/jdk1.8.0_221.jdk/Contents/Home/jre/lib/ext:/Library/Java/Extensions:/Network/Library/Java/Extensions:/System/Library/Java/Extensions:/usr/lib/java"/>
    <property name="sun.io.unicode.encoding" value="UnicodeBig"/>
    <property name="java.class.version" value="52.0"/>
  </properties>
  <testcase name="feature" classname="testRunnerFile.TestRunner" time="10.559">
    <failure message="java.lang.AssertionError: Expected Status code as per test cases is = 201 but Status code recieved is = 200 was found instead...&#10;Body coming from backend is--&gt;{&#10;    &quot;status&quot;: &quot;success&quot;,&#10;    &quot;data&quot;: [&#10;        {&#10;            &quot;id&quot;: &quot;1&quot;,&#10;            &quot;employee_name&quot;: &quot;Tiger Nixon&quot;,&#10;            &quot;employee_salary&quot;: &quot;320800&quot;,&#10;            &quot;employee_age&quot;: &quot;61&quot;,&#10;            &quot;profile_image&quot;: &quot;&quot;&#10;        },&#10;        {&#10;            &quot;id&quot;: &quot;2&quot;,&#10;            &quot;employee_name&quot;: &quot;Garrett Winters&quot;,&#10;            &quot;employee_salary&quot;: &quot;170750&quot;,&#10;            &quot;employee_age&quot;: &quot;63&quot;,&#10;            &quot;profile_image&quot;: &quot;&quot;&#10;        },&#10;        {&#10;            &quot;id&quot;: &quot;3&quot;,&#10;            &quot;employee_name&quot;: &quot;Ashton Cox&quot;,&#10;            &quot;employee_salary&quot;: &quot;86000&quot;,&#10;            &quot;employee_age&quot;: &quot;66&quot;,&#10;            &quot;profile_image&quot;: &quot;&quot;&#10;        },&#10;        {&#10;            &quot;id&quot;: &quot;4&quot;,&#10;            &quot;employee_name&quot;: &quot;Cedric Kelly&quot;,&#10;            &quot;employee_salary&quot;: &quot;433060&quot;,&#10;            &quot;employee_age&quot;: &quot;22&quot;,&#10;            &quot;profile_image&quot;: &quot;&quot;&#10;        },&#10;        {&#10;            &quot;id&quot;: &quot;5&quot;,&#10;            &quot;employee_name&quot;: &quot;Airi Satou&quot;,&#10;            &quot;employee_salary&quot;: &quot;162700&quot;,&#10;            &quot;employee_age&quot;: &quot;33&quot;,&#10;            &quot;profile_image&quot;: &quot;&quot;&#10;        },&#10;        {&#10;            &quot;id&quot;: &quot;6&quot;,&#10;            &quot;employee_name&quot;: &quot;Brielle Williamson&quot;,&#10;            &quot;employee_salary&quot;: &quot;372000&quot;,&#10;            &quot;employee_age&quot;: &quot;61&quot;,&#10;            &quot;profile_image&quot;: &quot;&quot;&#10;        },&#10;        {&#10;            &quot;id&quot;: &quot;7&quot;,&#10;            &quot;employee_name&quot;: &quot;Herrod Chandler&quot;,&#10;            &quot;employee_salary&quot;: &quot;137500&quot;,&#10;            &quot;employee_age&quot;: &quot;59&quot;,&#10;            &quot;profile_image&quot;: &quot;&quot;&#10;        },&#10;        {&#10;            &quot;id&quot;: &quot;8&quot;,&#10;            &quot;employee_name&quot;: &quot;Rhona Davidson&quot;,&#10;            &quot;employee_salary&quot;: &quot;327900&quot;,&#10;            &quot;employee_age&quot;: &quot;55&quot;,&#10;            &quot;profile_image&quot;: &quot;&quot;&#10;        },&#10;        {&#10;            &quot;id&quot;: &quot;9&quot;,&#10;            &quot;employee_name&quot;: &quot;Colleen Hurst&quot;,&#10;            &quot;employee_salary&quot;: &quot;205500&quot;,&#10;            &quot;employee_age&quot;: &quot;39&quot;,&#10;            &quot;profile_image&quot;: &quot;&quot;&#10;        },&#10;        {&#10;            &quot;id&quot;: &quot;10&quot;,&#10;            &quot;employee_name&quot;: &quot;Sonya Frost&quot;,&#10;            &quot;employee_salary&quot;: &quot;103600&quot;,&#10;            &quot;employee_age&quot;: &quot;23&quot;,&#10;            &quot;profile_image&quot;: &quot;&quot;&#10;        },&#10;        {&#10;            &quot;id&quot;: &quot;11&quot;,&#10;            &quot;employee_name&quot;: &quot;Jena Gaines&quot;,&#10;            &quot;employee_salary&quot;: &quot;90560&quot;,&#10;            &quot;employee_age&quot;: &quot;30&quot;,&#10;            &quot;profile_image&quot;: &quot;&quot;&#10;        },&#10;        {&#10;            &quot;id&quot;: &quot;12&quot;,&#10;            &quot;employee_name&quot;: &quot;Quinn Flynn&quot;,&#10;            &quot;employee_salary&quot;: &quot;342000&quot;,&#10;            &quot;employee_age&quot;: &quot;22&quot;,&#10;            &quot;profile_image&quot;: &quot;&quot;&#10;        },&#10;        {&#10;            &quot;id&quot;: &quot;13&quot;,&#10;            &quot;employee_name&quot;: &quot;Charde Marshall&quot;,&#10;            &quot;employee_salary&quot;: &quot;470600&quot;,&#10;            &quot;employee_age&quot;: &quot;36&quot;,&#10;            &quot;profile_image&quot;: &quot;&quot;&#10;        },&#10;        {&#10;            &quot;id&quot;: &quot;14&quot;,&#10;            &quot;employee_name&quot;: &quot;Haley Kennedy&quot;,&#10;            &quot;employee_salary&quot;: &quot;313500&quot;,&#10;            &quot;employee_age&quot;: &quot;43&quot;,&#10;            &quot;profile_image&quot;: &quot;&quot;&#10;        },&#10;        {&#10;            &quot;id&quot;: &quot;15&quot;,&#10;            &quot;employee_name&quot;: &quot;Tatyana Fitzpatrick&quot;,&#10;            &quot;employee_salary&quot;: &quot;385750&quot;,&#10;            &quot;employee_age&quot;: &quot;19&quot;,&#10;            &quot;profile_image&quot;: &quot;&quot;&#10;        },&#10;        {&#10;            &quot;id&quot;: &quot;16&quot;,&#10;            &quot;employee_name&quot;: &quot;Michael Silva&quot;,&#10;            &quot;employee_salary&quot;: &quot;198500&quot;,&#10;            &quot;employee_age&quot;: &quot;66&quot;,&#10;            &quot;profile_image&quot;: &quot;&quot;&#10;        },&#10;        {&#10;            &quot;id&quot;: &quot;17&quot;,&#10;            &quot;employee_name&quot;: &quot;Paul Byrd&quot;,&#10;            &quot;employee_salary&quot;: &quot;725000&quot;,&#10;            &quot;employee_age&quot;: &quot;64&quot;,&#10;            &quot;profile_image&quot;: &quot;&quot;&#10;        },&#10;        {&#10;            &quot;id&quot;: &quot;18&quot;,&#10;            &quot;employee_name&quot;: &quot;Gloria Little&quot;,&#10;            &quot;employee_salary&quot;: &quot;237500&quot;,&#10;            &quot;employee_age&quot;: &quot;59&quot;,&#10;            &quot;profile_image&quot;: &quot;&quot;&#10;        },&#10;        {&#10;            &quot;id&quot;: &quot;19&quot;,&#10;            &quot;employee_name&quot;: &quot;Bradley Greer&quot;,&#10;            &quot;employee_salary&quot;: &quot;132000&quot;,&#10;            &quot;employee_age&quot;: &quot;41&quot;,&#10;            &quot;profile_image&quot;: &quot;&quot;&#10;        },&#10;        {&#10;            &quot;id&quot;: &quot;20&quot;,&#10;            &quot;employee_name&quot;: &quot;Dai Rios&quot;,&#10;            &quot;employee_salary&quot;: &quot;217500&quot;,&#10;            &quot;employee_age&quot;: &quot;35&quot;,&#10;            &quot;profile_image&quot;: &quot;&quot;&#10;        },&#10;        {&#10;            &quot;id&quot;: &quot;21&quot;,&#10;            &quot;employee_name&quot;: &quot;Jenette Caldwell&quot;,&#10;            &quot;employee_salary&quot;: &quot;345000&quot;,&#10;            &quot;employee_age&quot;: &quot;30&quot;,&#10;            &quot;profile_image&quot;: &quot;&quot;&#10;        },&#10;        {&#10;            &quot;id&quot;: &quot;22&quot;,&#10;            &quot;employee_name&quot;: &quot;Yuri Berry&quot;,&#10;            &quot;employee_salary&quot;: &quot;675000&quot;,&#10;            &quot;employee_age&quot;: &quot;40&quot;,&#10;            &quot;profile_image&quot;: &quot;&quot;&#10;        },&#10;        {&#10;            &quot;id&quot;: &quot;23&quot;,&#10;            &quot;employee_name&quot;: &quot;Caesar Vance&quot;,&#10;            &quot;employee_salary&quot;: &quot;106450&quot;,&#10;            &quot;employee_age&quot;: &quot;21&quot;,&#10;            &quot;profile_image&quot;: &quot;&quot;&#10;        },&#10;        {&#10;            &quot;id&quot;: &quot;24&quot;,&#10;            &quot;employee_name&quot;: &quot;Doris Wilder&quot;,&#10;            &quot;employee_salary&quot;: &quot;85600&quot;,&#10;            &quot;employee_age&quot;: &quot;23&quot;,&#10;            &quot;profile_image&quot;: &quot;&quot;&#10;        }&#10;    ]&#10;}" type="cucumber.runtime.CucumberException">cucumber.runtime.CucumberException: 
java.lang.AssertionError: Expected Status code as per test cases is = 201 but Status code recieved is = 200 was found instead...
Body coming from backend is-->{
    "status": "success",
    "data": [
        {
            "id": "1",
            "employee_name": "Tiger Nixon",
            "employee_salary": "320800",
            "employee_age": "61",
            "profile_image": ""
        },
        {
            "id": "2",
            "employee_name": "Garrett Winters",
            "employee_salary": "170750",
            "employee_age": "63",
            "profile_image": ""
        },
        {
            "id": "3",
            "employee_name": "Ashton Cox",
            "employee_salary": "86000",
            "employee_age": "66",
            "profile_image": ""
        },
        {
            "id": "4",
            "employee_name": "Cedric Kelly",
            "employee_salary": "433060",
            "employee_age": "22",
            "profile_image": ""
        },
        {
            "id": "5",
            "employee_name": "Airi Satou",
            "employee_salary": "162700",
            "employee_age": "33",
            "profile_image": ""
        },
        {
            "id": "6",
            "employee_name": "Brielle Williamson",
            "employee_salary": "372000",
            "employee_age": "61",
            "profile_image": ""
        },
        {
            "id": "7",
            "employee_name": "Herrod Chandler",
            "employee_salary": "137500",
            "employee_age": "59",
            "profile_image": ""
        },
        {
            "id": "8",
            "employee_name": "Rhona Davidson",
            "employee_salary": "327900",
            "employee_age": "55",
            "profile_image": ""
        },
        {
            "id": "9",
            "employee_name": "Colleen Hurst",
            "employee_salary": "205500",
            "employee_age": "39",
            "profile_image": ""
        },
        {
            "id": "10",
            "employee_name": "Sonya Frost",
            "employee_salary": "103600",
            "employee_age": "23",
            "profile_image": ""
        },
        {
            "id": "11",
            "employee_name": "Jena Gaines",
            "employee_salary": "90560",
            "employee_age": "30",
            "profile_image": ""
        },
        {
            "id": "12",
            "employee_name": "Quinn Flynn",
            "employee_salary": "342000",
            "employee_age": "22",
            "profile_image": ""
        },
        {
            "id": "13",
            "employee_name": "Charde Marshall",
            "employee_salary": "470600",
            "employee_age": "36",
            "profile_image": ""
        },
        {
            "id": "14",
            "employee_name": "Haley Kennedy",
            "employee_salary": "313500",
            "employee_age": "43",
            "profile_image": ""
        },
        {
            "id": "15",
            "employee_name": "Tatyana Fitzpatrick",
            "employee_salary": "385750",
            "employee_age": "19",
            "profile_image": ""
        },
        {
            "id": "16",
            "employee_name": "Michael Silva",
            "employee_salary": "198500",
            "employee_age": "66",
            "profile_image": ""
        },
        {
            "id": "17",
            "employee_name": "Paul Byrd",
            "employee_salary": "725000",
            "employee_age": "64",
            "profile_image": ""
        },
        {
            "id": "18",
            "employee_name": "Gloria Little",
            "employee_salary": "237500",
            "employee_age": "59",
            "profile_image": ""
        },
        {
            "id": "19",
            "employee_name": "Bradley Greer",
            "employee_salary": "132000",
            "employee_age": "41",
            "profile_image": ""
        },
        {
            "id": "20",
            "employee_name": "Dai Rios",
            "employee_salary": "217500",
            "employee_age": "35",
            "profile_image": ""
        },
        {
            "id": "21",
            "employee_name": "Jenette Caldwell",
            "employee_salary": "345000",
            "employee_age": "30",
            "profile_image": ""
        },
        {
            "id": "22",
            "employee_name": "Yuri Berry",
            "employee_salary": "675000",
            "employee_age": "40",
            "profile_image": ""
        },
        {
            "id": "23",
            "employee_name": "Caesar Vance",
            "employee_salary": "106450",
            "employee_age": "21",
            "profile_image": ""
        },
        {
            "id": "24",
            "employee_name": "Doris Wilder",
            "employee_salary": "85600",
            "employee_age": "23",
            "profile_image": ""
        }
    ]
}
	at testRunnerFile.TestRunner.feature(TestRunner.java:29)
Caused by: java.lang.AssertionError: 
Expected Status code as per test cases is = 201 but Status code recieved is = 200 was found instead...
Body coming from backend is-->{
    "status": "success",
    "data": [
        {
            "id": "1",
            "employee_name": "Tiger Nixon",
            "employee_salary": "320800",
            "employee_age": "61",
            "profile_image": ""
        },
        {
            "id": "2",
            "employee_name": "Garrett Winters",
            "employee_salary": "170750",
            "employee_age": "63",
            "profile_image": ""
        },
        {
            "id": "3",
            "employee_name": "Ashton Cox",
            "employee_salary": "86000",
            "employee_age": "66",
            "profile_image": ""
        },
        {
            "id": "4",
            "employee_name": "Cedric Kelly",
            "employee_salary": "433060",
            "employee_age": "22",
            "profile_image": ""
        },
        {
            "id": "5",
            "employee_name": "Airi Satou",
            "employee_salary": "162700",
            "employee_age": "33",
            "profile_image": ""
        },
        {
            "id": "6",
            "employee_name": "Brielle Williamson",
            "employee_salary": "372000",
            "employee_age": "61",
            "profile_image": ""
        },
        {
            "id": "7",
            "employee_name": "Herrod Chandler",
            "employee_salary": "137500",
            "employee_age": "59",
            "profile_image": ""
        },
        {
            "id": "8",
            "employee_name": "Rhona Davidson",
            "employee_salary": "327900",
            "employee_age": "55",
            "profile_image": ""
        },
        {
            "id": "9",
            "employee_name": "Colleen Hurst",
            "employee_salary": "205500",
            "employee_age": "39",
            "profile_image": ""
        },
        {
            "id": "10",
            "employee_name": "Sonya Frost",
            "employee_salary": "103600",
            "employee_age": "23",
            "profile_image": ""
        },
        {
            "id": "11",
            "employee_name": "Jena Gaines",
            "employee_salary": "90560",
            "employee_age": "30",
            "profile_image": ""
        },
        {
            "id": "12",
            "employee_name": "Quinn Flynn",
            "employee_salary": "342000",
            "employee_age": "22",
            "profile_image": ""
        },
        {
            "id": "13",
            "employee_name": "Charde Marshall",
            "employee_salary": "470600",
            "employee_age": "36",
            "profile_image": ""
        },
        {
            "id": "14",
            "employee_name": "Haley Kennedy",
            "employee_salary": "313500",
            "employee_age": "43",
            "profile_image": ""
        },
        {
            "id": "15",
            "employee_name": "Tatyana Fitzpatrick",
            "employee_salary": "385750",
            "employee_age": "19",
            "profile_image": ""
        },
        {
            "id": "16",
            "employee_name": "Michael Silva",
            "employee_salary": "198500",
            "employee_age": "66",
            "profile_image": ""
        },
        {
            "id": "17",
            "employee_name": "Paul Byrd",
            "employee_salary": "725000",
            "employee_age": "64",
            "profile_image": ""
        },
        {
            "id": "18",
            "employee_name": "Gloria Little",
            "employee_salary": "237500",
            "employee_age": "59",
            "profile_image": ""
        },
        {
            "id": "19",
            "employee_name": "Bradley Greer",
            "employee_salary": "132000",
            "employee_age": "41",
            "profile_image": ""
        },
        {
            "id": "20",
            "employee_name": "Dai Rios",
            "employee_salary": "217500",
            "employee_age": "35",
            "profile_image": ""
        },
        {
            "id": "21",
            "employee_name": "Jenette Caldwell",
            "employee_salary": "345000",
            "employee_age": "30",
            "profile_image": ""
        },
        {
            "id": "22",
            "employee_name": "Yuri Berry",
            "employee_salary": "675000",
            "employee_age": "40",
            "profile_image": ""
        },
        {
            "id": "23",
            "employee_name": "Caesar Vance",
            "employee_salary": "106450",
            "employee_age": "21",
            "profile_image": ""
        },
        {
            "id": "24",
            "employee_name": "Doris Wilder",
            "employee_salary": "85600",
            "employee_age": "23",
            "profile_image": ""
        }
    ]
}
</failure>
    <system-out><![CDATA[@AllEmployees
Feature: TC01 (GET) All Employees

  Scenario: Positive Scenario (200 Ok Response)                       # TC01 GET All Employees.feature:6
    Given the URL is "http://dummy.restapiexample.com/api/v1"         # httpActivity.the_URL_is(String)
    When the HTTP request type is "GET"  and resource is "/employees" # httpActivity.the_HTTP_request_type_is_and_resource_is(String,String)
    Then verify the Response code is "200"                            # httpActivity.verify_the_Response_code_is(String)

  Scenario: Negative Scenario (404 Not Found Response)              # TC01 GET All Employees.feature:13
    Given the URL is "http://dummy.restapiexample.com/api/v1"       # httpActivity.the_URL_is(String)
    When the HTTP request type is "GET"  and resource is "/employe" # httpActivity.the_HTTP_request_type_is_and_resource_is(String,String)
    Then verify the Response code is "404"                          # httpActivity.verify_the_Response_code_is(String)
    And ignore attribute "" and verify the Response schema          # httpActivity.ignore_attribute_and_verify_the_Response_schema(String,String)
      """
      {
      "message": "Error Occured! Page Not found, contact rstapi2example@gmail.com"
      }
      """
{
    "status": "success",
    "data": [
        {
            "id": "1",
            "employee_name": "Tiger Nixon",
            "employee_salary": "320800",
            "employee_age": "61",
            "profile_image": ""
        },
        {
            "id": "2",
            "employee_name": "Garrett Winters",
            "employee_salary": "170750",
            "employee_age": "63",
            "profile_image": ""
        },
        {
            "id": "3",
            "employee_name": "Ashton Cox",
            "employee_salary": "86000",
            "employee_age": "66",
            "profile_image": ""
        },
        {
            "id": "4",
            "employee_name": "Cedric Kelly",
            "employee_salary": "433060",
            "employee_age": "22",
            "profile_image": ""
        },
        {
            "id": "5",
            "employee_name": "Airi Satou",
            "employee_salary": "162700",
            "employee_age": "33",
            "profile_image": ""
        },
        {
            "id": "6",
            "employee_name": "Brielle Williamson",
            "employee_salary": "372000",
            "employee_age": "61",
            "profile_image": ""
        },
        {
            "id": "7",
            "employee_name": "Herrod Chandler",
            "employee_salary": "137500",
            "employee_age": "59",
            "profile_image": ""
        },
        {
            "id": "8",
            "employee_name": "Rhona Davidson",
            "employee_salary": "327900",
            "employee_age": "55",
            "profile_image": ""
        },
        {
            "id": "9",
            "employee_name": "Colleen Hurst",
            "employee_salary": "205500",
            "employee_age": "39",
            "profile_image": ""
        },
        {
            "id": "10",
            "employee_name": "Sonya Frost",
            "employee_salary": "103600",
            "employee_age": "23",
            "profile_image": ""
        },
        {
            "id": "11",
            "employee_name": "Jena Gaines",
            "employee_salary": "90560",
            "employee_age": "30",
            "profile_image": ""
        },
        {
            "id": "12",
            "employee_name": "Quinn Flynn",
            "employee_salary": "342000",
            "employee_age": "22",
            "profile_image": ""
        },
        {
            "id": "13",
            "employee_name": "Charde Marshall",
            "employee_salary": "470600",
            "employee_age": "36",
            "profile_image": ""
        },
        {
            "id": "14",
            "employee_name": "Haley Kennedy",
            "employee_salary": "313500",
            "employee_age": "43",
            "profile_image": ""
        },
        {
            "id": "15",
            "employee_name": "Tatyana Fitzpatrick",
            "employee_salary": "385750",
            "employee_age": "19",
            "profile_image": ""
        },
        {
            "id": "16",
            "employee_name": "Michael Silva",
            "employee_salary": "198500",
            "employee_age": "66",
            "profile_image": ""
        },
        {
            "id": "17",
            "employee_name": "Paul Byrd",
            "employee_salary": "725000",
            "employee_age": "64",
            "profile_image": ""
        },
        {
            "id": "18",
            "employee_name": "Gloria Little",
            "employee_salary": "237500",
            "employee_age": "59",
            "profile_image": ""
        },
        {
            "id": "19",
            "employee_name": "Bradley Greer",
            "employee_salary": "132000",
            "employee_age": "41",
            "profile_image": ""
        },
        {
            "id": "20",
            "employee_name": "Dai Rios",
            "employee_salary": "217500",
            "employee_age": "35",
            "profile_image": ""
        },
        {
            "id": "21",
            "employee_name": "Jenette Caldwell",
            "employee_salary": "345000",
            "employee_age": "30",
            "profile_image": ""
        },
        {
            "id": "22",
            "employee_name": "Yuri Berry",
            "employee_salary": "675000",
            "employee_age": "40",
            "profile_image": ""
        },
        {
            "id": "23",
            "employee_name": "Caesar Vance",
            "employee_salary": "106450",
            "employee_age": "21",
            "profile_image": ""
        },
        {
            "id": "24",
            "employee_name": "Doris Wilder",
            "employee_salary": "85600",
            "employee_age": "23",
            "profile_image": ""
        }
    ]
}

  Scenario: Hard Failure Scenario (Incorrect Response Validation)     # TC01 GET All Employees.feature:28
    Given the URL is "http://dummy.restapiexample.com/api/v1"         # httpActivity.the_URL_is(String)
    When the HTTP request type is "GET"  and resource is "/employees" # httpActivity.the_HTTP_request_type_is_and_resource_is(String,String)
    Then verify the Response code is "201"                            # httpActivity.verify_the_Response_code_is(String)
      java.lang.AssertionError: Expected Status code as per test cases is = 201 but Status code recieved is = 200 was found instead...
      Body coming from backend is-->{
          "status": "success",
          "data": [
              {
                  "id": "1",
                  "employee_name": "Tiger Nixon",
                  "employee_salary": "320800",
                  "employee_age": "61",
                  "profile_image": ""
              },
              {
                  "id": "2",
                  "employee_name": "Garrett Winters",
                  "employee_salary": "170750",
                  "employee_age": "63",
                  "profile_image": ""
              },
              {
                  "id": "3",
                  "employee_name": "Ashton Cox",
                  "employee_salary": "86000",
                  "employee_age": "66",
                  "profile_image": ""
              },
              {
                  "id": "4",
                  "employee_name": "Cedric Kelly",
                  "employee_salary": "433060",
                  "employee_age": "22",
                  "profile_image": ""
              },
              {
                  "id": "5",
                  "employee_name": "Airi Satou",
                  "employee_salary": "162700",
                  "employee_age": "33",
                  "profile_image": ""
              },
              {
                  "id": "6",
                  "employee_name": "Brielle Williamson",
                  "employee_salary": "372000",
                  "employee_age": "61",
                  "profile_image": ""
              },
              {
                  "id": "7",
                  "employee_name": "Herrod Chandler",
                  "employee_salary": "137500",
                  "employee_age": "59",
                  "profile_image": ""
              },
              {
                  "id": "8",
                  "employee_name": "Rhona Davidson",
                  "employee_salary": "327900",
                  "employee_age": "55",
                  "profile_image": ""
              },
              {
                  "id": "9",
                  "employee_name": "Colleen Hurst",
                  "employee_salary": "205500",
                  "employee_age": "39",
                  "profile_image": ""
              },
              {
                  "id": "10",
                  "employee_name": "Sonya Frost",
                  "employee_salary": "103600",
                  "employee_age": "23",
                  "profile_image": ""
              },
              {
                  "id": "11",
                  "employee_name": "Jena Gaines",
                  "employee_salary": "90560",
                  "employee_age": "30",
                  "profile_image": ""
              },
              {
                  "id": "12",
                  "employee_name": "Quinn Flynn",
                  "employee_salary": "342000",
                  "employee_age": "22",
                  "profile_image": ""
              },
              {
                  "id": "13",
                  "employee_name": "Charde Marshall",
                  "employee_salary": "470600",
                  "employee_age": "36",
                  "profile_image": ""
              },
              {
                  "id": "14",
                  "employee_name": "Haley Kennedy",
                  "employee_salary": "313500",
                  "employee_age": "43",
                  "profile_image": ""
              },
              {
                  "id": "15",
                  "employee_name": "Tatyana Fitzpatrick",
                  "employee_salary": "385750",
                  "employee_age": "19",
                  "profile_image": ""
              },
              {
                  "id": "16",
                  "employee_name": "Michael Silva",
                  "employee_salary": "198500",
                  "employee_age": "66",
                  "profile_image": ""
              },
              {
                  "id": "17",
                  "employee_name": "Paul Byrd",
                  "employee_salary": "725000",
                  "employee_age": "64",
                  "profile_image": ""
              },
              {
                  "id": "18",
                  "employee_name": "Gloria Little",
                  "employee_salary": "237500",
                  "employee_age": "59",
                  "profile_image": ""
              },
              {
                  "id": "19",
                  "employee_name": "Bradley Greer",
                  "employee_salary": "132000",
                  "employee_age": "41",
                  "profile_image": ""
              },
              {
                  "id": "20",
                  "employee_name": "Dai Rios",
                  "employee_salary": "217500",
                  "employee_age": "35",
                  "profile_image": ""
              },
              {
                  "id": "21",
                  "employee_name": "Jenette Caldwell",
                  "employee_salary": "345000",
                  "employee_age": "30",
                  "profile_image": ""
              },
              {
                  "id": "22",
                  "employee_name": "Yuri Berry",
                  "employee_salary": "675000",
                  "employee_age": "40",
                  "profile_image": ""
              },
              {
                  "id": "23",
                  "employee_name": "Caesar Vance",
                  "employee_salary": "106450",
                  "employee_age": "21",
                  "profile_image": ""
              },
              {
                  "id": "24",
                  "employee_name": "Doris Wilder",
                  "employee_salary": "85600",
                  "employee_age": "23",
                  "profile_image": ""
              }
          ]
      }
      	at org.junit.Assert.fail(Assert.java:93)
      	at utility.HTTP_Methods.responseCode(HTTP_Methods.java:72)
      	at stepDefinitionFiles.httpActivity.verify_the_Response_code_is(httpActivity.java:23)
      	at ✽.Then verify the Response code is "201"(TC01 GET All Employees.feature:31)

]]></system-out>
  </testcase>
  <testcase name="feature" classname="testRunnerFile.TestRunner" time="4.503">
    <failure message="java.lang.AssertionError: The difference in the response is --&gt;[{&quot;op&quot;:&quot;remove&quot;,&quot;path&quot;:&quot;/Himashu&quot;},{&quot;op&quot;:&quot;add&quot;,&quot;path&quot;:&quot;/message&quot;,&quot;value&quot;:&quot;Error Occured! Page Not found, contact rstapi2example@gmail.com&quot;}]&#10; Actual Response from Backend is --&gt; {&#10;    &quot;message&quot;: &quot;Error Occured! Page Not found, contact rstapi2example@gmail.com&quot;&#10;}" type="cucumber.runtime.CucumberException">cucumber.runtime.CucumberException: 
java.lang.AssertionError: The difference in the response is -->[{"op":"remove","path":"/Himashu"},{"op":"add","path":"/message","value":"Error Occured! Page Not found, contact rstapi2example@gmail.com"}]
 Actual Response from Backend is --> {
    "message": "Error Occured! Page Not found, contact rstapi2example@gmail.com"
}
	at testRunnerFile.TestRunner.feature(TestRunner.java:29)
Caused by: java.lang.AssertionError: 
The difference in the response is -->[{"op":"remove","path":"/Himashu"},{"op":"add","path":"/message","value":"Error Occured! Page Not found, contact rstapi2example@gmail.com"}]
 Actual Response from Backend is --> {
    "message": "Error Occured! Page Not found, contact rstapi2example@gmail.com"
}
</failure>
    <system-out><![CDATA[@AllEmployees
Feature: TC02 (POST) All Employees

  Scenario: Positive Scenario (200 Ok Response)                     # TC02 POST All Employees.feature:6
    Given the URL is "http://dummy.restapiexample.com/api/v1"       # httpActivity.the_URL_is(String)
    And the request payload is                                      # httpActivity.the_request_payload_is(String)
      """
      {
      "name": "test_gk_unique",
      "salary": "123",
      "age": "23"
      }
      """
    When the HTTP request type is "POST"  and resource is "/create" # httpActivity.the_HTTP_request_type_is_and_resource_is(String,String)
    Then verify the Response code is "200"                          # httpActivity.verify_the_Response_code_is(String)
    And ignore attribute "data" and verify the Response schema      # httpActivity.ignore_attribute_and_verify_the_Response_schema(String,String)
      """
      {
      "status": "success",
      "data": {
      "id": 932
      },
      "message": "Successfully! Record has been added."
      }
      """

  Scenario: Negative Scenario (404 Not Found Response)             # TC02 POST All Employees.feature:30
    Given the URL is "http://dummy.restapiexample.com/api/v1"      # httpActivity.the_URL_is(String)
    When the HTTP request type is "GET"  and resource is "/create" # httpActivity.the_HTTP_request_type_is_and_resource_is(String,String)
    Then verify the Response code is "404"                         # httpActivity.verify_the_Response_code_is(String)
    And ignore attribute "" and verify the Response schema         # httpActivity.ignore_attribute_and_verify_the_Response_schema(String,String)
      """
      {
      "message": "Error Occured! Page Not found, contact rstapi2example@gmail.com"
      }
      """
{
    "message": "Error Occured! Page Not found, contact rstapi2example@gmail.com"
}

  Scenario: Hard Failure Scenario (Incorrect Body Validation)      # TC02 POST All Employees.feature:44
    Given the URL is "http://dummy.restapiexample.com/api/v1"      # httpActivity.the_URL_is(String)
    When the HTTP request type is "GET"  and resource is "/create" # httpActivity.the_HTTP_request_type_is_and_resource_is(String,String)
    Then verify the Response code is "404"                         # httpActivity.verify_the_Response_code_is(String)
    And ignore attribute "" and verify the Response schema         # httpActivity.ignore_attribute_and_verify_the_Response_schema(String,String)
      """
      {
      "Himashu": "Dhingra"
      }
      """
      java.lang.AssertionError: The difference in the response is -->[{"op":"remove","path":"/Himashu"},{"op":"add","path":"/message","value":"Error Occured! Page Not found, contact rstapi2example@gmail.com"}]
       Actual Response from Backend is --> {
          "message": "Error Occured! Page Not found, contact rstapi2example@gmail.com"
      }
      	at org.junit.Assert.fail(Assert.java:93)
      	at utility.HTTP_Methods.responseAssertion(HTTP_Methods.java:102)
      	at stepDefinitionFiles.httpActivity.ignore_attribute_and_verify_the_Response_schema(httpActivity.java:29)
      	at ✽.And ignore attribute "" and verify the Response schema(TC02 POST All Employees.feature:48)

]]></system-out>
  </testcase>
  <testcase name="feature" classname="testRunnerFile.TestRunner" time="3.05">
    <failure message="java.lang.AssertionError: Expected Status code as per test cases is = 400 but Status code recieved is = 429 was found instead...&#10;Body coming from backend is--&gt;&lt;html lang=&quot;en&quot;&gt;&#10;  &lt;head&gt;&#10;    &lt;meta charset=&quot;utf-8&quot;/&gt;&#10;    &lt;script data-ezscrex=&quot;false&quot; data-cfasync=&quot;false&quot; data-pagespeed-no-defer=&quot;data-pagespeed-no-defer&quot;&gt;var __ez=__ez||{};__ez.stms=Date.now();__ez.evt={};__ez.script={};__ez.ck=__ez.ck||{};__ez.template={};__ez.template.isOrig=false;__ez.queue=(function(){var count=0,incr=0,items=[],timeDelayFired=false,hpItems=[],lpItems=[],allowLoad=true;var obj={func:function(name,funcName,parameters,isBlock,blockedBy,deleteWhenComplete,proceedIfError){var self=this;this.name=name;this.funcName=funcName;this.parameters=parameters===null?null:(parameters instanceof Array)?parameters:[parameters];this.isBlock=isBlock;this.blockedBy=blockedBy;this.deleteWhenComplete=deleteWhenComplete;this.isError=false;this.isComplete=false;this.isInitialized=false;this.proceedIfError=proceedIfError;this.isTimeDelay=false;this.process=function(){log(&quot;... func = &quot;+name);self.isInitialized=true;self.isComplete=true;log(&quot;... func.apply: &quot;+name);var funcs=self.funcName.split(&apos;.&apos;);var func=null;if(funcs.length&amp;gt;3){}else if(funcs.length===3){func=window[funcs[0]][funcs[1]][funcs[2]];}else if(funcs.length===2){func=window[funcs[0]][funcs[1]];}else{func=window[self.funcName];}&#10;if(typeof func!==&apos;undefined&apos;&amp;amp;&amp;amp;func!==null){func.apply(null,this.parameters);}&#10;if(self.deleteWhenComplete===true)delete items[name];if(self.isBlock===true){log(&quot;----- F&apos;D: &quot;+self.name);processAll();}}},file:function(name,path,isBlock,blockedBy,async,defer,proceedIfError){var self=this;this.name=name;this.path=path;this.async=async;this.defer=defer;this.isBlock=isBlock;this.blockedBy=blockedBy;this.isInitialized=false;this.isError=false;this.isComplete=false;this.proceedIfError=proceedIfError;this.isTimeDelay=false;this.process=function(){self.isInitialized=true;log(&quot;... file = &quot;+name);var scr=document.createElement(&apos;script&apos;);scr.src=path;if(async===true)scr.async=true;else if(defer===true)scr.defer=true;scr.onerror=function(){log(&quot;----- ERR&apos;D: &quot;+self.name);self.isError=true;if(self.isBlock===true){processAll();}};scr.onreadystatechange=scr.onload=function(){var state=scr.readyState;log(&quot;----- F&apos;D: &quot;+self.name);if((!state||/loaded|complete/.test(state))){self.isComplete=true;if(self.isBlock===true){processAll();}}};document.getElementsByTagName(&apos;head&apos;)[0].appendChild(scr);}}};function init(){window.addEventListener(&quot;load&quot;,function(){setTimeout(function(){timeDelayFired=true;log(&apos;TDELAY -----&apos;);processAll();},5000);},false);}&#10;function addFile(name,path,isBlock,blockedBy,async,defer,proceedIfError,priority){var item=new obj.file(name,path,isBlock,blockedBy,async,defer,proceedIfError);if(priority===true){hpItems[name]=item}else{lpItems[name]=item}&#10;items[name]=item;checkIfBlocked(item);}&#10;function setallowLoad(settobool){allowLoad=settobool}&#10;function addFunc(name,func,parameters,isBlock,blockedBy,autoInc,deleteWhenComplete,proceedIfError,priority){if(autoInc===true)name=name+&quot;_&quot;+incr++;var item=new obj.func(name,func,parameters,isBlock,blockedBy,deleteWhenComplete,proceedIfError);if(priority===true){hpItems[name]=item}else{lpItems[name]=item}&#10;items[name]=item;checkIfBlocked(item);}&#10;function addTimeDelayFile(name,path){var item=new obj.file(name,path,false,[],false,false,true);item.isTimeDelay=true;log(name+&apos; ... &apos;+&apos; FILE! TDELAY&apos;);lpItems[name]=item;items[name]=item;checkIfBlocked(item);}&#10;function addTimeDelayFunc(name,func,parameters){var item=new obj.func(name,func,parameters,false,[],true,true);item.isTimeDelay=true;log(name+&apos; ... &apos;+&apos; FUNCTION! TDELAY&apos;);lpItems[name]=item;items[name]=item;checkIfBlocked(item);}&#10;function checkIfBlocked(item){if(isBlocked(item)===true||allowLoad==false)return;item.process();}&#10;function isBlocked(item){if(item.isTimeDelay===true&amp;amp;&amp;amp;timeDelayFired===false){log(item.name+&quot; blocked = TIME DELAY!&quot;);return true;}&#10;if(item.blockedBy instanceof Array){for(var i=0;i&amp;lt;item.blockedBy.length;i++){var block=item.blockedBy[i];if(items.hasOwnProperty(block)===false){log(item.name+&quot; blocked = &quot;+block);return true;}else if(item.proceedIfError===true&amp;amp;&amp;amp;items[block].isError===true){return false;}else if(items[block].isComplete===false){log(item.name+&quot; blocked = &quot;+block);return true;}}}&#10;return false;}&#10;function log(msg){var href=window.location.href;var reg=new RegExp(&apos;[?&amp;amp;]ezq=([^&amp;amp;#]*)&apos;,&apos;i&apos;);var string=reg.exec(href);var res=string?string[1]:null;if(res===&quot;1&quot;)console.debug(msg);}&#10;function processAll(){count++;if(count&amp;gt;200)return;log(&quot;let&apos;s go&quot;);processItems(hpItems);processItems(lpItems);}&#10;function processItems(list){for(var i in list){if(list.hasOwnProperty(i)===false)continue;var item=list[i];if(item.isComplete===true||isBlocked(item)||item.isInitialized===true||item.isError===true){if(item.isError===true){log(item.name+&apos;: error&apos;)}else if(item.isComplete===true){log(item.name+&apos;: complete already&apos;)}else if(item.isInitialized===true){log(item.name+&apos;: initialized already&apos;)}}else{item.process();}}}&#10;init();return{addFile:addFile,addDelayFile:addTimeDelayFile,addFunc:addFunc,addDelayFunc:addTimeDelayFunc,items:items,processAll:processAll,setallowLoad:setallowLoad};})();__ez.evt.add=function(e,t,n){e.addEventListener?e.addEventListener(t,n,!1):e.attachEvent?e.attachEvent(&quot;on&quot;+t,n):e[&quot;on&quot;+t]=n()},__ez.evt.remove=function(e,t,n){e.removeEventListener?e.removeEventListener(t,n,!1):e.detachEvent?e.detachEvent(&quot;on&quot;+t,n):delete e[&quot;on&quot;+t]};__ez.script.add=function(e){var t=document.createElement(&quot;script&quot;);t.src=e,t.async=!0,t.type=&quot;text/javascript&quot;,document.getElementsByTagName(&quot;head&quot;)[0].appendChild(t)};__ez.queue.addFile(&apos;/detroitchicago/boise.js&apos;, &apos;/detroitchicago/boise.js?gcb=191-6&amp;amp;cb=1&apos;, false, [], true, false, true, false);__ez.dot={};__ez.queue.addFile(&apos;/detroitchicago/memphis.js&apos;, &apos;/detroitchicago/memphis.js?gcb=191-6&amp;amp;cb=1&apos;, false, [], true, false, true, false);__ez.queue.addFile(&apos;/detroitchicago/minneapolis.js&apos;, &apos;/detroitchicago/minneapolis.js?gcb=191-6&amp;amp;cb=1&apos;, false, [], true, false, true, false);__ez.vep=(function(){var pixels=[],pxURL=&quot;/detroitchicago/grapefruit.gif&quot;;function AddPixel(vID,pixelData){if(__ez.dot.isDefined(vID)&amp;amp;&amp;amp;__ez.dot.isValid(pixelData)){pixels.push({type:&apos;video&apos;,video_impression_id:vID,domain_id:__ez.dot.getDID(),t_epoch:__ez.dot.getEpoch(0),data:__ez.dot.dataToStr(pixelData)});}}&#10;function Fire(){if(typeof document.visibilityState!==&apos;undefined&apos;&amp;amp;&amp;amp;document.visibilityState===&quot;prerender&quot;){return;}&#10;if(__ez.dot.isDefined(pixels)&amp;amp;&amp;amp;pixels.length&amp;gt;0){while(pixels.length&amp;gt;0){var j=5;if(j&amp;gt;pixels.length){j=pixels.length;}&#10;var pushPixels=pixels.splice(0,j);(new Image()).src=__ez.dot.getURL(pxURL)+&quot;?orig=&quot;+(__ez.template.isOrig===true?1:0)+&quot;&amp;amp;v=&quot;+btoa(JSON.stringify(pushPixels));}}&#10;pixels=[];}&#10;return{Add:AddPixel,Fire:Fire};})();&lt;/script&gt;&#10;    &lt;script data-ezscrex=&quot;false&quot; data-cfasync=&quot;false&quot; data-pagespeed-no-defer=&quot;data-pagespeed-no-defer&quot;&gt;__ez.pel=(function(){var pixels=[],pxURL=&quot;/porpoiseant/army.gif&quot;;function AddAndFirePixel(adSlot,pixelData){AddPixel(adSlot,pixelData,0,0,0,0,0);Fire();}&#10;function GetCurrentPixels(){return pixels;}&#10;function AddPixel(adSlot,pixelData,revenue,est_revenue,bid_floor_filled,bid_floor_prev,stat_source_id){if(!__ez.dot.isDefined(adSlot)||__ez.dot.isAnyDefined(adSlot.getSlotElementId,adSlot.ElementId)==false){return;}&#10;var ad_position_id=parseInt(__ez.dot.getTargeting(adSlot,&apos;ap&apos;));var impId=__ez.dot.getSlotIID(adSlot),adUnit=__ez.dot.getAdUnit(adSlot);var compId=parseInt(__ez.dot.getTargeting(adSlot,&quot;compid&quot;));var lineItemId=0;var creativeId=0;var ezimData=getEzimData(adSlot);if(typeof ezimData==&apos;object&apos;){if(ezimData.creative_id!==undefined){creativeId=ezimData.creative_id;}&#10;if(ezimData.line_item_id!==undefined){lineItemId=ezimData.line_item_id;}}&#10;if(__ez.dot.isDefined(impId,adUnit)&amp;amp;&amp;amp;__ez.dot.isValid(pixelData)){pixels.push({type:&quot;impression&quot;,impression_id:impId,domain_id:__ez.dot.getDID(),unit:adUnit,t_epoch:__ez.dot.getEpoch(0),revenue:revenue,est_revenue:est_revenue,ad_position:ad_position_id,ad_size:&quot;&quot;,bid_floor_filled:bid_floor_filled,bid_floor_prev:bid_floor_prev,stat_source_id:stat_source_id,country_code:__ez.dot.getCC(),pageview_id:__ez.dot.getPageviewId(),comp_id:compId,line_item_id:lineItemId,creative_id:creativeId,data:__ez.dot.dataToStr(pixelData)});}}&#10;function AddPixelById(impFullId,pixelData){var vals=impFullId.split(&apos;/&apos;);if(__ez.dot.isDefined(impFullId)&amp;amp;&amp;amp;vals.length===3&amp;amp;&amp;amp;__ez.dot.isValid(pixelData)){var adUnit=vals[0],impId=vals[2];pixels.push({type:&quot;impression&quot;,impression_id:impId,domain_id:__ez.dot.getDID(),unit:adUnit,t_epoch:__ez.dot.getEpoch(0),pageview_id:__ez.dot.getPageviewId(),data:__ez.dot.dataToStr(pixelData)});}}&#10;function Fire(){if(typeof document.visibilityState!==&apos;undefined&apos;&amp;amp;&amp;amp;document.visibilityState===&quot;prerender&quot;)return;if(__ez.dot.isDefined(pixels)&amp;amp;&amp;amp;pixels.length&amp;gt;0){while(pixels.length&amp;gt;0){var j=5;if(j&amp;gt;pixels.length){j=pixels.length;}&#10;var pushPixels=pixels.splice(0,j);var pixelURL=__ez.dot.getURL(pxURL)+&quot;?orig=&quot;+(__ez.template.isOrig===true?1:0)+&quot;&amp;amp;sts=&quot;+btoa(JSON.stringify(pushPixels));if(typeof window.isAmp!==&apos;undefined&apos;&amp;amp;&amp;amp;isAmp&amp;amp;&amp;amp;typeof window._ezaq!==&apos;undefined&apos;&amp;amp;&amp;amp;_ezaq.hasOwnProperty(&quot;domain_id&quot;)){pixelURL+=&quot;&amp;amp;visit_uuid=&quot;+_ezaq[&apos;visit_uuid&apos;];}&#10;(new Image()).src=pixelURL;}}&#10;pixels=[];}&#10;function getEzimData(adSlot){if(typeof _ezim_d==&quot;undefined&quot;){return false}&#10;var adUnitName=__ez.dot.getAdUnitPath(adSlot).split(&apos;/&apos;).pop();if(typeof _ezim_d===&apos;object&apos;&amp;amp;&amp;amp;_ezim_d.hasOwnProperty(adUnitName)){return _ezim_d[adUnitName];}&#10;for(var ezimKey in _ezim_d){if(ezimKey.split(&apos;/&apos;).pop()===adUnitName){return _ezim_d[ezimKey];}}&#10;return false;}&#10;return{Add:AddPixel,AddAndFire:AddAndFirePixel,AddById:AddPixelById,Fire:Fire,GetPixels:GetCurrentPixels,};})();__ez.queue.addFile(&apos;/detroitchicago/raleigh.js&apos;, &apos;/detroitchicago/raleigh.js?gcb=191-6&amp;amp;cb=1&apos;, false, [], true, false, true, false);__ez.queue.addFile(&apos;/detroitchicago/tampa.js&apos;, &apos;/detroitchicago/tampa.js?gcb=191-6&amp;amp;cb=1&apos;, false, [], true, false, true, false);&lt;/script&gt;&#10;    &lt;script data-ezscrex=&quot;false&quot; type=&quot;text/javascript&quot; data-cfasync=&quot;false&quot;&gt;var _ezaq = {&quot;ad_cache_level&quot;:0,&quot;ad_count_adjustment&quot;:0,&quot;ad_lazyload_version&quot;:0,&quot;ad_location_ids&quot;:&quot;&quot;,&quot;ad_transform_level&quot;:0,&quot;adx_ad_count&quot;:0,&quot;bidder_method&quot;:1,&quot;bidder_version&quot;:3,&quot;city&quot;:&quot;Frankfurt am Main&quot;,&quot;country&quot;:&quot;DE&quot;,&quot;days_since_last_visit&quot;:-1,&quot;display_ad_count&quot;:0,&quot;domain_id&quot;:133674,&quot;ds_adsize_opt_id&quot;:-1,&quot;engaged_time_visit&quot;:0,&quot;ezcache_level&quot;:1,&quot;forensiq_score&quot;:-1,&quot;form_factor_id&quot;:1,&quot;framework_id&quot;:1,&quot;has_bad_image&quot;:0,&quot;has_bad_words&quot;:0,&quot;iab_category&quot;:&quot;&quot;,&quot;is_from_recommended_pages&quot;:false,&quot;is_return_visitor&quot;:false,&quot;is_sitespeed&quot;:0,&quot;last_page_load&quot;:&quot;&quot;,&quot;last_pageview_id&quot;:&quot;&quot;,&quot;lt_cache_level&quot;:0,&quot;max_ads&quot;:0,&quot;metro_code&quot;:0,&quot;optimization_version&quot;:1,&quot;page_ad_positions&quot;:&quot;&quot;,&quot;page_view_count&quot;:0,&quot;page_view_id&quot;:&quot;523b02cf-c96a-4f9f-5f28-a93c742c266d&quot;,&quot;position_selection_id&quot;:0,&quot;postal_code&quot;:&quot;60326&quot;,&quot;pv_event_count&quot;:0,&quot;response_time_orig&quot;:683,&quot;serverid&quot;:&quot;3.125.120.146:29867&quot;,&quot;state&quot;:&quot;HE&quot;,&quot;sub_page_ad_positions&quot;:&quot;&quot;,&quot;t_epoch&quot;:1600027943,&quot;template_id&quot;:0,&quot;time_on_site_visit&quot;:0,&quot;url&quot;:&quot;http://dummy.restapiexample.com/api/v1/employee/0&quot;,&quot;user_id&quot;:0,&quot;word_count&quot;:0,&quot;worst_bad_word_level&quot;:0};var _ezim_d = null;var _ezat = {&quot;domain_id&quot;:133674,&quot;form_factor_id&quot;:1,&quot;framework_id&quot;:1,&quot;pageview_date&quot;:&quot;2020-09-13&quot;,&quot;pageview_id&quot;:&quot;523b02cf-c96a-4f9f-5f28-a93c742c266d&quot;,&quot;template_id&quot;:0,&quot;url&quot;:&quot;http://dummy.restapiexample.com/api/v1/employee/0&quot;,&quot;visit_uuid&quot;:&quot;e96aba20-21d2-4298-7981-35732f3e0e62&quot;};&lt;/script&gt;&#10;    &lt;script data-ezscrex=&quot;false&quot; data-pagespeed-no-defer=&quot;data-pagespeed-no-defer&quot; data-cfasync=&quot;false&quot; type=&quot;text/javascript&quot;&gt;__ez.queue.addFile(&apos;banger.js&apos;, &apos;/porpoiseant/banger.js?cb=191-6&amp;amp;bv=86&amp;amp;v=35&amp;amp;PageSpeed=off&apos;, true, [], true, false, false, true);&lt;/script&gt;&#10;    &lt;script data-ezscrex=&quot;false&quot; data-cfasync=&quot;false&quot;&gt;(function(){if(&quot;function&quot;===typeof window.CustomEvent)return!1;window.CustomEvent=function(c,a){a=a||{bubbles:!1,cancelable:!1,detail:null};var b=document.createEvent(&quot;CustomEvent&quot;);b.initCustomEvent(c,a.bubbles,a.cancelable,a.detail);return b}})();&lt;/script&gt;&#10;    &lt;script data-ezscrex=&quot;false&quot; data-cfasync=&quot;false&quot;&gt;__ez.queue.addFile(&apos;/detroitchicago/tulsa.js&apos;, &apos;/detroitchicago/tulsa.js?gcb=191-6&amp;amp;cb=2&apos;, false, [], true, false, true, false);&lt;/script&gt;&#10;    &lt;meta name=&quot;viewport&quot; content=&quot;width=device-width, initial-scale=1&quot;/&gt;&#10;    &lt;title&gt;Too Many Requests&lt;/title&gt;&#10;    &lt;link rel=&quot;dns-prefetch&quot; href=&quot;//fonts.gstatic.com&quot;/&gt;&#10;    &lt;link href=&quot;https://fonts.googleapis.com/css?family=Nunito&quot; rel=&quot;stylesheet&quot;/&gt;&#10;    &lt;style&gt;&#10;            html, body {&#10;                background-color: #fff;&#10;                color: #636b6f;&#10;                font-family: &apos;Nunito&apos;, sans-serif;&#10;                font-weight: 100;&#10;                height: 100vh;&#10;                margin: 0;&#10;            }&#10;&#10;            .full-height {&#10;                height: 100vh;&#10;            }&#10;&#10;            .flex-center {&#10;                align-items: center;&#10;                display: flex;&#10;                justify-content: center;&#10;            }&#10;&#10;            .position-ref {&#10;                position: relative;&#10;            }&#10;&#10;            .code {&#10;                border-right: 2px solid;&#10;                font-size: 26px;&#10;                padding: 0 15px 0 15px;&#10;                text-align: center;&#10;            }&#10;&#10;            .message {&#10;                font-size: 18px;&#10;                text-align: center;&#10;            }&#10;        &lt;/style&gt;&#10;    &lt;script data-ezscrex=&quot;false&quot; data-cfasync=&quot;false&quot; type=&quot;text/javascript&quot;&gt;window.google_analytics_uacct = &quot;UA-131129777-14&quot;;&lt;/script&gt;&#10;    &lt;script data-ezscrex=&quot;false&quot; data-cfasync=&quot;false&quot; type=&quot;text/javascript&quot;&gt;&#10;var _gaq = _gaq || [];&#10;_gaq.push([&apos;e._setAccount&apos;, &apos;UA-131129777-14&apos;]);&#10;_gaq.push([&apos;f._setAccount&apos;, &apos;UA-38339005-1&apos;]);&#10;_gaq.push([&apos;e._setDomainName&apos;, &apos;restapiexample.com&apos;]);&#10;_gaq.push([&apos;f._setDomainName&apos;, &apos;restapiexample.com&apos;]);&#10;_gaq.push([&apos;e._setCustomVar&apos;,1,&apos;template&apos;,&apos;pub_site_noads&apos;,3]);&#10;_gaq.push([&apos;e._setCustomVar&apos;,2,&apos;t&apos;,&apos;147&apos;,3]);&#10;_gaq.push([&apos;e._setCustomVar&apos;,3,&apos;rid&apos;,&apos;0&apos;,2]);&#10;_gaq.push([&apos;e._setCustomVar&apos;,4,&apos;bra&apos;,&apos;mod1&apos;,3]);&#10;_gaq.push([&apos;e._setAllowAnchor&apos;,true]);&#10;_gaq.push([&apos;e._setSiteSpeedSampleRate&apos;, 10]);&#10;_gaq.push([&apos;f._setCustomVar&apos;,1,&apos;template&apos;,&apos;pub_site_noads&apos;,3]);&#10;_gaq.push([&apos;f._setCustomVar&apos;,2,&apos;domain&apos;,&apos;restapiexample.com&apos;,3]);&#10;_gaq.push([&apos;f._setSiteSpeedSampleRate&apos;, 20]);&#10;_gaq.push([&apos;e._trackPageview&apos;]);&#10;_gaq.push([&apos;f._trackPageview&apos;]);&#10;&#10;&#10;(function() {&#10; var ga = document.createElement(&apos;script&apos;); ga.type = &apos;text/javascript&apos;; ga.async = true;&#10; ga.src = (&apos;https:&apos; == document.location.protocol ? &apos;https://ssl&apos; : &apos;http://www&apos;) + &apos;.google-analytics.com/ga.js&apos;;&#10; var s = document.getElementsByTagName(&apos;script&apos;)[0]; s.parentNode.insertBefore(ga, s);&#10;})();&#10;&lt;/script&gt;&#10;    &lt;script type=&quot;text/javascript&quot;&gt;var ezouid = &quot;1&quot;;&lt;/script&gt;&#10;    &lt;base href=&quot;http://dummy.restapiexample.com/api/v1/employee/0&quot;/&gt;&#10;    &lt;script type=&quot;text/javascript&quot;&gt;&#10;var ezoTemplate = &apos;pub_site_noads&apos;;&#10;if(typeof ezouid == &apos;undefined&apos;)&#10;{&#10;    var ezouid = &apos;none&apos;;&#10;}&#10;var ezoFormfactor = &apos;1&apos;;&#10;var ezo_elements_to_check = Array();&#10;&lt;/script&gt;&#10;    &lt;script data-ezscrex=&quot;false&quot; type=&quot;text/javascript&quot;&gt;&#10;var soc_app_id = &apos;0&apos;;&#10;var did = 133674;&#10;var ezdomain = &apos;restapiexample.com&apos;;&#10;var ezoicSearchable = 1;&#10;&lt;/script&gt;&#10;    &lt;script data-ezscrex=&quot;false&quot; data-pagespeed-no-defer=&quot;data-pagespeed-no-defer&quot; data-cfasync=&quot;false&quot;&gt;&#10;function create_ezolpl(pvID, rv) {&#10;    var d = new Date();&#10;    d.setTime(d.getTime() + (365*24*60*60*1000));&#10;    var expires = &quot;expires=&quot;+d.toUTCString();&#10;    __ez.ck.setByCat(&quot;ezux_lpl_133674=&quot; + new Date().getTime() + &quot;|&quot; + pvID + &quot;|&quot; + rv + &quot;; &quot; + expires, 3);&#10;}&#10;function attach_ezolpl(pvID, rv) {&#10;    if (document.readyState === &quot;complete&quot;) {&#10;        create_ezolpl(pvID, rv);&#10;    }&#10;    if(window.attachEvent) {&#10;        window.attachEvent(&quot;onload&quot;, create_ezolpl, pvID, rv);&#10;    } else {&#10;        if(window.onload) {&#10;            var curronload = window.onload;&#10;            var newonload = function(evt) {&#10;                curronload(evt);&#10;                create_ezolpl(pvID, rv);&#10;            };&#10;            window.onload = newonload;&#10;        } else {&#10;            window.onload = create_ezolpl.bind(null, pvID, rv);&#10;        }&#10;    }&#10;}&#10;&#10;__ez.queue.addFunc(&quot;attach_ezolpl&quot;, &quot;attach_ezolpl&quot;, [&quot;523b02cf-c96a-4f9f-5f28-a93c742c266d&quot;, &quot;false&quot;], false, [&apos;/detroitchicago/boise.js&apos;], true, false, false, false);&#10;&lt;/script&gt;&#10;  &lt;/head&gt;&#10;  &lt;body&gt;&#10;    &lt;div class=&quot;flex-center position-ref full-height&quot;&gt;&#10;      &lt;div class=&quot;code&quot;&gt;&#10;                429            &lt;/div&gt;&#10;      &lt;div class=&quot;message&quot; style=&quot;padding: 10px;&quot;&gt;&#10;                Too Many Requests            &lt;/div&gt;&#10;    &lt;/div&gt;&#10;    &lt;script type=&quot;text/javascript&quot; style=&quot;display:none;&quot;&gt;var __ez_dims = (function() {&#10;		var setCookie = function( name, content, expiry ) {&#10;			return document.cookie = name+&apos;=&apos;+content+((expiry)?&apos;;expires=&apos;+(new Date(Math.floor(new Date().getTime()+expiry*1000)).toUTCString()):&apos;&apos;)+&apos;;path=/&apos;;&#10;		};&#10;		var ffid = 1;&#10;		var oh = window.screen.height;&#10;		var ow = window.screen.width;&#10;		var h = ffid === 1 ? oh : (oh &amp;gt; ow) ? oh : ow;&#10;		var w = ffid === 1 ? ow : (oh &amp;gt; ow) ? ow : oh;&#10;		var uh = window.innerHeight || document.documentElement.clientHeight || document.getElementsByTagName(&apos;body&apos;)[0].clientHeight;&#10;		var uw = window.innerWidth || document.documentElement.clientWidth || document.getElementsByTagName(&apos;body&apos;)[0].clientWidth;&#10;		setCookie(&apos;ezds&apos;, encodeURIComponent(&apos;ffid=&apos;+ffid+&apos;,w=&apos;+w+&apos;,h=&apos;+h), (31536e3*7));&#10;		setCookie(&apos;ezohw&apos;, encodeURIComponent(&apos;w=&apos;+uw+&apos;,h=&apos;+uh), (31536e3*7));&#10;	})();&lt;/script&gt;&#10;    &lt;script type=&quot;text/javascript&quot; style=&quot;display:none;&quot; async=&quot;async&quot;&gt;&#10;__ez.queue.addFile(&apos;edmonton.php&apos;, &apos;/detroitchicago/edmonton.webp?a=a&amp;amp;cb=191-6&amp;amp;shcb=34&apos;, true, [&apos;/detroitchicago/minneapolis.js&apos;], true, false, false, false);&#10;__ez.queue.addFile(&apos;jellyfish.php&apos;, &apos;/porpoiseant/jellyfish.webp?a=a&amp;amp;cb=191-6&amp;amp;shcb=34&apos;, false, [], true, false, false, false);&#10;&lt;/script&gt;&#10;    &lt;script type=&quot;text/javascript&quot; data-cfasync=&quot;false&quot;/&gt;&#10;  &lt;/body&gt;&#10;&lt;/html&gt;" type="cucumber.runtime.CucumberException"><![CDATA[cucumber.runtime.CucumberException: 
java.lang.AssertionError: Expected Status code as per test cases is = 400 but Status code recieved is = 429 was found instead...
Body coming from backend is--><html lang="en">
  <head>
    <meta charset="utf-8"/>
    <script data-ezscrex="false" data-cfasync="false" data-pagespeed-no-defer="data-pagespeed-no-defer">var __ez=__ez||{};__ez.stms=Date.now();__ez.evt={};__ez.script={};__ez.ck=__ez.ck||{};__ez.template={};__ez.template.isOrig=false;__ez.queue=(function(){var count=0,incr=0,items=[],timeDelayFired=false,hpItems=[],lpItems=[],allowLoad=true;var obj={func:function(name,funcName,parameters,isBlock,blockedBy,deleteWhenComplete,proceedIfError){var self=this;this.name=name;this.funcName=funcName;this.parameters=parameters===null?null:(parameters instanceof Array)?parameters:[parameters];this.isBlock=isBlock;this.blockedBy=blockedBy;this.deleteWhenComplete=deleteWhenComplete;this.isError=false;this.isComplete=false;this.isInitialized=false;this.proceedIfError=proceedIfError;this.isTimeDelay=false;this.process=function(){log("... func = "+name);self.isInitialized=true;self.isComplete=true;log("... func.apply: "+name);var funcs=self.funcName.split('.');var func=null;if(funcs.length&gt;3){}else if(funcs.length===3){func=window[funcs[0]][funcs[1]][funcs[2]];}else if(funcs.length===2){func=window[funcs[0]][funcs[1]];}else{func=window[self.funcName];}
if(typeof func!=='undefined'&amp;&amp;func!==null){func.apply(null,this.parameters);}
if(self.deleteWhenComplete===true)delete items[name];if(self.isBlock===true){log("----- F'D: "+self.name);processAll();}}},file:function(name,path,isBlock,blockedBy,async,defer,proceedIfError){var self=this;this.name=name;this.path=path;this.async=async;this.defer=defer;this.isBlock=isBlock;this.blockedBy=blockedBy;this.isInitialized=false;this.isError=false;this.isComplete=false;this.proceedIfError=proceedIfError;this.isTimeDelay=false;this.process=function(){self.isInitialized=true;log("... file = "+name);var scr=document.createElement('script');scr.src=path;if(async===true)scr.async=true;else if(defer===true)scr.defer=true;scr.onerror=function(){log("----- ERR'D: "+self.name);self.isError=true;if(self.isBlock===true){processAll();}};scr.onreadystatechange=scr.onload=function(){var state=scr.readyState;log("----- F'D: "+self.name);if((!state||/loaded|complete/.test(state))){self.isComplete=true;if(self.isBlock===true){processAll();}}};document.getElementsByTagName('head')[0].appendChild(scr);}}};function init(){window.addEventListener("load",function(){setTimeout(function(){timeDelayFired=true;log('TDELAY -----');processAll();},5000);},false);}
function addFile(name,path,isBlock,blockedBy,async,defer,proceedIfError,priority){var item=new obj.file(name,path,isBlock,blockedBy,async,defer,proceedIfError);if(priority===true){hpItems[name]=item}else{lpItems[name]=item}
items[name]=item;checkIfBlocked(item);}
function setallowLoad(settobool){allowLoad=settobool}
function addFunc(name,func,parameters,isBlock,blockedBy,autoInc,deleteWhenComplete,proceedIfError,priority){if(autoInc===true)name=name+"_"+incr++;var item=new obj.func(name,func,parameters,isBlock,blockedBy,deleteWhenComplete,proceedIfError);if(priority===true){hpItems[name]=item}else{lpItems[name]=item}
items[name]=item;checkIfBlocked(item);}
function addTimeDelayFile(name,path){var item=new obj.file(name,path,false,[],false,false,true);item.isTimeDelay=true;log(name+' ... '+' FILE! TDELAY');lpItems[name]=item;items[name]=item;checkIfBlocked(item);}
function addTimeDelayFunc(name,func,parameters){var item=new obj.func(name,func,parameters,false,[],true,true);item.isTimeDelay=true;log(name+' ... '+' FUNCTION! TDELAY');lpItems[name]=item;items[name]=item;checkIfBlocked(item);}
function checkIfBlocked(item){if(isBlocked(item)===true||allowLoad==false)return;item.process();}
function isBlocked(item){if(item.isTimeDelay===true&amp;&amp;timeDelayFired===false){log(item.name+" blocked = TIME DELAY!");return true;}
if(item.blockedBy instanceof Array){for(var i=0;i&lt;item.blockedBy.length;i++){var block=item.blockedBy[i];if(items.hasOwnProperty(block)===false){log(item.name+" blocked = "+block);return true;}else if(item.proceedIfError===true&amp;&amp;items[block].isError===true){return false;}else if(items[block].isComplete===false){log(item.name+" blocked = "+block);return true;}}}
return false;}
function log(msg){var href=window.location.href;var reg=new RegExp('[?&amp;]ezq=([^&amp;#]*)','i');var string=reg.exec(href);var res=string?string[1]:null;if(res==="1")console.debug(msg);}
function processAll(){count++;if(count&gt;200)return;log("let's go");processItems(hpItems);processItems(lpItems);}
function processItems(list){for(var i in list){if(list.hasOwnProperty(i)===false)continue;var item=list[i];if(item.isComplete===true||isBlocked(item)||item.isInitialized===true||item.isError===true){if(item.isError===true){log(item.name+': error')}else if(item.isComplete===true){log(item.name+': complete already')}else if(item.isInitialized===true){log(item.name+': initialized already')}}else{item.process();}}}
init();return{addFile:addFile,addDelayFile:addTimeDelayFile,addFunc:addFunc,addDelayFunc:addTimeDelayFunc,items:items,processAll:processAll,setallowLoad:setallowLoad};})();__ez.evt.add=function(e,t,n){e.addEventListener?e.addEventListener(t,n,!1):e.attachEvent?e.attachEvent("on"+t,n):e["on"+t]=n()},__ez.evt.remove=function(e,t,n){e.removeEventListener?e.removeEventListener(t,n,!1):e.detachEvent?e.detachEvent("on"+t,n):delete e["on"+t]};__ez.script.add=function(e){var t=document.createElement("script");t.src=e,t.async=!0,t.type="text/javascript",document.getElementsByTagName("head")[0].appendChild(t)};__ez.queue.addFile('/detroitchicago/boise.js', '/detroitchicago/boise.js?gcb=191-6&amp;cb=1', false, [], true, false, true, false);__ez.dot={};__ez.queue.addFile('/detroitchicago/memphis.js', '/detroitchicago/memphis.js?gcb=191-6&amp;cb=1', false, [], true, false, true, false);__ez.queue.addFile('/detroitchicago/minneapolis.js', '/detroitchicago/minneapolis.js?gcb=191-6&amp;cb=1', false, [], true, false, true, false);__ez.vep=(function(){var pixels=[],pxURL="/detroitchicago/grapefruit.gif";function AddPixel(vID,pixelData){if(__ez.dot.isDefined(vID)&amp;&amp;__ez.dot.isValid(pixelData)){pixels.push({type:'video',video_impression_id:vID,domain_id:__ez.dot.getDID(),t_epoch:__ez.dot.getEpoch(0),data:__ez.dot.dataToStr(pixelData)});}}
function Fire(){if(typeof document.visibilityState!=='undefined'&amp;&amp;document.visibilityState==="prerender"){return;}
if(__ez.dot.isDefined(pixels)&amp;&amp;pixels.length&gt;0){while(pixels.length&gt;0){var j=5;if(j&gt;pixels.length){j=pixels.length;}
var pushPixels=pixels.splice(0,j);(new Image()).src=__ez.dot.getURL(pxURL)+"?orig="+(__ez.template.isOrig===true?1:0)+"&amp;v="+btoa(JSON.stringify(pushPixels));}}
pixels=[];}
return{Add:AddPixel,Fire:Fire};})();</script>
    <script data-ezscrex="false" data-cfasync="false" data-pagespeed-no-defer="data-pagespeed-no-defer">__ez.pel=(function(){var pixels=[],pxURL="/porpoiseant/army.gif";function AddAndFirePixel(adSlot,pixelData){AddPixel(adSlot,pixelData,0,0,0,0,0);Fire();}
function GetCurrentPixels(){return pixels;}
function AddPixel(adSlot,pixelData,revenue,est_revenue,bid_floor_filled,bid_floor_prev,stat_source_id){if(!__ez.dot.isDefined(adSlot)||__ez.dot.isAnyDefined(adSlot.getSlotElementId,adSlot.ElementId)==false){return;}
var ad_position_id=parseInt(__ez.dot.getTargeting(adSlot,'ap'));var impId=__ez.dot.getSlotIID(adSlot),adUnit=__ez.dot.getAdUnit(adSlot);var compId=parseInt(__ez.dot.getTargeting(adSlot,"compid"));var lineItemId=0;var creativeId=0;var ezimData=getEzimData(adSlot);if(typeof ezimData=='object'){if(ezimData.creative_id!==undefined){creativeId=ezimData.creative_id;}
if(ezimData.line_item_id!==undefined){lineItemId=ezimData.line_item_id;}}
if(__ez.dot.isDefined(impId,adUnit)&amp;&amp;__ez.dot.isValid(pixelData)){pixels.push({type:"impression",impression_id:impId,domain_id:__ez.dot.getDID(),unit:adUnit,t_epoch:__ez.dot.getEpoch(0),revenue:revenue,est_revenue:est_revenue,ad_position:ad_position_id,ad_size:"",bid_floor_filled:bid_floor_filled,bid_floor_prev:bid_floor_prev,stat_source_id:stat_source_id,country_code:__ez.dot.getCC(),pageview_id:__ez.dot.getPageviewId(),comp_id:compId,line_item_id:lineItemId,creative_id:creativeId,data:__ez.dot.dataToStr(pixelData)});}}
function AddPixelById(impFullId,pixelData){var vals=impFullId.split('/');if(__ez.dot.isDefined(impFullId)&amp;&amp;vals.length===3&amp;&amp;__ez.dot.isValid(pixelData)){var adUnit=vals[0],impId=vals[2];pixels.push({type:"impression",impression_id:impId,domain_id:__ez.dot.getDID(),unit:adUnit,t_epoch:__ez.dot.getEpoch(0),pageview_id:__ez.dot.getPageviewId(),data:__ez.dot.dataToStr(pixelData)});}}
function Fire(){if(typeof document.visibilityState!=='undefined'&amp;&amp;document.visibilityState==="prerender")return;if(__ez.dot.isDefined(pixels)&amp;&amp;pixels.length&gt;0){while(pixels.length&gt;0){var j=5;if(j&gt;pixels.length){j=pixels.length;}
var pushPixels=pixels.splice(0,j);var pixelURL=__ez.dot.getURL(pxURL)+"?orig="+(__ez.template.isOrig===true?1:0)+"&amp;sts="+btoa(JSON.stringify(pushPixels));if(typeof window.isAmp!=='undefined'&amp;&amp;isAmp&amp;&amp;typeof window._ezaq!=='undefined'&amp;&amp;_ezaq.hasOwnProperty("domain_id")){pixelURL+="&amp;visit_uuid="+_ezaq['visit_uuid'];}
(new Image()).src=pixelURL;}}
pixels=[];}
function getEzimData(adSlot){if(typeof _ezim_d=="undefined"){return false}
var adUnitName=__ez.dot.getAdUnitPath(adSlot).split('/').pop();if(typeof _ezim_d==='object'&amp;&amp;_ezim_d.hasOwnProperty(adUnitName)){return _ezim_d[adUnitName];}
for(var ezimKey in _ezim_d){if(ezimKey.split('/').pop()===adUnitName){return _ezim_d[ezimKey];}}
return false;}
return{Add:AddPixel,AddAndFire:AddAndFirePixel,AddById:AddPixelById,Fire:Fire,GetPixels:GetCurrentPixels,};})();__ez.queue.addFile('/detroitchicago/raleigh.js', '/detroitchicago/raleigh.js?gcb=191-6&amp;cb=1', false, [], true, false, true, false);__ez.queue.addFile('/detroitchicago/tampa.js', '/detroitchicago/tampa.js?gcb=191-6&amp;cb=1', false, [], true, false, true, false);</script>
    <script data-ezscrex="false" type="text/javascript" data-cfasync="false">var _ezaq = {"ad_cache_level":0,"ad_count_adjustment":0,"ad_lazyload_version":0,"ad_location_ids":"","ad_transform_level":0,"adx_ad_count":0,"bidder_method":1,"bidder_version":3,"city":"Frankfurt am Main","country":"DE","days_since_last_visit":-1,"display_ad_count":0,"domain_id":133674,"ds_adsize_opt_id":-1,"engaged_time_visit":0,"ezcache_level":1,"forensiq_score":-1,"form_factor_id":1,"framework_id":1,"has_bad_image":0,"has_bad_words":0,"iab_category":"","is_from_recommended_pages":false,"is_return_visitor":false,"is_sitespeed":0,"last_page_load":"","last_pageview_id":"","lt_cache_level":0,"max_ads":0,"metro_code":0,"optimization_version":1,"page_ad_positions":"","page_view_count":0,"page_view_id":"523b02cf-c96a-4f9f-5f28-a93c742c266d","position_selection_id":0,"postal_code":"60326","pv_event_count":0,"response_time_orig":683,"serverid":"3.125.120.146:29867","state":"HE","sub_page_ad_positions":"","t_epoch":1600027943,"template_id":0,"time_on_site_visit":0,"url":"http://dummy.restapiexample.com/api/v1/employee/0","user_id":0,"word_count":0,"worst_bad_word_level":0};var _ezim_d = null;var _ezat = {"domain_id":133674,"form_factor_id":1,"framework_id":1,"pageview_date":"2020-09-13","pageview_id":"523b02cf-c96a-4f9f-5f28-a93c742c266d","template_id":0,"url":"http://dummy.restapiexample.com/api/v1/employee/0","visit_uuid":"e96aba20-21d2-4298-7981-35732f3e0e62"};</script>
    <script data-ezscrex="false" data-pagespeed-no-defer="data-pagespeed-no-defer" data-cfasync="false" type="text/javascript">__ez.queue.addFile('banger.js', '/porpoiseant/banger.js?cb=191-6&amp;bv=86&amp;v=35&amp;PageSpeed=off', true, [], true, false, false, true);</script>
    <script data-ezscrex="false" data-cfasync="false">(function(){if("function"===typeof window.CustomEvent)return!1;window.CustomEvent=function(c,a){a=a||{bubbles:!1,cancelable:!1,detail:null};var b=document.createEvent("CustomEvent");b.initCustomEvent(c,a.bubbles,a.cancelable,a.detail);return b}})();</script>
    <script data-ezscrex="false" data-cfasync="false">__ez.queue.addFile('/detroitchicago/tulsa.js', '/detroitchicago/tulsa.js?gcb=191-6&amp;cb=2', false, [], true, false, true, false);</script>
    <meta name="viewport" content="width=device-width, initial-scale=1"/>
    <title>Too Many Requests</title>
    <link rel="dns-prefetch" href="//fonts.gstatic.com"/>
    <link href="https://fonts.googleapis.com/css?family=Nunito" rel="stylesheet"/>
    <style>
            html, body {
                background-color: #fff;
                color: #636b6f;
                font-family: 'Nunito', sans-serif;
                font-weight: 100;
                height: 100vh;
                margin: 0;
            }

            .full-height {
                height: 100vh;
            }

            .flex-center {
                align-items: center;
                display: flex;
                justify-content: center;
            }

            .position-ref {
                position: relative;
            }

            .code {
                border-right: 2px solid;
                font-size: 26px;
                padding: 0 15px 0 15px;
                text-align: center;
            }

            .message {
                font-size: 18px;
                text-align: center;
            }
        </style>
    <script data-ezscrex="false" data-cfasync="false" type="text/javascript">window.google_analytics_uacct = "UA-131129777-14";</script>
    <script data-ezscrex="false" data-cfasync="false" type="text/javascript">
var _gaq = _gaq || [];
_gaq.push(['e._setAccount', 'UA-131129777-14']);
_gaq.push(['f._setAccount', 'UA-38339005-1']);
_gaq.push(['e._setDomainName', 'restapiexample.com']);
_gaq.push(['f._setDomainName', 'restapiexample.com']);
_gaq.push(['e._setCustomVar',1,'template','pub_site_noads',3]);
_gaq.push(['e._setCustomVar',2,'t','147',3]);
_gaq.push(['e._setCustomVar',3,'rid','0',2]);
_gaq.push(['e._setCustomVar',4,'bra','mod1',3]);
_gaq.push(['e._setAllowAnchor',true]);
_gaq.push(['e._setSiteSpeedSampleRate', 10]);
_gaq.push(['f._setCustomVar',1,'template','pub_site_noads',3]);
_gaq.push(['f._setCustomVar',2,'domain','restapiexample.com',3]);
_gaq.push(['f._setSiteSpeedSampleRate', 20]);
_gaq.push(['e._trackPageview']);
_gaq.push(['f._trackPageview']);


(function() {
 var ga = document.createElement('script'); ga.type = 'text/javascript'; ga.async = true;
 ga.src = ('https:' == document.location.protocol ? 'https://ssl' : 'http://www') + '.google-analytics.com/ga.js';
 var s = document.getElementsByTagName('script')[0]; s.parentNode.insertBefore(ga, s);
})();
</script>
    <script type="text/javascript">var ezouid = "1";</script>
    <base href="http://dummy.restapiexample.com/api/v1/employee/0"/>
    <script type="text/javascript">
var ezoTemplate = 'pub_site_noads';
if(typeof ezouid == 'undefined')
{
    var ezouid = 'none';
}
var ezoFormfactor = '1';
var ezo_elements_to_check = Array();
</script>
    <script data-ezscrex="false" type="text/javascript">
var soc_app_id = '0';
var did = 133674;
var ezdomain = 'restapiexample.com';
var ezoicSearchable = 1;
</script>
    <script data-ezscrex="false" data-pagespeed-no-defer="data-pagespeed-no-defer" data-cfasync="false">
function create_ezolpl(pvID, rv) {
    var d = new Date();
    d.setTime(d.getTime() + (365*24*60*60*1000));
    var expires = "expires="+d.toUTCString();
    __ez.ck.setByCat("ezux_lpl_133674=" + new Date().getTime() + "|" + pvID + "|" + rv + "; " + expires, 3);
}
function attach_ezolpl(pvID, rv) {
    if (document.readyState === "complete") {
        create_ezolpl(pvID, rv);
    }
    if(window.attachEvent) {
        window.attachEvent("onload", create_ezolpl, pvID, rv);
    } else {
        if(window.onload) {
            var curronload = window.onload;
            var newonload = function(evt) {
                curronload(evt);
                create_ezolpl(pvID, rv);
            };
            window.onload = newonload;
        } else {
            window.onload = create_ezolpl.bind(null, pvID, rv);
        }
    }
}

__ez.queue.addFunc("attach_ezolpl", "attach_ezolpl", ["523b02cf-c96a-4f9f-5f28-a93c742c266d", "false"], false, ['/detroitchicago/boise.js'], true, false, false, false);
</script>
  </head>
  <body>
    <div class="flex-center position-ref full-height">
      <div class="code">
                429            </div>
      <div class="message" style="padding: 10px;">
                Too Many Requests            </div>
    </div>
    <script type="text/javascript" style="display:none;">var __ez_dims = (function() {
		var setCookie = function( name, content, expiry ) {
			return document.cookie = name+'='+content+((expiry)?';expires='+(new Date(Math.floor(new Date().getTime()+expiry*1000)).toUTCString()):'')+';path=/';
		};
		var ffid = 1;
		var oh = window.screen.height;
		var ow = window.screen.width;
		var h = ffid === 1 ? oh : (oh &gt; ow) ? oh : ow;
		var w = ffid === 1 ? ow : (oh &gt; ow) ? ow : oh;
		var uh = window.innerHeight || document.documentElement.clientHeight || document.getElementsByTagName('body')[0].clientHeight;
		var uw = window.innerWidth || document.documentElement.clientWidth || document.getElementsByTagName('body')[0].clientWidth;
		setCookie('ezds', encodeURIComponent('ffid='+ffid+',w='+w+',h='+h), (31536e3*7));
		setCookie('ezohw', encodeURIComponent('w='+uw+',h='+uh), (31536e3*7));
	})();</script>
    <script type="text/javascript" style="display:none;" async="async">
__ez.queue.addFile('edmonton.php', '/detroitchicago/edmonton.webp?a=a&amp;cb=191-6&amp;shcb=34', true, ['/detroitchicago/minneapolis.js'], true, false, false, false);
__ez.queue.addFile('jellyfish.php', '/porpoiseant/jellyfish.webp?a=a&amp;cb=191-6&amp;shcb=34', false, [], true, false, false, false);
</script>
    <script type="text/javascript" data-cfasync="false"/>
  </body>
</html>
	at testRunnerFile.TestRunner.feature(TestRunner.java:29)
Caused by: java.lang.AssertionError: 
Expected Status code as per test cases is = 400 but Status code recieved is = 429 was found instead...
Body coming from backend is--><html lang="en">
  <head>
    <meta charset="utf-8"/>
    <script data-ezscrex="false" data-cfasync="false" data-pagespeed-no-defer="data-pagespeed-no-defer">var __ez=__ez||{};__ez.stms=Date.now();__ez.evt={};__ez.script={};__ez.ck=__ez.ck||{};__ez.template={};__ez.template.isOrig=false;__ez.queue=(function(){var count=0,incr=0,items=[],timeDelayFired=false,hpItems=[],lpItems=[],allowLoad=true;var obj={func:function(name,funcName,parameters,isBlock,blockedBy,deleteWhenComplete,proceedIfError){var self=this;this.name=name;this.funcName=funcName;this.parameters=parameters===null?null:(parameters instanceof Array)?parameters:[parameters];this.isBlock=isBlock;this.blockedBy=blockedBy;this.deleteWhenComplete=deleteWhenComplete;this.isError=false;this.isComplete=false;this.isInitialized=false;this.proceedIfError=proceedIfError;this.isTimeDelay=false;this.process=function(){log("... func = "+name);self.isInitialized=true;self.isComplete=true;log("... func.apply: "+name);var funcs=self.funcName.split('.');var func=null;if(funcs.length&gt;3){}else if(funcs.length===3){func=window[funcs[0]][funcs[1]][funcs[2]];}else if(funcs.length===2){func=window[funcs[0]][funcs[1]];}else{func=window[self.funcName];}
if(typeof func!=='undefined'&amp;&amp;func!==null){func.apply(null,this.parameters);}
if(self.deleteWhenComplete===true)delete items[name];if(self.isBlock===true){log("----- F'D: "+self.name);processAll();}}},file:function(name,path,isBlock,blockedBy,async,defer,proceedIfError){var self=this;this.name=name;this.path=path;this.async=async;this.defer=defer;this.isBlock=isBlock;this.blockedBy=blockedBy;this.isInitialized=false;this.isError=false;this.isComplete=false;this.proceedIfError=proceedIfError;this.isTimeDelay=false;this.process=function(){self.isInitialized=true;log("... file = "+name);var scr=document.createElement('script');scr.src=path;if(async===true)scr.async=true;else if(defer===true)scr.defer=true;scr.onerror=function(){log("----- ERR'D: "+self.name);self.isError=true;if(self.isBlock===true){processAll();}};scr.onreadystatechange=scr.onload=function(){var state=scr.readyState;log("----- F'D: "+self.name);if((!state||/loaded|complete/.test(state))){self.isComplete=true;if(self.isBlock===true){processAll();}}};document.getElementsByTagName('head')[0].appendChild(scr);}}};function init(){window.addEventListener("load",function(){setTimeout(function(){timeDelayFired=true;log('TDELAY -----');processAll();},5000);},false);}
function addFile(name,path,isBlock,blockedBy,async,defer,proceedIfError,priority){var item=new obj.file(name,path,isBlock,blockedBy,async,defer,proceedIfError);if(priority===true){hpItems[name]=item}else{lpItems[name]=item}
items[name]=item;checkIfBlocked(item);}
function setallowLoad(settobool){allowLoad=settobool}
function addFunc(name,func,parameters,isBlock,blockedBy,autoInc,deleteWhenComplete,proceedIfError,priority){if(autoInc===true)name=name+"_"+incr++;var item=new obj.func(name,func,parameters,isBlock,blockedBy,deleteWhenComplete,proceedIfError);if(priority===true){hpItems[name]=item}else{lpItems[name]=item}
items[name]=item;checkIfBlocked(item);}
function addTimeDelayFile(name,path){var item=new obj.file(name,path,false,[],false,false,true);item.isTimeDelay=true;log(name+' ... '+' FILE! TDELAY');lpItems[name]=item;items[name]=item;checkIfBlocked(item);}
function addTimeDelayFunc(name,func,parameters){var item=new obj.func(name,func,parameters,false,[],true,true);item.isTimeDelay=true;log(name+' ... '+' FUNCTION! TDELAY');lpItems[name]=item;items[name]=item;checkIfBlocked(item);}
function checkIfBlocked(item){if(isBlocked(item)===true||allowLoad==false)return;item.process();}
function isBlocked(item){if(item.isTimeDelay===true&amp;&amp;timeDelayFired===false){log(item.name+" blocked = TIME DELAY!");return true;}
if(item.blockedBy instanceof Array){for(var i=0;i&lt;item.blockedBy.length;i++){var block=item.blockedBy[i];if(items.hasOwnProperty(block)===false){log(item.name+" blocked = "+block);return true;}else if(item.proceedIfError===true&amp;&amp;items[block].isError===true){return false;}else if(items[block].isComplete===false){log(item.name+" blocked = "+block);return true;}}}
return false;}
function log(msg){var href=window.location.href;var reg=new RegExp('[?&amp;]ezq=([^&amp;#]*)','i');var string=reg.exec(href);var res=string?string[1]:null;if(res==="1")console.debug(msg);}
function processAll(){count++;if(count&gt;200)return;log("let's go");processItems(hpItems);processItems(lpItems);}
function processItems(list){for(var i in list){if(list.hasOwnProperty(i)===false)continue;var item=list[i];if(item.isComplete===true||isBlocked(item)||item.isInitialized===true||item.isError===true){if(item.isError===true){log(item.name+': error')}else if(item.isComplete===true){log(item.name+': complete already')}else if(item.isInitialized===true){log(item.name+': initialized already')}}else{item.process();}}}
init();return{addFile:addFile,addDelayFile:addTimeDelayFile,addFunc:addFunc,addDelayFunc:addTimeDelayFunc,items:items,processAll:processAll,setallowLoad:setallowLoad};})();__ez.evt.add=function(e,t,n){e.addEventListener?e.addEventListener(t,n,!1):e.attachEvent?e.attachEvent("on"+t,n):e["on"+t]=n()},__ez.evt.remove=function(e,t,n){e.removeEventListener?e.removeEventListener(t,n,!1):e.detachEvent?e.detachEvent("on"+t,n):delete e["on"+t]};__ez.script.add=function(e){var t=document.createElement("script");t.src=e,t.async=!0,t.type="text/javascript",document.getElementsByTagName("head")[0].appendChild(t)};__ez.queue.addFile('/detroitchicago/boise.js', '/detroitchicago/boise.js?gcb=191-6&amp;cb=1', false, [], true, false, true, false);__ez.dot={};__ez.queue.addFile('/detroitchicago/memphis.js', '/detroitchicago/memphis.js?gcb=191-6&amp;cb=1', false, [], true, false, true, false);__ez.queue.addFile('/detroitchicago/minneapolis.js', '/detroitchicago/minneapolis.js?gcb=191-6&amp;cb=1', false, [], true, false, true, false);__ez.vep=(function(){var pixels=[],pxURL="/detroitchicago/grapefruit.gif";function AddPixel(vID,pixelData){if(__ez.dot.isDefined(vID)&amp;&amp;__ez.dot.isValid(pixelData)){pixels.push({type:'video',video_impression_id:vID,domain_id:__ez.dot.getDID(),t_epoch:__ez.dot.getEpoch(0),data:__ez.dot.dataToStr(pixelData)});}}
function Fire(){if(typeof document.visibilityState!=='undefined'&amp;&amp;document.visibilityState==="prerender"){return;}
if(__ez.dot.isDefined(pixels)&amp;&amp;pixels.length&gt;0){while(pixels.length&gt;0){var j=5;if(j&gt;pixels.length){j=pixels.length;}
var pushPixels=pixels.splice(0,j);(new Image()).src=__ez.dot.getURL(pxURL)+"?orig="+(__ez.template.isOrig===true?1:0)+"&amp;v="+btoa(JSON.stringify(pushPixels));}}
pixels=[];}
return{Add:AddPixel,Fire:Fire};})();</script>
    <script data-ezscrex="false" data-cfasync="false" data-pagespeed-no-defer="data-pagespeed-no-defer">__ez.pel=(function(){var pixels=[],pxURL="/porpoiseant/army.gif";function AddAndFirePixel(adSlot,pixelData){AddPixel(adSlot,pixelData,0,0,0,0,0);Fire();}
function GetCurrentPixels(){return pixels;}
function AddPixel(adSlot,pixelData,revenue,est_revenue,bid_floor_filled,bid_floor_prev,stat_source_id){if(!__ez.dot.isDefined(adSlot)||__ez.dot.isAnyDefined(adSlot.getSlotElementId,adSlot.ElementId)==false){return;}
var ad_position_id=parseInt(__ez.dot.getTargeting(adSlot,'ap'));var impId=__ez.dot.getSlotIID(adSlot),adUnit=__ez.dot.getAdUnit(adSlot);var compId=parseInt(__ez.dot.getTargeting(adSlot,"compid"));var lineItemId=0;var creativeId=0;var ezimData=getEzimData(adSlot);if(typeof ezimData=='object'){if(ezimData.creative_id!==undefined){creativeId=ezimData.creative_id;}
if(ezimData.line_item_id!==undefined){lineItemId=ezimData.line_item_id;}}
if(__ez.dot.isDefined(impId,adUnit)&amp;&amp;__ez.dot.isValid(pixelData)){pixels.push({type:"impression",impression_id:impId,domain_id:__ez.dot.getDID(),unit:adUnit,t_epoch:__ez.dot.getEpoch(0),revenue:revenue,est_revenue:est_revenue,ad_position:ad_position_id,ad_size:"",bid_floor_filled:bid_floor_filled,bid_floor_prev:bid_floor_prev,stat_source_id:stat_source_id,country_code:__ez.dot.getCC(),pageview_id:__ez.dot.getPageviewId(),comp_id:compId,line_item_id:lineItemId,creative_id:creativeId,data:__ez.dot.dataToStr(pixelData)});}}
function AddPixelById(impFullId,pixelData){var vals=impFullId.split('/');if(__ez.dot.isDefined(impFullId)&amp;&amp;vals.length===3&amp;&amp;__ez.dot.isValid(pixelData)){var adUnit=vals[0],impId=vals[2];pixels.push({type:"impression",impression_id:impId,domain_id:__ez.dot.getDID(),unit:adUnit,t_epoch:__ez.dot.getEpoch(0),pageview_id:__ez.dot.getPageviewId(),data:__ez.dot.dataToStr(pixelData)});}}
function Fire(){if(typeof document.visibilityState!=='undefined'&amp;&amp;document.visibilityState==="prerender")return;if(__ez.dot.isDefined(pixels)&amp;&amp;pixels.length&gt;0){while(pixels.length&gt;0){var j=5;if(j&gt;pixels.length){j=pixels.length;}
var pushPixels=pixels.splice(0,j);var pixelURL=__ez.dot.getURL(pxURL)+"?orig="+(__ez.template.isOrig===true?1:0)+"&amp;sts="+btoa(JSON.stringify(pushPixels));if(typeof window.isAmp!=='undefined'&amp;&amp;isAmp&amp;&amp;typeof window._ezaq!=='undefined'&amp;&amp;_ezaq.hasOwnProperty("domain_id")){pixelURL+="&amp;visit_uuid="+_ezaq['visit_uuid'];}
(new Image()).src=pixelURL;}}
pixels=[];}
function getEzimData(adSlot){if(typeof _ezim_d=="undefined"){return false}
var adUnitName=__ez.dot.getAdUnitPath(adSlot).split('/').pop();if(typeof _ezim_d==='object'&amp;&amp;_ezim_d.hasOwnProperty(adUnitName)){return _ezim_d[adUnitName];}
for(var ezimKey in _ezim_d){if(ezimKey.split('/').pop()===adUnitName){return _ezim_d[ezimKey];}}
return false;}
return{Add:AddPixel,AddAndFire:AddAndFirePixel,AddById:AddPixelById,Fire:Fire,GetPixels:GetCurrentPixels,};})();__ez.queue.addFile('/detroitchicago/raleigh.js', '/detroitchicago/raleigh.js?gcb=191-6&amp;cb=1', false, [], true, false, true, false);__ez.queue.addFile('/detroitchicago/tampa.js', '/detroitchicago/tampa.js?gcb=191-6&amp;cb=1', false, [], true, false, true, false);</script>
    <script data-ezscrex="false" type="text/javascript" data-cfasync="false">var _ezaq = {"ad_cache_level":0,"ad_count_adjustment":0,"ad_lazyload_version":0,"ad_location_ids":"","ad_transform_level":0,"adx_ad_count":0,"bidder_method":1,"bidder_version":3,"city":"Frankfurt am Main","country":"DE","days_since_last_visit":-1,"display_ad_count":0,"domain_id":133674,"ds_adsize_opt_id":-1,"engaged_time_visit":0,"ezcache_level":1,"forensiq_score":-1,"form_factor_id":1,"framework_id":1,"has_bad_image":0,"has_bad_words":0,"iab_category":"","is_from_recommended_pages":false,"is_return_visitor":false,"is_sitespeed":0,"last_page_load":"","last_pageview_id":"","lt_cache_level":0,"max_ads":0,"metro_code":0,"optimization_version":1,"page_ad_positions":"","page_view_count":0,"page_view_id":"523b02cf-c96a-4f9f-5f28-a93c742c266d","position_selection_id":0,"postal_code":"60326","pv_event_count":0,"response_time_orig":683,"serverid":"3.125.120.146:29867","state":"HE","sub_page_ad_positions":"","t_epoch":1600027943,"template_id":0,"time_on_site_visit":0,"url":"http://dummy.restapiexample.com/api/v1/employee/0","user_id":0,"word_count":0,"worst_bad_word_level":0};var _ezim_d = null;var _ezat = {"domain_id":133674,"form_factor_id":1,"framework_id":1,"pageview_date":"2020-09-13","pageview_id":"523b02cf-c96a-4f9f-5f28-a93c742c266d","template_id":0,"url":"http://dummy.restapiexample.com/api/v1/employee/0","visit_uuid":"e96aba20-21d2-4298-7981-35732f3e0e62"};</script>
    <script data-ezscrex="false" data-pagespeed-no-defer="data-pagespeed-no-defer" data-cfasync="false" type="text/javascript">__ez.queue.addFile('banger.js', '/porpoiseant/banger.js?cb=191-6&amp;bv=86&amp;v=35&amp;PageSpeed=off', true, [], true, false, false, true);</script>
    <script data-ezscrex="false" data-cfasync="false">(function(){if("function"===typeof window.CustomEvent)return!1;window.CustomEvent=function(c,a){a=a||{bubbles:!1,cancelable:!1,detail:null};var b=document.createEvent("CustomEvent");b.initCustomEvent(c,a.bubbles,a.cancelable,a.detail);return b}})();</script>
    <script data-ezscrex="false" data-cfasync="false">__ez.queue.addFile('/detroitchicago/tulsa.js', '/detroitchicago/tulsa.js?gcb=191-6&amp;cb=2', false, [], true, false, true, false);</script>
    <meta name="viewport" content="width=device-width, initial-scale=1"/>
    <title>Too Many Requests</title>
    <link rel="dns-prefetch" href="//fonts.gstatic.com"/>
    <link href="https://fonts.googleapis.com/css?family=Nunito" rel="stylesheet"/>
    <style>
            html, body {
                background-color: #fff;
                color: #636b6f;
                font-family: 'Nunito', sans-serif;
                font-weight: 100;
                height: 100vh;
                margin: 0;
            }

            .full-height {
                height: 100vh;
            }

            .flex-center {
                align-items: center;
                display: flex;
                justify-content: center;
            }

            .position-ref {
                position: relative;
            }

            .code {
                border-right: 2px solid;
                font-size: 26px;
                padding: 0 15px 0 15px;
                text-align: center;
            }

            .message {
                font-size: 18px;
                text-align: center;
            }
        </style>
    <script data-ezscrex="false" data-cfasync="false" type="text/javascript">window.google_analytics_uacct = "UA-131129777-14";</script>
    <script data-ezscrex="false" data-cfasync="false" type="text/javascript">
var _gaq = _gaq || [];
_gaq.push(['e._setAccount', 'UA-131129777-14']);
_gaq.push(['f._setAccount', 'UA-38339005-1']);
_gaq.push(['e._setDomainName', 'restapiexample.com']);
_gaq.push(['f._setDomainName', 'restapiexample.com']);
_gaq.push(['e._setCustomVar',1,'template','pub_site_noads',3]);
_gaq.push(['e._setCustomVar',2,'t','147',3]);
_gaq.push(['e._setCustomVar',3,'rid','0',2]);
_gaq.push(['e._setCustomVar',4,'bra','mod1',3]);
_gaq.push(['e._setAllowAnchor',true]);
_gaq.push(['e._setSiteSpeedSampleRate', 10]);
_gaq.push(['f._setCustomVar',1,'template','pub_site_noads',3]);
_gaq.push(['f._setCustomVar',2,'domain','restapiexample.com',3]);
_gaq.push(['f._setSiteSpeedSampleRate', 20]);
_gaq.push(['e._trackPageview']);
_gaq.push(['f._trackPageview']);


(function() {
 var ga = document.createElement('script'); ga.type = 'text/javascript'; ga.async = true;
 ga.src = ('https:' == document.location.protocol ? 'https://ssl' : 'http://www') + '.google-analytics.com/ga.js';
 var s = document.getElementsByTagName('script')[0]; s.parentNode.insertBefore(ga, s);
})();
</script>
    <script type="text/javascript">var ezouid = "1";</script>
    <base href="http://dummy.restapiexample.com/api/v1/employee/0"/>
    <script type="text/javascript">
var ezoTemplate = 'pub_site_noads';
if(typeof ezouid == 'undefined')
{
    var ezouid = 'none';
}
var ezoFormfactor = '1';
var ezo_elements_to_check = Array();
</script>
    <script data-ezscrex="false" type="text/javascript">
var soc_app_id = '0';
var did = 133674;
var ezdomain = 'restapiexample.com';
var ezoicSearchable = 1;
</script>
    <script data-ezscrex="false" data-pagespeed-no-defer="data-pagespeed-no-defer" data-cfasync="false">
function create_ezolpl(pvID, rv) {
    var d = new Date();
    d.setTime(d.getTime() + (365*24*60*60*1000));
    var expires = "expires="+d.toUTCString();
    __ez.ck.setByCat("ezux_lpl_133674=" + new Date().getTime() + "|" + pvID + "|" + rv + "; " + expires, 3);
}
function attach_ezolpl(pvID, rv) {
    if (document.readyState === "complete") {
        create_ezolpl(pvID, rv);
    }
    if(window.attachEvent) {
        window.attachEvent("onload", create_ezolpl, pvID, rv);
    } else {
        if(window.onload) {
            var curronload = window.onload;
            var newonload = function(evt) {
                curronload(evt);
                create_ezolpl(pvID, rv);
            };
            window.onload = newonload;
        } else {
            window.onload = create_ezolpl.bind(null, pvID, rv);
        }
    }
}

__ez.queue.addFunc("attach_ezolpl", "attach_ezolpl", ["523b02cf-c96a-4f9f-5f28-a93c742c266d", "false"], false, ['/detroitchicago/boise.js'], true, false, false, false);
</script>
  </head>
  <body>
    <div class="flex-center position-ref full-height">
      <div class="code">
                429            </div>
      <div class="message" style="padding: 10px;">
                Too Many Requests            </div>
    </div>
    <script type="text/javascript" style="display:none;">var __ez_dims = (function() {
		var setCookie = function( name, content, expiry ) {
			return document.cookie = name+'='+content+((expiry)?';expires='+(new Date(Math.floor(new Date().getTime()+expiry*1000)).toUTCString()):'')+';path=/';
		};
		var ffid = 1;
		var oh = window.screen.height;
		var ow = window.screen.width;
		var h = ffid === 1 ? oh : (oh &gt; ow) ? oh : ow;
		var w = ffid === 1 ? ow : (oh &gt; ow) ? ow : oh;
		var uh = window.innerHeight || document.documentElement.clientHeight || document.getElementsByTagName('body')[0].clientHeight;
		var uw = window.innerWidth || document.documentElement.clientWidth || document.getElementsByTagName('body')[0].clientWidth;
		setCookie('ezds', encodeURIComponent('ffid='+ffid+',w='+w+',h='+h), (31536e3*7));
		setCookie('ezohw', encodeURIComponent('w='+uw+',h='+uh), (31536e3*7));
	})();</script>
    <script type="text/javascript" style="display:none;" async="async">
__ez.queue.addFile('edmonton.php', '/detroitchicago/edmonton.webp?a=a&amp;cb=191-6&amp;shcb=34', true, ['/detroitchicago/minneapolis.js'], true, false, false, false);
__ez.queue.addFile('jellyfish.php', '/porpoiseant/jellyfish.webp?a=a&amp;cb=191-6&amp;shcb=34', false, [], true, false, false, false);
</script>
    <script type="text/javascript" data-cfasync="false"/>
  </body>
</html>
]]></failure>
    <system-out><![CDATA[@AllEmployees
Feature: TC03 (GET) Employee 2982

  Scenario: Positive Scenario (200 Ok Response)                           # TC03 GET Employee 2982.feature:6
    Given the URL is "http://dummy.restapiexample.com/api/v1"             # httpActivity.the_URL_is(String)
    When the HTTP request type is "GET"  and resource is "/employee/2982" # httpActivity.the_HTTP_request_type_is_and_resource_is(String,String)
    Then verify the Response code is "200"                                # httpActivity.verify_the_Response_code_is(String)
    And ignore attribute "" and verify the Response schema                # httpActivity.ignore_attribute_and_verify_the_Response_schema(String,String)
      """
      {
      "status": "success",
      "data": null,
      "message": "Successfully! Record has been fetched."
      }
      """
<html lang="en">
  <head>
    <meta charset="utf-8"/>
    <script data-ezscrex="false" data-cfasync="false" data-pagespeed-no-defer="data-pagespeed-no-defer">var __ez=__ez||{};__ez.stms=Date.now();__ez.evt={};__ez.script={};__ez.ck=__ez.ck||{};__ez.template={};__ez.template.isOrig=false;__ez.queue=(function(){var count=0,incr=0,items=[],timeDelayFired=false,hpItems=[],lpItems=[],allowLoad=true;var obj={func:function(name,funcName,parameters,isBlock,blockedBy,deleteWhenComplete,proceedIfError){var self=this;this.name=name;this.funcName=funcName;this.parameters=parameters===null?null:(parameters instanceof Array)?parameters:[parameters];this.isBlock=isBlock;this.blockedBy=blockedBy;this.deleteWhenComplete=deleteWhenComplete;this.isError=false;this.isComplete=false;this.isInitialized=false;this.proceedIfError=proceedIfError;this.isTimeDelay=false;this.process=function(){log("... func = "+name);self.isInitialized=true;self.isComplete=true;log("... func.apply: "+name);var funcs=self.funcName.split('.');var func=null;if(funcs.length&gt;3){}else if(funcs.length===3){func=window[funcs[0]][funcs[1]][funcs[2]];}else if(funcs.length===2){func=window[funcs[0]][funcs[1]];}else{func=window[self.funcName];}
if(typeof func!=='undefined'&amp;&amp;func!==null){func.apply(null,this.parameters);}
if(self.deleteWhenComplete===true)delete items[name];if(self.isBlock===true){log("----- F'D: "+self.name);processAll();}}},file:function(name,path,isBlock,blockedBy,async,defer,proceedIfError){var self=this;this.name=name;this.path=path;this.async=async;this.defer=defer;this.isBlock=isBlock;this.blockedBy=blockedBy;this.isInitialized=false;this.isError=false;this.isComplete=false;this.proceedIfError=proceedIfError;this.isTimeDelay=false;this.process=function(){self.isInitialized=true;log("... file = "+name);var scr=document.createElement('script');scr.src=path;if(async===true)scr.async=true;else if(defer===true)scr.defer=true;scr.onerror=function(){log("----- ERR'D: "+self.name);self.isError=true;if(self.isBlock===true){processAll();}};scr.onreadystatechange=scr.onload=function(){var state=scr.readyState;log("----- F'D: "+self.name);if((!state||/loaded|complete/.test(state))){self.isComplete=true;if(self.isBlock===true){processAll();}}};document.getElementsByTagName('head')[0].appendChild(scr);}}};function init(){window.addEventListener("load",function(){setTimeout(function(){timeDelayFired=true;log('TDELAY -----');processAll();},5000);},false);}
function addFile(name,path,isBlock,blockedBy,async,defer,proceedIfError,priority){var item=new obj.file(name,path,isBlock,blockedBy,async,defer,proceedIfError);if(priority===true){hpItems[name]=item}else{lpItems[name]=item}
items[name]=item;checkIfBlocked(item);}
function setallowLoad(settobool){allowLoad=settobool}
function addFunc(name,func,parameters,isBlock,blockedBy,autoInc,deleteWhenComplete,proceedIfError,priority){if(autoInc===true)name=name+"_"+incr++;var item=new obj.func(name,func,parameters,isBlock,blockedBy,deleteWhenComplete,proceedIfError);if(priority===true){hpItems[name]=item}else{lpItems[name]=item}
items[name]=item;checkIfBlocked(item);}
function addTimeDelayFile(name,path){var item=new obj.file(name,path,false,[],false,false,true);item.isTimeDelay=true;log(name+' ... '+' FILE! TDELAY');lpItems[name]=item;items[name]=item;checkIfBlocked(item);}
function addTimeDelayFunc(name,func,parameters){var item=new obj.func(name,func,parameters,false,[],true,true);item.isTimeDelay=true;log(name+' ... '+' FUNCTION! TDELAY');lpItems[name]=item;items[name]=item;checkIfBlocked(item);}
function checkIfBlocked(item){if(isBlocked(item)===true||allowLoad==false)return;item.process();}
function isBlocked(item){if(item.isTimeDelay===true&amp;&amp;timeDelayFired===false){log(item.name+" blocked = TIME DELAY!");return true;}
if(item.blockedBy instanceof Array){for(var i=0;i&lt;item.blockedBy.length;i++){var block=item.blockedBy[i];if(items.hasOwnProperty(block)===false){log(item.name+" blocked = "+block);return true;}else if(item.proceedIfError===true&amp;&amp;items[block].isError===true){return false;}else if(items[block].isComplete===false){log(item.name+" blocked = "+block);return true;}}}
return false;}
function log(msg){var href=window.location.href;var reg=new RegExp('[?&amp;]ezq=([^&amp;#]*)','i');var string=reg.exec(href);var res=string?string[1]:null;if(res==="1")console.debug(msg);}
function processAll(){count++;if(count&gt;200)return;log("let's go");processItems(hpItems);processItems(lpItems);}
function processItems(list){for(var i in list){if(list.hasOwnProperty(i)===false)continue;var item=list[i];if(item.isComplete===true||isBlocked(item)||item.isInitialized===true||item.isError===true){if(item.isError===true){log(item.name+': error')}else if(item.isComplete===true){log(item.name+': complete already')}else if(item.isInitialized===true){log(item.name+': initialized already')}}else{item.process();}}}
init();return{addFile:addFile,addDelayFile:addTimeDelayFile,addFunc:addFunc,addDelayFunc:addTimeDelayFunc,items:items,processAll:processAll,setallowLoad:setallowLoad};})();__ez.evt.add=function(e,t,n){e.addEventListener?e.addEventListener(t,n,!1):e.attachEvent?e.attachEvent("on"+t,n):e["on"+t]=n()},__ez.evt.remove=function(e,t,n){e.removeEventListener?e.removeEventListener(t,n,!1):e.detachEvent?e.detachEvent("on"+t,n):delete e["on"+t]};__ez.script.add=function(e){var t=document.createElement("script");t.src=e,t.async=!0,t.type="text/javascript",document.getElementsByTagName("head")[0].appendChild(t)};__ez.queue.addFile('/detroitchicago/boise.js', '/detroitchicago/boise.js?gcb=191-6&amp;cb=1', false, [], true, false, true, false);__ez.dot={};__ez.queue.addFile('/detroitchicago/memphis.js', '/detroitchicago/memphis.js?gcb=191-6&amp;cb=1', false, [], true, false, true, false);__ez.queue.addFile('/detroitchicago/minneapolis.js', '/detroitchicago/minneapolis.js?gcb=191-6&amp;cb=1', false, [], true, false, true, false);__ez.vep=(function(){var pixels=[],pxURL="/detroitchicago/grapefruit.gif";function AddPixel(vID,pixelData){if(__ez.dot.isDefined(vID)&amp;&amp;__ez.dot.isValid(pixelData)){pixels.push({type:'video',video_impression_id:vID,domain_id:__ez.dot.getDID(),t_epoch:__ez.dot.getEpoch(0),data:__ez.dot.dataToStr(pixelData)});}}
function Fire(){if(typeof document.visibilityState!=='undefined'&amp;&amp;document.visibilityState==="prerender"){return;}
if(__ez.dot.isDefined(pixels)&amp;&amp;pixels.length&gt;0){while(pixels.length&gt;0){var j=5;if(j&gt;pixels.length){j=pixels.length;}
var pushPixels=pixels.splice(0,j);(new Image()).src=__ez.dot.getURL(pxURL)+"?orig="+(__ez.template.isOrig===true?1:0)+"&amp;v="+btoa(JSON.stringify(pushPixels));}}
pixels=[];}
return{Add:AddPixel,Fire:Fire};})();</script>
    <script data-ezscrex="false" data-cfasync="false" data-pagespeed-no-defer="data-pagespeed-no-defer">__ez.pel=(function(){var pixels=[],pxURL="/porpoiseant/army.gif";function AddAndFirePixel(adSlot,pixelData){AddPixel(adSlot,pixelData,0,0,0,0,0);Fire();}
function GetCurrentPixels(){return pixels;}
function AddPixel(adSlot,pixelData,revenue,est_revenue,bid_floor_filled,bid_floor_prev,stat_source_id){if(!__ez.dot.isDefined(adSlot)||__ez.dot.isAnyDefined(adSlot.getSlotElementId,adSlot.ElementId)==false){return;}
var ad_position_id=parseInt(__ez.dot.getTargeting(adSlot,'ap'));var impId=__ez.dot.getSlotIID(adSlot),adUnit=__ez.dot.getAdUnit(adSlot);var compId=parseInt(__ez.dot.getTargeting(adSlot,"compid"));var lineItemId=0;var creativeId=0;var ezimData=getEzimData(adSlot);if(typeof ezimData=='object'){if(ezimData.creative_id!==undefined){creativeId=ezimData.creative_id;}
if(ezimData.line_item_id!==undefined){lineItemId=ezimData.line_item_id;}}
if(__ez.dot.isDefined(impId,adUnit)&amp;&amp;__ez.dot.isValid(pixelData)){pixels.push({type:"impression",impression_id:impId,domain_id:__ez.dot.getDID(),unit:adUnit,t_epoch:__ez.dot.getEpoch(0),revenue:revenue,est_revenue:est_revenue,ad_position:ad_position_id,ad_size:"",bid_floor_filled:bid_floor_filled,bid_floor_prev:bid_floor_prev,stat_source_id:stat_source_id,country_code:__ez.dot.getCC(),pageview_id:__ez.dot.getPageviewId(),comp_id:compId,line_item_id:lineItemId,creative_id:creativeId,data:__ez.dot.dataToStr(pixelData)});}}
function AddPixelById(impFullId,pixelData){var vals=impFullId.split('/');if(__ez.dot.isDefined(impFullId)&amp;&amp;vals.length===3&amp;&amp;__ez.dot.isValid(pixelData)){var adUnit=vals[0],impId=vals[2];pixels.push({type:"impression",impression_id:impId,domain_id:__ez.dot.getDID(),unit:adUnit,t_epoch:__ez.dot.getEpoch(0),pageview_id:__ez.dot.getPageviewId(),data:__ez.dot.dataToStr(pixelData)});}}
function Fire(){if(typeof document.visibilityState!=='undefined'&amp;&amp;document.visibilityState==="prerender")return;if(__ez.dot.isDefined(pixels)&amp;&amp;pixels.length&gt;0){while(pixels.length&gt;0){var j=5;if(j&gt;pixels.length){j=pixels.length;}
var pushPixels=pixels.splice(0,j);var pixelURL=__ez.dot.getURL(pxURL)+"?orig="+(__ez.template.isOrig===true?1:0)+"&amp;sts="+btoa(JSON.stringify(pushPixels));if(typeof window.isAmp!=='undefined'&amp;&amp;isAmp&amp;&amp;typeof window._ezaq!=='undefined'&amp;&amp;_ezaq.hasOwnProperty("domain_id")){pixelURL+="&amp;visit_uuid="+_ezaq['visit_uuid'];}
(new Image()).src=pixelURL;}}
pixels=[];}
function getEzimData(adSlot){if(typeof _ezim_d=="undefined"){return false}
var adUnitName=__ez.dot.getAdUnitPath(adSlot).split('/').pop();if(typeof _ezim_d==='object'&amp;&amp;_ezim_d.hasOwnProperty(adUnitName)){return _ezim_d[adUnitName];}
for(var ezimKey in _ezim_d){if(ezimKey.split('/').pop()===adUnitName){return _ezim_d[ezimKey];}}
return false;}
return{Add:AddPixel,AddAndFire:AddAndFirePixel,AddById:AddPixelById,Fire:Fire,GetPixels:GetCurrentPixels,};})();__ez.queue.addFile('/detroitchicago/raleigh.js', '/detroitchicago/raleigh.js?gcb=191-6&amp;cb=1', false, [], true, false, true, false);__ez.queue.addFile('/detroitchicago/tampa.js', '/detroitchicago/tampa.js?gcb=191-6&amp;cb=1', false, [], true, false, true, false);</script>
    <script data-ezscrex="false" type="text/javascript" data-cfasync="false">var _ezaq = {"ad_cache_level":0,"ad_count_adjustment":0,"ad_lazyload_version":0,"ad_location_ids":"","ad_transform_level":0,"adx_ad_count":0,"bidder_method":1,"bidder_version":3,"city":"Frankfurt am Main","country":"DE","days_since_last_visit":-1,"display_ad_count":0,"domain_id":133674,"ds_adsize_opt_id":-1,"engaged_time_visit":0,"ezcache_level":1,"forensiq_score":-1,"form_factor_id":1,"framework_id":1,"has_bad_image":0,"has_bad_words":0,"iab_category":"","is_from_recommended_pages":false,"is_return_visitor":false,"is_sitespeed":0,"last_page_load":"","last_pageview_id":"","lt_cache_level":0,"max_ads":0,"metro_code":0,"optimization_version":1,"page_ad_positions":"","page_view_count":0,"page_view_id":"523b02cf-c96a-4f9f-5f28-a93c742c266d","position_selection_id":0,"postal_code":"60326","pv_event_count":0,"response_time_orig":683,"serverid":"3.125.120.146:29867","state":"HE","sub_page_ad_positions":"","t_epoch":1600027943,"template_id":0,"time_on_site_visit":0,"url":"http://dummy.restapiexample.com/api/v1/employee/0","user_id":0,"word_count":0,"worst_bad_word_level":0};var _ezim_d = null;var _ezat = {"domain_id":133674,"form_factor_id":1,"framework_id":1,"pageview_date":"2020-09-13","pageview_id":"523b02cf-c96a-4f9f-5f28-a93c742c266d","template_id":0,"url":"http://dummy.restapiexample.com/api/v1/employee/0","visit_uuid":"e96aba20-21d2-4298-7981-35732f3e0e62"};</script>
    <script data-ezscrex="false" data-pagespeed-no-defer="data-pagespeed-no-defer" data-cfasync="false" type="text/javascript">__ez.queue.addFile('banger.js', '/porpoiseant/banger.js?cb=191-6&amp;bv=86&amp;v=35&amp;PageSpeed=off', true, [], true, false, false, true);</script>
    <script data-ezscrex="false" data-cfasync="false">(function(){if("function"===typeof window.CustomEvent)return!1;window.CustomEvent=function(c,a){a=a||{bubbles:!1,cancelable:!1,detail:null};var b=document.createEvent("CustomEvent");b.initCustomEvent(c,a.bubbles,a.cancelable,a.detail);return b}})();</script>
    <script data-ezscrex="false" data-cfasync="false">__ez.queue.addFile('/detroitchicago/tulsa.js', '/detroitchicago/tulsa.js?gcb=191-6&amp;cb=2', false, [], true, false, true, false);</script>
    <meta name="viewport" content="width=device-width, initial-scale=1"/>
    <title>Too Many Requests</title>
    <link rel="dns-prefetch" href="//fonts.gstatic.com"/>
    <link href="https://fonts.googleapis.com/css?family=Nunito" rel="stylesheet"/>
    <style>
            html, body {
                background-color: #fff;
                color: #636b6f;
                font-family: 'Nunito', sans-serif;
                font-weight: 100;
                height: 100vh;
                margin: 0;
            }

            .full-height {
                height: 100vh;
            }

            .flex-center {
                align-items: center;
                display: flex;
                justify-content: center;
            }

            .position-ref {
                position: relative;
            }

            .code {
                border-right: 2px solid;
                font-size: 26px;
                padding: 0 15px 0 15px;
                text-align: center;
            }

            .message {
                font-size: 18px;
                text-align: center;
            }
        </style>
    <script data-ezscrex="false" data-cfasync="false" type="text/javascript">window.google_analytics_uacct = "UA-131129777-14";</script>
    <script data-ezscrex="false" data-cfasync="false" type="text/javascript">
var _gaq = _gaq || [];
_gaq.push(['e._setAccount', 'UA-131129777-14']);
_gaq.push(['f._setAccount', 'UA-38339005-1']);
_gaq.push(['e._setDomainName', 'restapiexample.com']);
_gaq.push(['f._setDomainName', 'restapiexample.com']);
_gaq.push(['e._setCustomVar',1,'template','pub_site_noads',3]);
_gaq.push(['e._setCustomVar',2,'t','147',3]);
_gaq.push(['e._setCustomVar',3,'rid','0',2]);
_gaq.push(['e._setCustomVar',4,'bra','mod1',3]);
_gaq.push(['e._setAllowAnchor',true]);
_gaq.push(['e._setSiteSpeedSampleRate', 10]);
_gaq.push(['f._setCustomVar',1,'template','pub_site_noads',3]);
_gaq.push(['f._setCustomVar',2,'domain','restapiexample.com',3]);
_gaq.push(['f._setSiteSpeedSampleRate', 20]);
_gaq.push(['e._trackPageview']);
_gaq.push(['f._trackPageview']);


(function() {
 var ga = document.createElement('script'); ga.type = 'text/javascript'; ga.async = true;
 ga.src = ('https:' == document.location.protocol ? 'https://ssl' : 'http://www') + '.google-analytics.com/ga.js';
 var s = document.getElementsByTagName('script')[0]; s.parentNode.insertBefore(ga, s);
})();
</script>
    <script type="text/javascript">var ezouid = "1";</script>
    <base href="http://dummy.restapiexample.com/api/v1/employee/0"/>
    <script type="text/javascript">
var ezoTemplate = 'pub_site_noads';
if(typeof ezouid == 'undefined')
{
    var ezouid = 'none';
}
var ezoFormfactor = '1';
var ezo_elements_to_check = Array();
</script>
    <script data-ezscrex="false" type="text/javascript">
var soc_app_id = '0';
var did = 133674;
var ezdomain = 'restapiexample.com';
var ezoicSearchable = 1;
</script>
    <script data-ezscrex="false" data-pagespeed-no-defer="data-pagespeed-no-defer" data-cfasync="false">
function create_ezolpl(pvID, rv) {
    var d = new Date();
    d.setTime(d.getTime() + (365*24*60*60*1000));
    var expires = "expires="+d.toUTCString();
    __ez.ck.setByCat("ezux_lpl_133674=" + new Date().getTime() + "|" + pvID + "|" + rv + "; " + expires, 3);
}
function attach_ezolpl(pvID, rv) {
    if (document.readyState === "complete") {
        create_ezolpl(pvID, rv);
    }
    if(window.attachEvent) {
        window.attachEvent("onload", create_ezolpl, pvID, rv);
    } else {
        if(window.onload) {
            var curronload = window.onload;
            var newonload = function(evt) {
                curronload(evt);
                create_ezolpl(pvID, rv);
            };
            window.onload = newonload;
        } else {
            window.onload = create_ezolpl.bind(null, pvID, rv);
        }
    }
}

__ez.queue.addFunc("attach_ezolpl", "attach_ezolpl", ["523b02cf-c96a-4f9f-5f28-a93c742c266d", "false"], false, ['/detroitchicago/boise.js'], true, false, false, false);
</script>
  </head>
  <body>
    <div class="flex-center position-ref full-height">
      <div class="code">
                429            </div>
      <div class="message" style="padding: 10px;">
                Too Many Requests            </div>
    </div>
    <script type="text/javascript" style="display:none;">var __ez_dims = (function() {
		var setCookie = function( name, content, expiry ) {
			return document.cookie = name+'='+content+((expiry)?';expires='+(new Date(Math.floor(new Date().getTime()+expiry*1000)).toUTCString()):'')+';path=/';
		};
		var ffid = 1;
		var oh = window.screen.height;
		var ow = window.screen.width;
		var h = ffid === 1 ? oh : (oh &gt; ow) ? oh : ow;
		var w = ffid === 1 ? ow : (oh &gt; ow) ? ow : oh;
		var uh = window.innerHeight || document.documentElement.clientHeight || document.getElementsByTagName('body')[0].clientHeight;
		var uw = window.innerWidth || document.documentElement.clientWidth || document.getElementsByTagName('body')[0].clientWidth;
		setCookie('ezds', encodeURIComponent('ffid='+ffid+',w='+w+',h='+h), (31536e3*7));
		setCookie('ezohw', encodeURIComponent('w='+uw+',h='+uh), (31536e3*7));
	})();</script>
    <script type="text/javascript" style="display:none;" async="async">
__ez.queue.addFile('edmonton.php', '/detroitchicago/edmonton.webp?a=a&amp;cb=191-6&amp;shcb=34', true, ['/detroitchicago/minneapolis.js'], true, false, false, false);
__ez.queue.addFile('jellyfish.php', '/porpoiseant/jellyfish.webp?a=a&amp;cb=191-6&amp;shcb=34', false, [], true, false, false, false);
</script>
    <script type="text/javascript" data-cfasync="false"/>
  </body>
</html>

  Scenario: Negative Scenario (400 Bad Request Response)               # TC03 GET Employee 2982.feature:22
    Given the URL is "http://dummy.restapiexample.com/api/v1"          # httpActivity.the_URL_is(String)
    When the HTTP request type is "GET"  and resource is "/employee/0" # httpActivity.the_HTTP_request_type_is_and_resource_is(String,String)
    Then verify the Response code is "400"                             # httpActivity.verify_the_Response_code_is(String)
      java.lang.AssertionError: Expected Status code as per test cases is = 400 but Status code recieved is = 429 was found instead...
      Body coming from backend is--><html lang="en">
        <head>
          <meta charset="utf-8"/>
          <script data-ezscrex="false" data-cfasync="false" data-pagespeed-no-defer="data-pagespeed-no-defer">var __ez=__ez||{};__ez.stms=Date.now();__ez.evt={};__ez.script={};__ez.ck=__ez.ck||{};__ez.template={};__ez.template.isOrig=false;__ez.queue=(function(){var count=0,incr=0,items=[],timeDelayFired=false,hpItems=[],lpItems=[],allowLoad=true;var obj={func:function(name,funcName,parameters,isBlock,blockedBy,deleteWhenComplete,proceedIfError){var self=this;this.name=name;this.funcName=funcName;this.parameters=parameters===null?null:(parameters instanceof Array)?parameters:[parameters];this.isBlock=isBlock;this.blockedBy=blockedBy;this.deleteWhenComplete=deleteWhenComplete;this.isError=false;this.isComplete=false;this.isInitialized=false;this.proceedIfError=proceedIfError;this.isTimeDelay=false;this.process=function(){log("... func = "+name);self.isInitialized=true;self.isComplete=true;log("... func.apply: "+name);var funcs=self.funcName.split('.');var func=null;if(funcs.length&gt;3){}else if(funcs.length===3){func=window[funcs[0]][funcs[1]][funcs[2]];}else if(funcs.length===2){func=window[funcs[0]][funcs[1]];}else{func=window[self.funcName];}
      if(typeof func!=='undefined'&amp;&amp;func!==null){func.apply(null,this.parameters);}
      if(self.deleteWhenComplete===true)delete items[name];if(self.isBlock===true){log("----- F'D: "+self.name);processAll();}}},file:function(name,path,isBlock,blockedBy,async,defer,proceedIfError){var self=this;this.name=name;this.path=path;this.async=async;this.defer=defer;this.isBlock=isBlock;this.blockedBy=blockedBy;this.isInitialized=false;this.isError=false;this.isComplete=false;this.proceedIfError=proceedIfError;this.isTimeDelay=false;this.process=function(){self.isInitialized=true;log("... file = "+name);var scr=document.createElement('script');scr.src=path;if(async===true)scr.async=true;else if(defer===true)scr.defer=true;scr.onerror=function(){log("----- ERR'D: "+self.name);self.isError=true;if(self.isBlock===true){processAll();}};scr.onreadystatechange=scr.onload=function(){var state=scr.readyState;log("----- F'D: "+self.name);if((!state||/loaded|complete/.test(state))){self.isComplete=true;if(self.isBlock===true){processAll();}}};document.getElementsByTagName('head')[0].appendChild(scr);}}};function init(){window.addEventListener("load",function(){setTimeout(function(){timeDelayFired=true;log('TDELAY -----');processAll();},5000);},false);}
      function addFile(name,path,isBlock,blockedBy,async,defer,proceedIfError,priority){var item=new obj.file(name,path,isBlock,blockedBy,async,defer,proceedIfError);if(priority===true){hpItems[name]=item}else{lpItems[name]=item}
      items[name]=item;checkIfBlocked(item);}
      function setallowLoad(settobool){allowLoad=settobool}
      function addFunc(name,func,parameters,isBlock,blockedBy,autoInc,deleteWhenComplete,proceedIfError,priority){if(autoInc===true)name=name+"_"+incr++;var item=new obj.func(name,func,parameters,isBlock,blockedBy,deleteWhenComplete,proceedIfError);if(priority===true){hpItems[name]=item}else{lpItems[name]=item}
      items[name]=item;checkIfBlocked(item);}
      function addTimeDelayFile(name,path){var item=new obj.file(name,path,false,[],false,false,true);item.isTimeDelay=true;log(name+' ... '+' FILE! TDELAY');lpItems[name]=item;items[name]=item;checkIfBlocked(item);}
      function addTimeDelayFunc(name,func,parameters){var item=new obj.func(name,func,parameters,false,[],true,true);item.isTimeDelay=true;log(name+' ... '+' FUNCTION! TDELAY');lpItems[name]=item;items[name]=item;checkIfBlocked(item);}
      function checkIfBlocked(item){if(isBlocked(item)===true||allowLoad==false)return;item.process();}
      function isBlocked(item){if(item.isTimeDelay===true&amp;&amp;timeDelayFired===false){log(item.name+" blocked = TIME DELAY!");return true;}
      if(item.blockedBy instanceof Array){for(var i=0;i&lt;item.blockedBy.length;i++){var block=item.blockedBy[i];if(items.hasOwnProperty(block)===false){log(item.name+" blocked = "+block);return true;}else if(item.proceedIfError===true&amp;&amp;items[block].isError===true){return false;}else if(items[block].isComplete===false){log(item.name+" blocked = "+block);return true;}}}
      return false;}
      function log(msg){var href=window.location.href;var reg=new RegExp('[?&amp;]ezq=([^&amp;#]*)','i');var string=reg.exec(href);var res=string?string[1]:null;if(res==="1")console.debug(msg);}
      function processAll(){count++;if(count&gt;200)return;log("let's go");processItems(hpItems);processItems(lpItems);}
      function processItems(list){for(var i in list){if(list.hasOwnProperty(i)===false)continue;var item=list[i];if(item.isComplete===true||isBlocked(item)||item.isInitialized===true||item.isError===true){if(item.isError===true){log(item.name+': error')}else if(item.isComplete===true){log(item.name+': complete already')}else if(item.isInitialized===true){log(item.name+': initialized already')}}else{item.process();}}}
      init();return{addFile:addFile,addDelayFile:addTimeDelayFile,addFunc:addFunc,addDelayFunc:addTimeDelayFunc,items:items,processAll:processAll,setallowLoad:setallowLoad};})();__ez.evt.add=function(e,t,n){e.addEventListener?e.addEventListener(t,n,!1):e.attachEvent?e.attachEvent("on"+t,n):e["on"+t]=n()},__ez.evt.remove=function(e,t,n){e.removeEventListener?e.removeEventListener(t,n,!1):e.detachEvent?e.detachEvent("on"+t,n):delete e["on"+t]};__ez.script.add=function(e){var t=document.createElement("script");t.src=e,t.async=!0,t.type="text/javascript",document.getElementsByTagName("head")[0].appendChild(t)};__ez.queue.addFile('/detroitchicago/boise.js', '/detroitchicago/boise.js?gcb=191-6&amp;cb=1', false, [], true, false, true, false);__ez.dot={};__ez.queue.addFile('/detroitchicago/memphis.js', '/detroitchicago/memphis.js?gcb=191-6&amp;cb=1', false, [], true, false, true, false);__ez.queue.addFile('/detroitchicago/minneapolis.js', '/detroitchicago/minneapolis.js?gcb=191-6&amp;cb=1', false, [], true, false, true, false);__ez.vep=(function(){var pixels=[],pxURL="/detroitchicago/grapefruit.gif";function AddPixel(vID,pixelData){if(__ez.dot.isDefined(vID)&amp;&amp;__ez.dot.isValid(pixelData)){pixels.push({type:'video',video_impression_id:vID,domain_id:__ez.dot.getDID(),t_epoch:__ez.dot.getEpoch(0),data:__ez.dot.dataToStr(pixelData)});}}
      function Fire(){if(typeof document.visibilityState!=='undefined'&amp;&amp;document.visibilityState==="prerender"){return;}
      if(__ez.dot.isDefined(pixels)&amp;&amp;pixels.length&gt;0){while(pixels.length&gt;0){var j=5;if(j&gt;pixels.length){j=pixels.length;}
      var pushPixels=pixels.splice(0,j);(new Image()).src=__ez.dot.getURL(pxURL)+"?orig="+(__ez.template.isOrig===true?1:0)+"&amp;v="+btoa(JSON.stringify(pushPixels));}}
      pixels=[];}
      return{Add:AddPixel,Fire:Fire};})();</script>
          <script data-ezscrex="false" data-cfasync="false" data-pagespeed-no-defer="data-pagespeed-no-defer">__ez.pel=(function(){var pixels=[],pxURL="/porpoiseant/army.gif";function AddAndFirePixel(adSlot,pixelData){AddPixel(adSlot,pixelData,0,0,0,0,0);Fire();}
      function GetCurrentPixels(){return pixels;}
      function AddPixel(adSlot,pixelData,revenue,est_revenue,bid_floor_filled,bid_floor_prev,stat_source_id){if(!__ez.dot.isDefined(adSlot)||__ez.dot.isAnyDefined(adSlot.getSlotElementId,adSlot.ElementId)==false){return;}
      var ad_position_id=parseInt(__ez.dot.getTargeting(adSlot,'ap'));var impId=__ez.dot.getSlotIID(adSlot),adUnit=__ez.dot.getAdUnit(adSlot);var compId=parseInt(__ez.dot.getTargeting(adSlot,"compid"));var lineItemId=0;var creativeId=0;var ezimData=getEzimData(adSlot);if(typeof ezimData=='object'){if(ezimData.creative_id!==undefined){creativeId=ezimData.creative_id;}
      if(ezimData.line_item_id!==undefined){lineItemId=ezimData.line_item_id;}}
      if(__ez.dot.isDefined(impId,adUnit)&amp;&amp;__ez.dot.isValid(pixelData)){pixels.push({type:"impression",impression_id:impId,domain_id:__ez.dot.getDID(),unit:adUnit,t_epoch:__ez.dot.getEpoch(0),revenue:revenue,est_revenue:est_revenue,ad_position:ad_position_id,ad_size:"",bid_floor_filled:bid_floor_filled,bid_floor_prev:bid_floor_prev,stat_source_id:stat_source_id,country_code:__ez.dot.getCC(),pageview_id:__ez.dot.getPageviewId(),comp_id:compId,line_item_id:lineItemId,creative_id:creativeId,data:__ez.dot.dataToStr(pixelData)});}}
      function AddPixelById(impFullId,pixelData){var vals=impFullId.split('/');if(__ez.dot.isDefined(impFullId)&amp;&amp;vals.length===3&amp;&amp;__ez.dot.isValid(pixelData)){var adUnit=vals[0],impId=vals[2];pixels.push({type:"impression",impression_id:impId,domain_id:__ez.dot.getDID(),unit:adUnit,t_epoch:__ez.dot.getEpoch(0),pageview_id:__ez.dot.getPageviewId(),data:__ez.dot.dataToStr(pixelData)});}}
      function Fire(){if(typeof document.visibilityState!=='undefined'&amp;&amp;document.visibilityState==="prerender")return;if(__ez.dot.isDefined(pixels)&amp;&amp;pixels.length&gt;0){while(pixels.length&gt;0){var j=5;if(j&gt;pixels.length){j=pixels.length;}
      var pushPixels=pixels.splice(0,j);var pixelURL=__ez.dot.getURL(pxURL)+"?orig="+(__ez.template.isOrig===true?1:0)+"&amp;sts="+btoa(JSON.stringify(pushPixels));if(typeof window.isAmp!=='undefined'&amp;&amp;isAmp&amp;&amp;typeof window._ezaq!=='undefined'&amp;&amp;_ezaq.hasOwnProperty("domain_id")){pixelURL+="&amp;visit_uuid="+_ezaq['visit_uuid'];}
      (new Image()).src=pixelURL;}}
      pixels=[];}
      function getEzimData(adSlot){if(typeof _ezim_d=="undefined"){return false}
      var adUnitName=__ez.dot.getAdUnitPath(adSlot).split('/').pop();if(typeof _ezim_d==='object'&amp;&amp;_ezim_d.hasOwnProperty(adUnitName)){return _ezim_d[adUnitName];}
      for(var ezimKey in _ezim_d){if(ezimKey.split('/').pop()===adUnitName){return _ezim_d[ezimKey];}}
      return false;}
      return{Add:AddPixel,AddAndFire:AddAndFirePixel,AddById:AddPixelById,Fire:Fire,GetPixels:GetCurrentPixels,};})();__ez.queue.addFile('/detroitchicago/raleigh.js', '/detroitchicago/raleigh.js?gcb=191-6&amp;cb=1', false, [], true, false, true, false);__ez.queue.addFile('/detroitchicago/tampa.js', '/detroitchicago/tampa.js?gcb=191-6&amp;cb=1', false, [], true, false, true, false);</script>
          <script data-ezscrex="false" type="text/javascript" data-cfasync="false">var _ezaq = {"ad_cache_level":0,"ad_count_adjustment":0,"ad_lazyload_version":0,"ad_location_ids":"","ad_transform_level":0,"adx_ad_count":0,"bidder_method":1,"bidder_version":3,"city":"Frankfurt am Main","country":"DE","days_since_last_visit":-1,"display_ad_count":0,"domain_id":133674,"ds_adsize_opt_id":-1,"engaged_time_visit":0,"ezcache_level":1,"forensiq_score":-1,"form_factor_id":1,"framework_id":1,"has_bad_image":0,"has_bad_words":0,"iab_category":"","is_from_recommended_pages":false,"is_return_visitor":false,"is_sitespeed":0,"last_page_load":"","last_pageview_id":"","lt_cache_level":0,"max_ads":0,"metro_code":0,"optimization_version":1,"page_ad_positions":"","page_view_count":0,"page_view_id":"523b02cf-c96a-4f9f-5f28-a93c742c266d","position_selection_id":0,"postal_code":"60326","pv_event_count":0,"response_time_orig":683,"serverid":"3.125.120.146:29867","state":"HE","sub_page_ad_positions":"","t_epoch":1600027943,"template_id":0,"time_on_site_visit":0,"url":"http://dummy.restapiexample.com/api/v1/employee/0","user_id":0,"word_count":0,"worst_bad_word_level":0};var _ezim_d = null;var _ezat = {"domain_id":133674,"form_factor_id":1,"framework_id":1,"pageview_date":"2020-09-13","pageview_id":"523b02cf-c96a-4f9f-5f28-a93c742c266d","template_id":0,"url":"http://dummy.restapiexample.com/api/v1/employee/0","visit_uuid":"e96aba20-21d2-4298-7981-35732f3e0e62"};</script>
          <script data-ezscrex="false" data-pagespeed-no-defer="data-pagespeed-no-defer" data-cfasync="false" type="text/javascript">__ez.queue.addFile('banger.js', '/porpoiseant/banger.js?cb=191-6&amp;bv=86&amp;v=35&amp;PageSpeed=off', true, [], true, false, false, true);</script>
          <script data-ezscrex="false" data-cfasync="false">(function(){if("function"===typeof window.CustomEvent)return!1;window.CustomEvent=function(c,a){a=a||{bubbles:!1,cancelable:!1,detail:null};var b=document.createEvent("CustomEvent");b.initCustomEvent(c,a.bubbles,a.cancelable,a.detail);return b}})();</script>
          <script data-ezscrex="false" data-cfasync="false">__ez.queue.addFile('/detroitchicago/tulsa.js', '/detroitchicago/tulsa.js?gcb=191-6&amp;cb=2', false, [], true, false, true, false);</script>
          <meta name="viewport" content="width=device-width, initial-scale=1"/>
          <title>Too Many Requests</title>
          <link rel="dns-prefetch" href="//fonts.gstatic.com"/>
          <link href="https://fonts.googleapis.com/css?family=Nunito" rel="stylesheet"/>
          <style>
                  html, body {
                      background-color: #fff;
                      color: #636b6f;
                      font-family: 'Nunito', sans-serif;
                      font-weight: 100;
                      height: 100vh;
                      margin: 0;
                  }
      
                  .full-height {
                      height: 100vh;
                  }
      
                  .flex-center {
                      align-items: center;
                      display: flex;
                      justify-content: center;
                  }
      
                  .position-ref {
                      position: relative;
                  }
      
                  .code {
                      border-right: 2px solid;
                      font-size: 26px;
                      padding: 0 15px 0 15px;
                      text-align: center;
                  }
      
                  .message {
                      font-size: 18px;
                      text-align: center;
                  }
              </style>
          <script data-ezscrex="false" data-cfasync="false" type="text/javascript">window.google_analytics_uacct = "UA-131129777-14";</script>
          <script data-ezscrex="false" data-cfasync="false" type="text/javascript">
      var _gaq = _gaq || [];
      _gaq.push(['e._setAccount', 'UA-131129777-14']);
      _gaq.push(['f._setAccount', 'UA-38339005-1']);
      _gaq.push(['e._setDomainName', 'restapiexample.com']);
      _gaq.push(['f._setDomainName', 'restapiexample.com']);
      _gaq.push(['e._setCustomVar',1,'template','pub_site_noads',3]);
      _gaq.push(['e._setCustomVar',2,'t','147',3]);
      _gaq.push(['e._setCustomVar',3,'rid','0',2]);
      _gaq.push(['e._setCustomVar',4,'bra','mod1',3]);
      _gaq.push(['e._setAllowAnchor',true]);
      _gaq.push(['e._setSiteSpeedSampleRate', 10]);
      _gaq.push(['f._setCustomVar',1,'template','pub_site_noads',3]);
      _gaq.push(['f._setCustomVar',2,'domain','restapiexample.com',3]);
      _gaq.push(['f._setSiteSpeedSampleRate', 20]);
      _gaq.push(['e._trackPageview']);
      _gaq.push(['f._trackPageview']);
      
      
      (function() {
       var ga = document.createElement('script'); ga.type = 'text/javascript'; ga.async = true;
       ga.src = ('https:' == document.location.protocol ? 'https://ssl' : 'http://www') + '.google-analytics.com/ga.js';
       var s = document.getElementsByTagName('script')[0]; s.parentNode.insertBefore(ga, s);
      })();
      </script>
          <script type="text/javascript">var ezouid = "1";</script>
          <base href="http://dummy.restapiexample.com/api/v1/employee/0"/>
          <script type="text/javascript">
      var ezoTemplate = 'pub_site_noads';
      if(typeof ezouid == 'undefined')
      {
          var ezouid = 'none';
      }
      var ezoFormfactor = '1';
      var ezo_elements_to_check = Array();
      </script>
          <script data-ezscrex="false" type="text/javascript">
      var soc_app_id = '0';
      var did = 133674;
      var ezdomain = 'restapiexample.com';
      var ezoicSearchable = 1;
      </script>
          <script data-ezscrex="false" data-pagespeed-no-defer="data-pagespeed-no-defer" data-cfasync="false">
      function create_ezolpl(pvID, rv) {
          var d = new Date();
          d.setTime(d.getTime() + (365*24*60*60*1000));
          var expires = "expires="+d.toUTCString();
          __ez.ck.setByCat("ezux_lpl_133674=" + new Date().getTime() + "|" + pvID + "|" + rv + "; " + expires, 3);
      }
      function attach_ezolpl(pvID, rv) {
          if (document.readyState === "complete") {
              create_ezolpl(pvID, rv);
          }
          if(window.attachEvent) {
              window.attachEvent("onload", create_ezolpl, pvID, rv);
          } else {
              if(window.onload) {
                  var curronload = window.onload;
                  var newonload = function(evt) {
                      curronload(evt);
                      create_ezolpl(pvID, rv);
                  };
                  window.onload = newonload;
              } else {
                  window.onload = create_ezolpl.bind(null, pvID, rv);
              }
          }
      }
      
      __ez.queue.addFunc("attach_ezolpl", "attach_ezolpl", ["523b02cf-c96a-4f9f-5f28-a93c742c266d", "false"], false, ['/detroitchicago/boise.js'], true, false, false, false);
      </script>
        </head>
        <body>
          <div class="flex-center position-ref full-height">
            <div class="code">
                      429            </div>
            <div class="message" style="padding: 10px;">
                      Too Many Requests            </div>
          </div>
          <script type="text/javascript" style="display:none;">var __ez_dims = (function() {
      		var setCookie = function( name, content, expiry ) {
      			return document.cookie = name+'='+content+((expiry)?';expires='+(new Date(Math.floor(new Date().getTime()+expiry*1000)).toUTCString()):'')+';path=/';
      		};
      		var ffid = 1;
      		var oh = window.screen.height;
      		var ow = window.screen.width;
      		var h = ffid === 1 ? oh : (oh &gt; ow) ? oh : ow;
      		var w = ffid === 1 ? ow : (oh &gt; ow) ? ow : oh;
      		var uh = window.innerHeight || document.documentElement.clientHeight || document.getElementsByTagName('body')[0].clientHeight;
      		var uw = window.innerWidth || document.documentElement.clientWidth || document.getElementsByTagName('body')[0].clientWidth;
      		setCookie('ezds', encodeURIComponent('ffid='+ffid+',w='+w+',h='+h), (31536e3*7));
      		setCookie('ezohw', encodeURIComponent('w='+uw+',h='+uh), (31536e3*7));
      	})();</script>
          <script type="text/javascript" style="display:none;" async="async">
      __ez.queue.addFile('edmonton.php', '/detroitchicago/edmonton.webp?a=a&amp;cb=191-6&amp;shcb=34', true, ['/detroitchicago/minneapolis.js'], true, false, false, false);
      __ez.queue.addFile('jellyfish.php', '/porpoiseant/jellyfish.webp?a=a&amp;cb=191-6&amp;shcb=34', false, [], true, false, false, false);
      </script>
          <script type="text/javascript" data-cfasync="false"/>
        </body>
      </html>
      	at org.junit.Assert.fail(Assert.java:93)
      	at utility.HTTP_Methods.responseCode(HTTP_Methods.java:72)
      	at stepDefinitionFiles.httpActivity.verify_the_Response_code_is(httpActivity.java:23)
      	at ✽.Then verify the Response code is "400"(TC03 GET Employee 2982.feature:25)

    And ignore attribute "" and verify the Response schema             # httpActivity.ignore_attribute_and_verify_the_Response_schema(String,String)
      """
      {
      "status": "error",
      "message": "Not found record",
      "code": 400,
      "errors": "id is empty"
      }
      """
]]></system-out>
  </testcase>
  <testcase name="feature" classname="testRunnerFile.TestRunner" time="1.675"/>
  <testcase name="feature" classname="testRunnerFile.TestRunner" time="1.815">
    <failure message="java.lang.AssertionError: Expected Status code as per test cases is = 200 but Status code recieved is = 429 was found instead...&#10;Body coming from backend is--&gt;&lt;html lang=&quot;en&quot;&gt;&#10;  &lt;head&gt;&#10;    &lt;meta charset=&quot;utf-8&quot;/&gt;&#10;    &lt;script data-ezscrex=&quot;false&quot; data-cfasync=&quot;false&quot; data-pagespeed-no-defer=&quot;data-pagespeed-no-defer&quot;&gt;var __ez=__ez||{};__ez.stms=Date.now();__ez.evt={};__ez.script={};__ez.ck=__ez.ck||{};__ez.template={};__ez.template.isOrig=false;__ez.queue=(function(){var count=0,incr=0,items=[],timeDelayFired=false,hpItems=[],lpItems=[],allowLoad=true;var obj={func:function(name,funcName,parameters,isBlock,blockedBy,deleteWhenComplete,proceedIfError){var self=this;this.name=name;this.funcName=funcName;this.parameters=parameters===null?null:(parameters instanceof Array)?parameters:[parameters];this.isBlock=isBlock;this.blockedBy=blockedBy;this.deleteWhenComplete=deleteWhenComplete;this.isError=false;this.isComplete=false;this.isInitialized=false;this.proceedIfError=proceedIfError;this.isTimeDelay=false;this.process=function(){log(&quot;... func = &quot;+name);self.isInitialized=true;self.isComplete=true;log(&quot;... func.apply: &quot;+name);var funcs=self.funcName.split(&apos;.&apos;);var func=null;if(funcs.length&amp;gt;3){}else if(funcs.length===3){func=window[funcs[0]][funcs[1]][funcs[2]];}else if(funcs.length===2){func=window[funcs[0]][funcs[1]];}else{func=window[self.funcName];}&#10;if(typeof func!==&apos;undefined&apos;&amp;amp;&amp;amp;func!==null){func.apply(null,this.parameters);}&#10;if(self.deleteWhenComplete===true)delete items[name];if(self.isBlock===true){log(&quot;----- F&apos;D: &quot;+self.name);processAll();}}},file:function(name,path,isBlock,blockedBy,async,defer,proceedIfError){var self=this;this.name=name;this.path=path;this.async=async;this.defer=defer;this.isBlock=isBlock;this.blockedBy=blockedBy;this.isInitialized=false;this.isError=false;this.isComplete=false;this.proceedIfError=proceedIfError;this.isTimeDelay=false;this.process=function(){self.isInitialized=true;log(&quot;... file = &quot;+name);var scr=document.createElement(&apos;script&apos;);scr.src=path;if(async===true)scr.async=true;else if(defer===true)scr.defer=true;scr.onerror=function(){log(&quot;----- ERR&apos;D: &quot;+self.name);self.isError=true;if(self.isBlock===true){processAll();}};scr.onreadystatechange=scr.onload=function(){var state=scr.readyState;log(&quot;----- F&apos;D: &quot;+self.name);if((!state||/loaded|complete/.test(state))){self.isComplete=true;if(self.isBlock===true){processAll();}}};document.getElementsByTagName(&apos;head&apos;)[0].appendChild(scr);}}};function init(){window.addEventListener(&quot;load&quot;,function(){setTimeout(function(){timeDelayFired=true;log(&apos;TDELAY -----&apos;);processAll();},5000);},false);}&#10;function addFile(name,path,isBlock,blockedBy,async,defer,proceedIfError,priority){var item=new obj.file(name,path,isBlock,blockedBy,async,defer,proceedIfError);if(priority===true){hpItems[name]=item}else{lpItems[name]=item}&#10;items[name]=item;checkIfBlocked(item);}&#10;function setallowLoad(settobool){allowLoad=settobool}&#10;function addFunc(name,func,parameters,isBlock,blockedBy,autoInc,deleteWhenComplete,proceedIfError,priority){if(autoInc===true)name=name+&quot;_&quot;+incr++;var item=new obj.func(name,func,parameters,isBlock,blockedBy,deleteWhenComplete,proceedIfError);if(priority===true){hpItems[name]=item}else{lpItems[name]=item}&#10;items[name]=item;checkIfBlocked(item);}&#10;function addTimeDelayFile(name,path){var item=new obj.file(name,path,false,[],false,false,true);item.isTimeDelay=true;log(name+&apos; ... &apos;+&apos; FILE! TDELAY&apos;);lpItems[name]=item;items[name]=item;checkIfBlocked(item);}&#10;function addTimeDelayFunc(name,func,parameters){var item=new obj.func(name,func,parameters,false,[],true,true);item.isTimeDelay=true;log(name+&apos; ... &apos;+&apos; FUNCTION! TDELAY&apos;);lpItems[name]=item;items[name]=item;checkIfBlocked(item);}&#10;function checkIfBlocked(item){if(isBlocked(item)===true||allowLoad==false)return;item.process();}&#10;function isBlocked(item){if(item.isTimeDelay===true&amp;amp;&amp;amp;timeDelayFired===false){log(item.name+&quot; blocked = TIME DELAY!&quot;);return true;}&#10;if(item.blockedBy instanceof Array){for(var i=0;i&amp;lt;item.blockedBy.length;i++){var block=item.blockedBy[i];if(items.hasOwnProperty(block)===false){log(item.name+&quot; blocked = &quot;+block);return true;}else if(item.proceedIfError===true&amp;amp;&amp;amp;items[block].isError===true){return false;}else if(items[block].isComplete===false){log(item.name+&quot; blocked = &quot;+block);return true;}}}&#10;return false;}&#10;function log(msg){var href=window.location.href;var reg=new RegExp(&apos;[?&amp;amp;]ezq=([^&amp;amp;#]*)&apos;,&apos;i&apos;);var string=reg.exec(href);var res=string?string[1]:null;if(res===&quot;1&quot;)console.debug(msg);}&#10;function processAll(){count++;if(count&amp;gt;200)return;log(&quot;let&apos;s go&quot;);processItems(hpItems);processItems(lpItems);}&#10;function processItems(list){for(var i in list){if(list.hasOwnProperty(i)===false)continue;var item=list[i];if(item.isComplete===true||isBlocked(item)||item.isInitialized===true||item.isError===true){if(item.isError===true){log(item.name+&apos;: error&apos;)}else if(item.isComplete===true){log(item.name+&apos;: complete already&apos;)}else if(item.isInitialized===true){log(item.name+&apos;: initialized already&apos;)}}else{item.process();}}}&#10;init();return{addFile:addFile,addDelayFile:addTimeDelayFile,addFunc:addFunc,addDelayFunc:addTimeDelayFunc,items:items,processAll:processAll,setallowLoad:setallowLoad};})();__ez.evt.add=function(e,t,n){e.addEventListener?e.addEventListener(t,n,!1):e.attachEvent?e.attachEvent(&quot;on&quot;+t,n):e[&quot;on&quot;+t]=n()},__ez.evt.remove=function(e,t,n){e.removeEventListener?e.removeEventListener(t,n,!1):e.detachEvent?e.detachEvent(&quot;on&quot;+t,n):delete e[&quot;on&quot;+t]};__ez.script.add=function(e){var t=document.createElement(&quot;script&quot;);t.src=e,t.async=!0,t.type=&quot;text/javascript&quot;,document.getElementsByTagName(&quot;head&quot;)[0].appendChild(t)};__ez.queue.addFile(&apos;/detroitchicago/boise.js&apos;, &apos;/detroitchicago/boise.js?gcb=191-6&amp;amp;cb=1&apos;, false, [], true, false, true, false);__ez.dot={};__ez.queue.addFile(&apos;/detroitchicago/memphis.js&apos;, &apos;/detroitchicago/memphis.js?gcb=191-6&amp;amp;cb=1&apos;, false, [], true, false, true, false);__ez.queue.addFile(&apos;/detroitchicago/minneapolis.js&apos;, &apos;/detroitchicago/minneapolis.js?gcb=191-6&amp;amp;cb=1&apos;, false, [], true, false, true, false);__ez.vep=(function(){var pixels=[],pxURL=&quot;/detroitchicago/grapefruit.gif&quot;;function AddPixel(vID,pixelData){if(__ez.dot.isDefined(vID)&amp;amp;&amp;amp;__ez.dot.isValid(pixelData)){pixels.push({type:&apos;video&apos;,video_impression_id:vID,domain_id:__ez.dot.getDID(),t_epoch:__ez.dot.getEpoch(0),data:__ez.dot.dataToStr(pixelData)});}}&#10;function Fire(){if(typeof document.visibilityState!==&apos;undefined&apos;&amp;amp;&amp;amp;document.visibilityState===&quot;prerender&quot;){return;}&#10;if(__ez.dot.isDefined(pixels)&amp;amp;&amp;amp;pixels.length&amp;gt;0){while(pixels.length&amp;gt;0){var j=5;if(j&amp;gt;pixels.length){j=pixels.length;}&#10;var pushPixels=pixels.splice(0,j);(new Image()).src=__ez.dot.getURL(pxURL)+&quot;?orig=&quot;+(__ez.template.isOrig===true?1:0)+&quot;&amp;amp;v=&quot;+btoa(JSON.stringify(pushPixels));}}&#10;pixels=[];}&#10;return{Add:AddPixel,Fire:Fire};})();&lt;/script&gt;&#10;    &lt;script data-ezscrex=&quot;false&quot; data-cfasync=&quot;false&quot; data-pagespeed-no-defer=&quot;data-pagespeed-no-defer&quot;&gt;__ez.pel=(function(){var pixels=[],pxURL=&quot;/porpoiseant/army.gif&quot;;function AddAndFirePixel(adSlot,pixelData){AddPixel(adSlot,pixelData,0,0,0,0,0);Fire();}&#10;function GetCurrentPixels(){return pixels;}&#10;function AddPixel(adSlot,pixelData,revenue,est_revenue,bid_floor_filled,bid_floor_prev,stat_source_id){if(!__ez.dot.isDefined(adSlot)||__ez.dot.isAnyDefined(adSlot.getSlotElementId,adSlot.ElementId)==false){return;}&#10;var ad_position_id=parseInt(__ez.dot.getTargeting(adSlot,&apos;ap&apos;));var impId=__ez.dot.getSlotIID(adSlot),adUnit=__ez.dot.getAdUnit(adSlot);var compId=parseInt(__ez.dot.getTargeting(adSlot,&quot;compid&quot;));var lineItemId=0;var creativeId=0;var ezimData=getEzimData(adSlot);if(typeof ezimData==&apos;object&apos;){if(ezimData.creative_id!==undefined){creativeId=ezimData.creative_id;}&#10;if(ezimData.line_item_id!==undefined){lineItemId=ezimData.line_item_id;}}&#10;if(__ez.dot.isDefined(impId,adUnit)&amp;amp;&amp;amp;__ez.dot.isValid(pixelData)){pixels.push({type:&quot;impression&quot;,impression_id:impId,domain_id:__ez.dot.getDID(),unit:adUnit,t_epoch:__ez.dot.getEpoch(0),revenue:revenue,est_revenue:est_revenue,ad_position:ad_position_id,ad_size:&quot;&quot;,bid_floor_filled:bid_floor_filled,bid_floor_prev:bid_floor_prev,stat_source_id:stat_source_id,country_code:__ez.dot.getCC(),pageview_id:__ez.dot.getPageviewId(),comp_id:compId,line_item_id:lineItemId,creative_id:creativeId,data:__ez.dot.dataToStr(pixelData)});}}&#10;function AddPixelById(impFullId,pixelData){var vals=impFullId.split(&apos;/&apos;);if(__ez.dot.isDefined(impFullId)&amp;amp;&amp;amp;vals.length===3&amp;amp;&amp;amp;__ez.dot.isValid(pixelData)){var adUnit=vals[0],impId=vals[2];pixels.push({type:&quot;impression&quot;,impression_id:impId,domain_id:__ez.dot.getDID(),unit:adUnit,t_epoch:__ez.dot.getEpoch(0),pageview_id:__ez.dot.getPageviewId(),data:__ez.dot.dataToStr(pixelData)});}}&#10;function Fire(){if(typeof document.visibilityState!==&apos;undefined&apos;&amp;amp;&amp;amp;document.visibilityState===&quot;prerender&quot;)return;if(__ez.dot.isDefined(pixels)&amp;amp;&amp;amp;pixels.length&amp;gt;0){while(pixels.length&amp;gt;0){var j=5;if(j&amp;gt;pixels.length){j=pixels.length;}&#10;var pushPixels=pixels.splice(0,j);var pixelURL=__ez.dot.getURL(pxURL)+&quot;?orig=&quot;+(__ez.template.isOrig===true?1:0)+&quot;&amp;amp;sts=&quot;+btoa(JSON.stringify(pushPixels));if(typeof window.isAmp!==&apos;undefined&apos;&amp;amp;&amp;amp;isAmp&amp;amp;&amp;amp;typeof window._ezaq!==&apos;undefined&apos;&amp;amp;&amp;amp;_ezaq.hasOwnProperty(&quot;domain_id&quot;)){pixelURL+=&quot;&amp;amp;visit_uuid=&quot;+_ezaq[&apos;visit_uuid&apos;];}&#10;(new Image()).src=pixelURL;}}&#10;pixels=[];}&#10;function getEzimData(adSlot){if(typeof _ezim_d==&quot;undefined&quot;){return false}&#10;var adUnitName=__ez.dot.getAdUnitPath(adSlot).split(&apos;/&apos;).pop();if(typeof _ezim_d===&apos;object&apos;&amp;amp;&amp;amp;_ezim_d.hasOwnProperty(adUnitName)){return _ezim_d[adUnitName];}&#10;for(var ezimKey in _ezim_d){if(ezimKey.split(&apos;/&apos;).pop()===adUnitName){return _ezim_d[ezimKey];}}&#10;return false;}&#10;return{Add:AddPixel,AddAndFire:AddAndFirePixel,AddById:AddPixelById,Fire:Fire,GetPixels:GetCurrentPixels,};})();__ez.queue.addFile(&apos;/detroitchicago/raleigh.js&apos;, &apos;/detroitchicago/raleigh.js?gcb=191-6&amp;amp;cb=1&apos;, false, [], true, false, true, false);__ez.queue.addFile(&apos;/detroitchicago/tampa.js&apos;, &apos;/detroitchicago/tampa.js?gcb=191-6&amp;amp;cb=1&apos;, false, [], true, false, true, false);&lt;/script&gt;&#10;    &lt;script data-ezscrex=&quot;false&quot; type=&quot;text/javascript&quot; data-cfasync=&quot;false&quot;&gt;var _ezaq = {&quot;ad_cache_level&quot;:0,&quot;ad_count_adjustment&quot;:0,&quot;ad_lazyload_version&quot;:0,&quot;ad_location_ids&quot;:&quot;&quot;,&quot;ad_transform_level&quot;:0,&quot;adx_ad_count&quot;:0,&quot;bidder_method&quot;:1,&quot;bidder_version&quot;:3,&quot;city&quot;:&quot;Frankfurt am Main&quot;,&quot;country&quot;:&quot;DE&quot;,&quot;days_since_last_visit&quot;:-1,&quot;display_ad_count&quot;:0,&quot;domain_id&quot;:133674,&quot;ds_adsize_opt_id&quot;:-1,&quot;engaged_time_visit&quot;:0,&quot;ezcache_level&quot;:1,&quot;forensiq_score&quot;:-1,&quot;form_factor_id&quot;:1,&quot;framework_id&quot;:1,&quot;has_bad_image&quot;:0,&quot;has_bad_words&quot;:0,&quot;iab_category&quot;:&quot;&quot;,&quot;is_from_recommended_pages&quot;:false,&quot;is_return_visitor&quot;:false,&quot;is_sitespeed&quot;:0,&quot;last_page_load&quot;:&quot;&quot;,&quot;last_pageview_id&quot;:&quot;&quot;,&quot;lt_cache_level&quot;:0,&quot;max_ads&quot;:0,&quot;metro_code&quot;:0,&quot;optimization_version&quot;:1,&quot;page_ad_positions&quot;:&quot;&quot;,&quot;page_view_count&quot;:0,&quot;page_view_id&quot;:&quot;d922ffe3-8e2c-4e29-4be4-939af37e161b&quot;,&quot;position_selection_id&quot;:0,&quot;postal_code&quot;:&quot;60326&quot;,&quot;pv_event_count&quot;:0,&quot;response_time_orig&quot;:694,&quot;serverid&quot;:&quot;18.192.36.238:14857&quot;,&quot;state&quot;:&quot;HE&quot;,&quot;sub_page_ad_positions&quot;:&quot;&quot;,&quot;t_epoch&quot;:1600027947,&quot;template_id&quot;:0,&quot;time_on_site_visit&quot;:0,&quot;url&quot;:&quot;http://dummy.restapiexample.com/api/v1/delete/2982&quot;,&quot;user_id&quot;:0,&quot;word_count&quot;:0,&quot;worst_bad_word_level&quot;:0};var _ezim_d = null;var _ezat = {&quot;domain_id&quot;:133674,&quot;form_factor_id&quot;:1,&quot;framework_id&quot;:1,&quot;pageview_date&quot;:&quot;2020-09-13&quot;,&quot;pageview_id&quot;:&quot;d922ffe3-8e2c-4e29-4be4-939af37e161b&quot;,&quot;template_id&quot;:0,&quot;url&quot;:&quot;http://dummy.restapiexample.com/api/v1/delete/2982&quot;,&quot;visit_uuid&quot;:&quot;cc5c26da-a30d-4cff-436b-166f945ac93d&quot;};&lt;/script&gt;&#10;    &lt;script data-ezscrex=&quot;false&quot; data-pagespeed-no-defer=&quot;data-pagespeed-no-defer&quot; data-cfasync=&quot;false&quot; type=&quot;text/javascript&quot;&gt;__ez.queue.addFile(&apos;banger.js&apos;, &apos;/porpoiseant/banger.js?cb=191-6&amp;amp;bv=86&amp;amp;v=35&amp;amp;PageSpeed=off&apos;, true, [], true, false, false, true);&lt;/script&gt;&#10;    &lt;script data-ezscrex=&quot;false&quot; data-cfasync=&quot;false&quot;&gt;(function(){if(&quot;function&quot;===typeof window.CustomEvent)return!1;window.CustomEvent=function(c,a){a=a||{bubbles:!1,cancelable:!1,detail:null};var b=document.createEvent(&quot;CustomEvent&quot;);b.initCustomEvent(c,a.bubbles,a.cancelable,a.detail);return b}})();&lt;/script&gt;&#10;    &lt;script data-ezscrex=&quot;false&quot; data-cfasync=&quot;false&quot;&gt;__ez.queue.addFile(&apos;/detroitchicago/tulsa.js&apos;, &apos;/detroitchicago/tulsa.js?gcb=191-6&amp;amp;cb=2&apos;, false, [], true, false, true, false);&lt;/script&gt;&#10;    &lt;meta name=&quot;viewport&quot; content=&quot;width=device-width, initial-scale=1&quot;/&gt;&#10;    &lt;title&gt;Too Many Requests&lt;/title&gt;&#10;    &lt;link rel=&quot;dns-prefetch&quot; href=&quot;//fonts.gstatic.com&quot;/&gt;&#10;    &lt;link href=&quot;https://fonts.googleapis.com/css?family=Nunito&quot; rel=&quot;stylesheet&quot;/&gt;&#10;    &lt;style&gt;&#10;            html, body {&#10;                background-color: #fff;&#10;                color: #636b6f;&#10;                font-family: &apos;Nunito&apos;, sans-serif;&#10;                font-weight: 100;&#10;                height: 100vh;&#10;                margin: 0;&#10;            }&#10;&#10;            .full-height {&#10;                height: 100vh;&#10;            }&#10;&#10;            .flex-center {&#10;                align-items: center;&#10;                display: flex;&#10;                justify-content: center;&#10;            }&#10;&#10;            .position-ref {&#10;                position: relative;&#10;            }&#10;&#10;            .code {&#10;                border-right: 2px solid;&#10;                font-size: 26px;&#10;                padding: 0 15px 0 15px;&#10;                text-align: center;&#10;            }&#10;&#10;            .message {&#10;                font-size: 18px;&#10;                text-align: center;&#10;            }&#10;        &lt;/style&gt;&#10;    &lt;script data-ezscrex=&quot;false&quot; data-cfasync=&quot;false&quot; type=&quot;text/javascript&quot;&gt;window.google_analytics_uacct = &quot;UA-131129777-14&quot;;&lt;/script&gt;&#10;    &lt;script data-ezscrex=&quot;false&quot; data-cfasync=&quot;false&quot; type=&quot;text/javascript&quot;&gt;&#10;var _gaq = _gaq || [];&#10;_gaq.push([&apos;e._setAccount&apos;, &apos;UA-131129777-14&apos;]);&#10;_gaq.push([&apos;f._setAccount&apos;, &apos;UA-38339005-1&apos;]);&#10;_gaq.push([&apos;e._setDomainName&apos;, &apos;restapiexample.com&apos;]);&#10;_gaq.push([&apos;f._setDomainName&apos;, &apos;restapiexample.com&apos;]);&#10;_gaq.push([&apos;e._setCustomVar&apos;,1,&apos;template&apos;,&apos;pub_site_noads&apos;,3]);&#10;_gaq.push([&apos;e._setCustomVar&apos;,2,&apos;t&apos;,&apos;147&apos;,3]);&#10;_gaq.push([&apos;e._setCustomVar&apos;,3,&apos;rid&apos;,&apos;0&apos;,2]);&#10;_gaq.push([&apos;e._setCustomVar&apos;,4,&apos;bra&apos;,&apos;mod1&apos;,3]);&#10;_gaq.push([&apos;e._setAllowAnchor&apos;,true]);&#10;_gaq.push([&apos;e._setSiteSpeedSampleRate&apos;, 10]);&#10;_gaq.push([&apos;f._setCustomVar&apos;,1,&apos;template&apos;,&apos;pub_site_noads&apos;,3]);&#10;_gaq.push([&apos;f._setCustomVar&apos;,2,&apos;domain&apos;,&apos;restapiexample.com&apos;,3]);&#10;_gaq.push([&apos;f._setSiteSpeedSampleRate&apos;, 20]);&#10;_gaq.push([&apos;e._trackPageview&apos;]);&#10;_gaq.push([&apos;f._trackPageview&apos;]);&#10;&#10;&#10;(function() {&#10; var ga = document.createElement(&apos;script&apos;); ga.type = &apos;text/javascript&apos;; ga.async = true;&#10; ga.src = (&apos;https:&apos; == document.location.protocol ? &apos;https://ssl&apos; : &apos;http://www&apos;) + &apos;.google-analytics.com/ga.js&apos;;&#10; var s = document.getElementsByTagName(&apos;script&apos;)[0]; s.parentNode.insertBefore(ga, s);&#10;})();&#10;&lt;/script&gt;&#10;    &lt;script type=&quot;text/javascript&quot;&gt;var ezouid = &quot;1&quot;;&lt;/script&gt;&#10;    &lt;base href=&quot;http://dummy.restapiexample.com/api/v1/delete/2982&quot;/&gt;&#10;    &lt;script type=&quot;text/javascript&quot;&gt;&#10;var ezoTemplate = &apos;pub_site_noads&apos;;&#10;if(typeof ezouid == &apos;undefined&apos;)&#10;{&#10;    var ezouid = &apos;none&apos;;&#10;}&#10;var ezoFormfactor = &apos;1&apos;;&#10;var ezo_elements_to_check = Array();&#10;&lt;/script&gt;&#10;    &lt;script data-ezscrex=&quot;false&quot; type=&quot;text/javascript&quot;&gt;&#10;var soc_app_id = &apos;0&apos;;&#10;var did = 133674;&#10;var ezdomain = &apos;restapiexample.com&apos;;&#10;var ezoicSearchable = 1;&#10;&lt;/script&gt;&#10;    &lt;script data-ezscrex=&quot;false&quot; data-pagespeed-no-defer=&quot;data-pagespeed-no-defer&quot; data-cfasync=&quot;false&quot;&gt;&#10;function create_ezolpl(pvID, rv) {&#10;    var d = new Date();&#10;    d.setTime(d.getTime() + (365*24*60*60*1000));&#10;    var expires = &quot;expires=&quot;+d.toUTCString();&#10;    __ez.ck.setByCat(&quot;ezux_lpl_133674=&quot; + new Date().getTime() + &quot;|&quot; + pvID + &quot;|&quot; + rv + &quot;; &quot; + expires, 3);&#10;}&#10;function attach_ezolpl(pvID, rv) {&#10;    if (document.readyState === &quot;complete&quot;) {&#10;        create_ezolpl(pvID, rv);&#10;    }&#10;    if(window.attachEvent) {&#10;        window.attachEvent(&quot;onload&quot;, create_ezolpl, pvID, rv);&#10;    } else {&#10;        if(window.onload) {&#10;            var curronload = window.onload;&#10;            var newonload = function(evt) {&#10;                curronload(evt);&#10;                create_ezolpl(pvID, rv);&#10;            };&#10;            window.onload = newonload;&#10;        } else {&#10;            window.onload = create_ezolpl.bind(null, pvID, rv);&#10;        }&#10;    }&#10;}&#10;&#10;__ez.queue.addFunc(&quot;attach_ezolpl&quot;, &quot;attach_ezolpl&quot;, [&quot;d922ffe3-8e2c-4e29-4be4-939af37e161b&quot;, &quot;false&quot;], false, [&apos;/detroitchicago/boise.js&apos;], true, false, false, false);&#10;&lt;/script&gt;&#10;  &lt;/head&gt;&#10;  &lt;body&gt;&#10;    &lt;div class=&quot;flex-center position-ref full-height&quot;&gt;&#10;      &lt;div class=&quot;code&quot;&gt;&#10;                429            &lt;/div&gt;&#10;      &lt;div class=&quot;message&quot; style=&quot;padding: 10px;&quot;&gt;&#10;                Too Many Requests            &lt;/div&gt;&#10;    &lt;/div&gt;&#10;    &lt;script type=&quot;text/javascript&quot; style=&quot;display:none;&quot;&gt;var __ez_dims = (function() {&#10;		var setCookie = function( name, content, expiry ) {&#10;			return document.cookie = name+&apos;=&apos;+content+((expiry)?&apos;;expires=&apos;+(new Date(Math.floor(new Date().getTime()+expiry*1000)).toUTCString()):&apos;&apos;)+&apos;;path=/&apos;;&#10;		};&#10;		var ffid = 1;&#10;		var oh = window.screen.height;&#10;		var ow = window.screen.width;&#10;		var h = ffid === 1 ? oh : (oh &amp;gt; ow) ? oh : ow;&#10;		var w = ffid === 1 ? ow : (oh &amp;gt; ow) ? ow : oh;&#10;		var uh = window.innerHeight || document.documentElement.clientHeight || document.getElementsByTagName(&apos;body&apos;)[0].clientHeight;&#10;		var uw = window.innerWidth || document.documentElement.clientWidth || document.getElementsByTagName(&apos;body&apos;)[0].clientWidth;&#10;		setCookie(&apos;ezds&apos;, encodeURIComponent(&apos;ffid=&apos;+ffid+&apos;,w=&apos;+w+&apos;,h=&apos;+h), (31536e3*7));&#10;		setCookie(&apos;ezohw&apos;, encodeURIComponent(&apos;w=&apos;+uw+&apos;,h=&apos;+uh), (31536e3*7));&#10;	})();&lt;/script&gt;&#10;    &lt;script type=&quot;text/javascript&quot; style=&quot;display:none;&quot; async=&quot;async&quot;&gt;&#10;__ez.queue.addFile(&apos;edmonton.php&apos;, &apos;/detroitchicago/edmonton.webp?a=a&amp;amp;cb=191-6&amp;amp;shcb=34&apos;, true, [&apos;/detroitchicago/minneapolis.js&apos;], true, false, false, false);&#10;__ez.queue.addFile(&apos;jellyfish.php&apos;, &apos;/porpoiseant/jellyfish.webp?a=a&amp;amp;cb=191-6&amp;amp;shcb=34&apos;, false, [], true, false, false, false);&#10;&lt;/script&gt;&#10;    &lt;script type=&quot;text/javascript&quot; data-cfasync=&quot;false&quot;/&gt;&#10;  &lt;/body&gt;&#10;&lt;/html&gt;" type="cucumber.runtime.CucumberException"><![CDATA[cucumber.runtime.CucumberException: 
java.lang.AssertionError: Expected Status code as per test cases is = 200 but Status code recieved is = 429 was found instead...
Body coming from backend is--><html lang="en">
  <head>
    <meta charset="utf-8"/>
    <script data-ezscrex="false" data-cfasync="false" data-pagespeed-no-defer="data-pagespeed-no-defer">var __ez=__ez||{};__ez.stms=Date.now();__ez.evt={};__ez.script={};__ez.ck=__ez.ck||{};__ez.template={};__ez.template.isOrig=false;__ez.queue=(function(){var count=0,incr=0,items=[],timeDelayFired=false,hpItems=[],lpItems=[],allowLoad=true;var obj={func:function(name,funcName,parameters,isBlock,blockedBy,deleteWhenComplete,proceedIfError){var self=this;this.name=name;this.funcName=funcName;this.parameters=parameters===null?null:(parameters instanceof Array)?parameters:[parameters];this.isBlock=isBlock;this.blockedBy=blockedBy;this.deleteWhenComplete=deleteWhenComplete;this.isError=false;this.isComplete=false;this.isInitialized=false;this.proceedIfError=proceedIfError;this.isTimeDelay=false;this.process=function(){log("... func = "+name);self.isInitialized=true;self.isComplete=true;log("... func.apply: "+name);var funcs=self.funcName.split('.');var func=null;if(funcs.length&gt;3){}else if(funcs.length===3){func=window[funcs[0]][funcs[1]][funcs[2]];}else if(funcs.length===2){func=window[funcs[0]][funcs[1]];}else{func=window[self.funcName];}
if(typeof func!=='undefined'&amp;&amp;func!==null){func.apply(null,this.parameters);}
if(self.deleteWhenComplete===true)delete items[name];if(self.isBlock===true){log("----- F'D: "+self.name);processAll();}}},file:function(name,path,isBlock,blockedBy,async,defer,proceedIfError){var self=this;this.name=name;this.path=path;this.async=async;this.defer=defer;this.isBlock=isBlock;this.blockedBy=blockedBy;this.isInitialized=false;this.isError=false;this.isComplete=false;this.proceedIfError=proceedIfError;this.isTimeDelay=false;this.process=function(){self.isInitialized=true;log("... file = "+name);var scr=document.createElement('script');scr.src=path;if(async===true)scr.async=true;else if(defer===true)scr.defer=true;scr.onerror=function(){log("----- ERR'D: "+self.name);self.isError=true;if(self.isBlock===true){processAll();}};scr.onreadystatechange=scr.onload=function(){var state=scr.readyState;log("----- F'D: "+self.name);if((!state||/loaded|complete/.test(state))){self.isComplete=true;if(self.isBlock===true){processAll();}}};document.getElementsByTagName('head')[0].appendChild(scr);}}};function init(){window.addEventListener("load",function(){setTimeout(function(){timeDelayFired=true;log('TDELAY -----');processAll();},5000);},false);}
function addFile(name,path,isBlock,blockedBy,async,defer,proceedIfError,priority){var item=new obj.file(name,path,isBlock,blockedBy,async,defer,proceedIfError);if(priority===true){hpItems[name]=item}else{lpItems[name]=item}
items[name]=item;checkIfBlocked(item);}
function setallowLoad(settobool){allowLoad=settobool}
function addFunc(name,func,parameters,isBlock,blockedBy,autoInc,deleteWhenComplete,proceedIfError,priority){if(autoInc===true)name=name+"_"+incr++;var item=new obj.func(name,func,parameters,isBlock,blockedBy,deleteWhenComplete,proceedIfError);if(priority===true){hpItems[name]=item}else{lpItems[name]=item}
items[name]=item;checkIfBlocked(item);}
function addTimeDelayFile(name,path){var item=new obj.file(name,path,false,[],false,false,true);item.isTimeDelay=true;log(name+' ... '+' FILE! TDELAY');lpItems[name]=item;items[name]=item;checkIfBlocked(item);}
function addTimeDelayFunc(name,func,parameters){var item=new obj.func(name,func,parameters,false,[],true,true);item.isTimeDelay=true;log(name+' ... '+' FUNCTION! TDELAY');lpItems[name]=item;items[name]=item;checkIfBlocked(item);}
function checkIfBlocked(item){if(isBlocked(item)===true||allowLoad==false)return;item.process();}
function isBlocked(item){if(item.isTimeDelay===true&amp;&amp;timeDelayFired===false){log(item.name+" blocked = TIME DELAY!");return true;}
if(item.blockedBy instanceof Array){for(var i=0;i&lt;item.blockedBy.length;i++){var block=item.blockedBy[i];if(items.hasOwnProperty(block)===false){log(item.name+" blocked = "+block);return true;}else if(item.proceedIfError===true&amp;&amp;items[block].isError===true){return false;}else if(items[block].isComplete===false){log(item.name+" blocked = "+block);return true;}}}
return false;}
function log(msg){var href=window.location.href;var reg=new RegExp('[?&amp;]ezq=([^&amp;#]*)','i');var string=reg.exec(href);var res=string?string[1]:null;if(res==="1")console.debug(msg);}
function processAll(){count++;if(count&gt;200)return;log("let's go");processItems(hpItems);processItems(lpItems);}
function processItems(list){for(var i in list){if(list.hasOwnProperty(i)===false)continue;var item=list[i];if(item.isComplete===true||isBlocked(item)||item.isInitialized===true||item.isError===true){if(item.isError===true){log(item.name+': error')}else if(item.isComplete===true){log(item.name+': complete already')}else if(item.isInitialized===true){log(item.name+': initialized already')}}else{item.process();}}}
init();return{addFile:addFile,addDelayFile:addTimeDelayFile,addFunc:addFunc,addDelayFunc:addTimeDelayFunc,items:items,processAll:processAll,setallowLoad:setallowLoad};})();__ez.evt.add=function(e,t,n){e.addEventListener?e.addEventListener(t,n,!1):e.attachEvent?e.attachEvent("on"+t,n):e["on"+t]=n()},__ez.evt.remove=function(e,t,n){e.removeEventListener?e.removeEventListener(t,n,!1):e.detachEvent?e.detachEvent("on"+t,n):delete e["on"+t]};__ez.script.add=function(e){var t=document.createElement("script");t.src=e,t.async=!0,t.type="text/javascript",document.getElementsByTagName("head")[0].appendChild(t)};__ez.queue.addFile('/detroitchicago/boise.js', '/detroitchicago/boise.js?gcb=191-6&amp;cb=1', false, [], true, false, true, false);__ez.dot={};__ez.queue.addFile('/detroitchicago/memphis.js', '/detroitchicago/memphis.js?gcb=191-6&amp;cb=1', false, [], true, false, true, false);__ez.queue.addFile('/detroitchicago/minneapolis.js', '/detroitchicago/minneapolis.js?gcb=191-6&amp;cb=1', false, [], true, false, true, false);__ez.vep=(function(){var pixels=[],pxURL="/detroitchicago/grapefruit.gif";function AddPixel(vID,pixelData){if(__ez.dot.isDefined(vID)&amp;&amp;__ez.dot.isValid(pixelData)){pixels.push({type:'video',video_impression_id:vID,domain_id:__ez.dot.getDID(),t_epoch:__ez.dot.getEpoch(0),data:__ez.dot.dataToStr(pixelData)});}}
function Fire(){if(typeof document.visibilityState!=='undefined'&amp;&amp;document.visibilityState==="prerender"){return;}
if(__ez.dot.isDefined(pixels)&amp;&amp;pixels.length&gt;0){while(pixels.length&gt;0){var j=5;if(j&gt;pixels.length){j=pixels.length;}
var pushPixels=pixels.splice(0,j);(new Image()).src=__ez.dot.getURL(pxURL)+"?orig="+(__ez.template.isOrig===true?1:0)+"&amp;v="+btoa(JSON.stringify(pushPixels));}}
pixels=[];}
return{Add:AddPixel,Fire:Fire};})();</script>
    <script data-ezscrex="false" data-cfasync="false" data-pagespeed-no-defer="data-pagespeed-no-defer">__ez.pel=(function(){var pixels=[],pxURL="/porpoiseant/army.gif";function AddAndFirePixel(adSlot,pixelData){AddPixel(adSlot,pixelData,0,0,0,0,0);Fire();}
function GetCurrentPixels(){return pixels;}
function AddPixel(adSlot,pixelData,revenue,est_revenue,bid_floor_filled,bid_floor_prev,stat_source_id){if(!__ez.dot.isDefined(adSlot)||__ez.dot.isAnyDefined(adSlot.getSlotElementId,adSlot.ElementId)==false){return;}
var ad_position_id=parseInt(__ez.dot.getTargeting(adSlot,'ap'));var impId=__ez.dot.getSlotIID(adSlot),adUnit=__ez.dot.getAdUnit(adSlot);var compId=parseInt(__ez.dot.getTargeting(adSlot,"compid"));var lineItemId=0;var creativeId=0;var ezimData=getEzimData(adSlot);if(typeof ezimData=='object'){if(ezimData.creative_id!==undefined){creativeId=ezimData.creative_id;}
if(ezimData.line_item_id!==undefined){lineItemId=ezimData.line_item_id;}}
if(__ez.dot.isDefined(impId,adUnit)&amp;&amp;__ez.dot.isValid(pixelData)){pixels.push({type:"impression",impression_id:impId,domain_id:__ez.dot.getDID(),unit:adUnit,t_epoch:__ez.dot.getEpoch(0),revenue:revenue,est_revenue:est_revenue,ad_position:ad_position_id,ad_size:"",bid_floor_filled:bid_floor_filled,bid_floor_prev:bid_floor_prev,stat_source_id:stat_source_id,country_code:__ez.dot.getCC(),pageview_id:__ez.dot.getPageviewId(),comp_id:compId,line_item_id:lineItemId,creative_id:creativeId,data:__ez.dot.dataToStr(pixelData)});}}
function AddPixelById(impFullId,pixelData){var vals=impFullId.split('/');if(__ez.dot.isDefined(impFullId)&amp;&amp;vals.length===3&amp;&amp;__ez.dot.isValid(pixelData)){var adUnit=vals[0],impId=vals[2];pixels.push({type:"impression",impression_id:impId,domain_id:__ez.dot.getDID(),unit:adUnit,t_epoch:__ez.dot.getEpoch(0),pageview_id:__ez.dot.getPageviewId(),data:__ez.dot.dataToStr(pixelData)});}}
function Fire(){if(typeof document.visibilityState!=='undefined'&amp;&amp;document.visibilityState==="prerender")return;if(__ez.dot.isDefined(pixels)&amp;&amp;pixels.length&gt;0){while(pixels.length&gt;0){var j=5;if(j&gt;pixels.length){j=pixels.length;}
var pushPixels=pixels.splice(0,j);var pixelURL=__ez.dot.getURL(pxURL)+"?orig="+(__ez.template.isOrig===true?1:0)+"&amp;sts="+btoa(JSON.stringify(pushPixels));if(typeof window.isAmp!=='undefined'&amp;&amp;isAmp&amp;&amp;typeof window._ezaq!=='undefined'&amp;&amp;_ezaq.hasOwnProperty("domain_id")){pixelURL+="&amp;visit_uuid="+_ezaq['visit_uuid'];}
(new Image()).src=pixelURL;}}
pixels=[];}
function getEzimData(adSlot){if(typeof _ezim_d=="undefined"){return false}
var adUnitName=__ez.dot.getAdUnitPath(adSlot).split('/').pop();if(typeof _ezim_d==='object'&amp;&amp;_ezim_d.hasOwnProperty(adUnitName)){return _ezim_d[adUnitName];}
for(var ezimKey in _ezim_d){if(ezimKey.split('/').pop()===adUnitName){return _ezim_d[ezimKey];}}
return false;}
return{Add:AddPixel,AddAndFire:AddAndFirePixel,AddById:AddPixelById,Fire:Fire,GetPixels:GetCurrentPixels,};})();__ez.queue.addFile('/detroitchicago/raleigh.js', '/detroitchicago/raleigh.js?gcb=191-6&amp;cb=1', false, [], true, false, true, false);__ez.queue.addFile('/detroitchicago/tampa.js', '/detroitchicago/tampa.js?gcb=191-6&amp;cb=1', false, [], true, false, true, false);</script>
    <script data-ezscrex="false" type="text/javascript" data-cfasync="false">var _ezaq = {"ad_cache_level":0,"ad_count_adjustment":0,"ad_lazyload_version":0,"ad_location_ids":"","ad_transform_level":0,"adx_ad_count":0,"bidder_method":1,"bidder_version":3,"city":"Frankfurt am Main","country":"DE","days_since_last_visit":-1,"display_ad_count":0,"domain_id":133674,"ds_adsize_opt_id":-1,"engaged_time_visit":0,"ezcache_level":1,"forensiq_score":-1,"form_factor_id":1,"framework_id":1,"has_bad_image":0,"has_bad_words":0,"iab_category":"","is_from_recommended_pages":false,"is_return_visitor":false,"is_sitespeed":0,"last_page_load":"","last_pageview_id":"","lt_cache_level":0,"max_ads":0,"metro_code":0,"optimization_version":1,"page_ad_positions":"","page_view_count":0,"page_view_id":"d922ffe3-8e2c-4e29-4be4-939af37e161b","position_selection_id":0,"postal_code":"60326","pv_event_count":0,"response_time_orig":694,"serverid":"18.192.36.238:14857","state":"HE","sub_page_ad_positions":"","t_epoch":1600027947,"template_id":0,"time_on_site_visit":0,"url":"http://dummy.restapiexample.com/api/v1/delete/2982","user_id":0,"word_count":0,"worst_bad_word_level":0};var _ezim_d = null;var _ezat = {"domain_id":133674,"form_factor_id":1,"framework_id":1,"pageview_date":"2020-09-13","pageview_id":"d922ffe3-8e2c-4e29-4be4-939af37e161b","template_id":0,"url":"http://dummy.restapiexample.com/api/v1/delete/2982","visit_uuid":"cc5c26da-a30d-4cff-436b-166f945ac93d"};</script>
    <script data-ezscrex="false" data-pagespeed-no-defer="data-pagespeed-no-defer" data-cfasync="false" type="text/javascript">__ez.queue.addFile('banger.js', '/porpoiseant/banger.js?cb=191-6&amp;bv=86&amp;v=35&amp;PageSpeed=off', true, [], true, false, false, true);</script>
    <script data-ezscrex="false" data-cfasync="false">(function(){if("function"===typeof window.CustomEvent)return!1;window.CustomEvent=function(c,a){a=a||{bubbles:!1,cancelable:!1,detail:null};var b=document.createEvent("CustomEvent");b.initCustomEvent(c,a.bubbles,a.cancelable,a.detail);return b}})();</script>
    <script data-ezscrex="false" data-cfasync="false">__ez.queue.addFile('/detroitchicago/tulsa.js', '/detroitchicago/tulsa.js?gcb=191-6&amp;cb=2', false, [], true, false, true, false);</script>
    <meta name="viewport" content="width=device-width, initial-scale=1"/>
    <title>Too Many Requests</title>
    <link rel="dns-prefetch" href="//fonts.gstatic.com"/>
    <link href="https://fonts.googleapis.com/css?family=Nunito" rel="stylesheet"/>
    <style>
            html, body {
                background-color: #fff;
                color: #636b6f;
                font-family: 'Nunito', sans-serif;
                font-weight: 100;
                height: 100vh;
                margin: 0;
            }

            .full-height {
                height: 100vh;
            }

            .flex-center {
                align-items: center;
                display: flex;
                justify-content: center;
            }

            .position-ref {
                position: relative;
            }

            .code {
                border-right: 2px solid;
                font-size: 26px;
                padding: 0 15px 0 15px;
                text-align: center;
            }

            .message {
                font-size: 18px;
                text-align: center;
            }
        </style>
    <script data-ezscrex="false" data-cfasync="false" type="text/javascript">window.google_analytics_uacct = "UA-131129777-14";</script>
    <script data-ezscrex="false" data-cfasync="false" type="text/javascript">
var _gaq = _gaq || [];
_gaq.push(['e._setAccount', 'UA-131129777-14']);
_gaq.push(['f._setAccount', 'UA-38339005-1']);
_gaq.push(['e._setDomainName', 'restapiexample.com']);
_gaq.push(['f._setDomainName', 'restapiexample.com']);
_gaq.push(['e._setCustomVar',1,'template','pub_site_noads',3]);
_gaq.push(['e._setCustomVar',2,'t','147',3]);
_gaq.push(['e._setCustomVar',3,'rid','0',2]);
_gaq.push(['e._setCustomVar',4,'bra','mod1',3]);
_gaq.push(['e._setAllowAnchor',true]);
_gaq.push(['e._setSiteSpeedSampleRate', 10]);
_gaq.push(['f._setCustomVar',1,'template','pub_site_noads',3]);
_gaq.push(['f._setCustomVar',2,'domain','restapiexample.com',3]);
_gaq.push(['f._setSiteSpeedSampleRate', 20]);
_gaq.push(['e._trackPageview']);
_gaq.push(['f._trackPageview']);


(function() {
 var ga = document.createElement('script'); ga.type = 'text/javascript'; ga.async = true;
 ga.src = ('https:' == document.location.protocol ? 'https://ssl' : 'http://www') + '.google-analytics.com/ga.js';
 var s = document.getElementsByTagName('script')[0]; s.parentNode.insertBefore(ga, s);
})();
</script>
    <script type="text/javascript">var ezouid = "1";</script>
    <base href="http://dummy.restapiexample.com/api/v1/delete/2982"/>
    <script type="text/javascript">
var ezoTemplate = 'pub_site_noads';
if(typeof ezouid == 'undefined')
{
    var ezouid = 'none';
}
var ezoFormfactor = '1';
var ezo_elements_to_check = Array();
</script>
    <script data-ezscrex="false" type="text/javascript">
var soc_app_id = '0';
var did = 133674;
var ezdomain = 'restapiexample.com';
var ezoicSearchable = 1;
</script>
    <script data-ezscrex="false" data-pagespeed-no-defer="data-pagespeed-no-defer" data-cfasync="false">
function create_ezolpl(pvID, rv) {
    var d = new Date();
    d.setTime(d.getTime() + (365*24*60*60*1000));
    var expires = "expires="+d.toUTCString();
    __ez.ck.setByCat("ezux_lpl_133674=" + new Date().getTime() + "|" + pvID + "|" + rv + "; " + expires, 3);
}
function attach_ezolpl(pvID, rv) {
    if (document.readyState === "complete") {
        create_ezolpl(pvID, rv);
    }
    if(window.attachEvent) {
        window.attachEvent("onload", create_ezolpl, pvID, rv);
    } else {
        if(window.onload) {
            var curronload = window.onload;
            var newonload = function(evt) {
                curronload(evt);
                create_ezolpl(pvID, rv);
            };
            window.onload = newonload;
        } else {
            window.onload = create_ezolpl.bind(null, pvID, rv);
        }
    }
}

__ez.queue.addFunc("attach_ezolpl", "attach_ezolpl", ["d922ffe3-8e2c-4e29-4be4-939af37e161b", "false"], false, ['/detroitchicago/boise.js'], true, false, false, false);
</script>
  </head>
  <body>
    <div class="flex-center position-ref full-height">
      <div class="code">
                429            </div>
      <div class="message" style="padding: 10px;">
                Too Many Requests            </div>
    </div>
    <script type="text/javascript" style="display:none;">var __ez_dims = (function() {
		var setCookie = function( name, content, expiry ) {
			return document.cookie = name+'='+content+((expiry)?';expires='+(new Date(Math.floor(new Date().getTime()+expiry*1000)).toUTCString()):'')+';path=/';
		};
		var ffid = 1;
		var oh = window.screen.height;
		var ow = window.screen.width;
		var h = ffid === 1 ? oh : (oh &gt; ow) ? oh : ow;
		var w = ffid === 1 ? ow : (oh &gt; ow) ? ow : oh;
		var uh = window.innerHeight || document.documentElement.clientHeight || document.getElementsByTagName('body')[0].clientHeight;
		var uw = window.innerWidth || document.documentElement.clientWidth || document.getElementsByTagName('body')[0].clientWidth;
		setCookie('ezds', encodeURIComponent('ffid='+ffid+',w='+w+',h='+h), (31536e3*7));
		setCookie('ezohw', encodeURIComponent('w='+uw+',h='+uh), (31536e3*7));
	})();</script>
    <script type="text/javascript" style="display:none;" async="async">
__ez.queue.addFile('edmonton.php', '/detroitchicago/edmonton.webp?a=a&amp;cb=191-6&amp;shcb=34', true, ['/detroitchicago/minneapolis.js'], true, false, false, false);
__ez.queue.addFile('jellyfish.php', '/porpoiseant/jellyfish.webp?a=a&amp;cb=191-6&amp;shcb=34', false, [], true, false, false, false);
</script>
    <script type="text/javascript" data-cfasync="false"/>
  </body>
</html>
	at testRunnerFile.TestRunner.feature(TestRunner.java:29)
Caused by: java.lang.AssertionError: 
Expected Status code as per test cases is = 200 but Status code recieved is = 429 was found instead...
Body coming from backend is--><html lang="en">
  <head>
    <meta charset="utf-8"/>
    <script data-ezscrex="false" data-cfasync="false" data-pagespeed-no-defer="data-pagespeed-no-defer">var __ez=__ez||{};__ez.stms=Date.now();__ez.evt={};__ez.script={};__ez.ck=__ez.ck||{};__ez.template={};__ez.template.isOrig=false;__ez.queue=(function(){var count=0,incr=0,items=[],timeDelayFired=false,hpItems=[],lpItems=[],allowLoad=true;var obj={func:function(name,funcName,parameters,isBlock,blockedBy,deleteWhenComplete,proceedIfError){var self=this;this.name=name;this.funcName=funcName;this.parameters=parameters===null?null:(parameters instanceof Array)?parameters:[parameters];this.isBlock=isBlock;this.blockedBy=blockedBy;this.deleteWhenComplete=deleteWhenComplete;this.isError=false;this.isComplete=false;this.isInitialized=false;this.proceedIfError=proceedIfError;this.isTimeDelay=false;this.process=function(){log("... func = "+name);self.isInitialized=true;self.isComplete=true;log("... func.apply: "+name);var funcs=self.funcName.split('.');var func=null;if(funcs.length&gt;3){}else if(funcs.length===3){func=window[funcs[0]][funcs[1]][funcs[2]];}else if(funcs.length===2){func=window[funcs[0]][funcs[1]];}else{func=window[self.funcName];}
if(typeof func!=='undefined'&amp;&amp;func!==null){func.apply(null,this.parameters);}
if(self.deleteWhenComplete===true)delete items[name];if(self.isBlock===true){log("----- F'D: "+self.name);processAll();}}},file:function(name,path,isBlock,blockedBy,async,defer,proceedIfError){var self=this;this.name=name;this.path=path;this.async=async;this.defer=defer;this.isBlock=isBlock;this.blockedBy=blockedBy;this.isInitialized=false;this.isError=false;this.isComplete=false;this.proceedIfError=proceedIfError;this.isTimeDelay=false;this.process=function(){self.isInitialized=true;log("... file = "+name);var scr=document.createElement('script');scr.src=path;if(async===true)scr.async=true;else if(defer===true)scr.defer=true;scr.onerror=function(){log("----- ERR'D: "+self.name);self.isError=true;if(self.isBlock===true){processAll();}};scr.onreadystatechange=scr.onload=function(){var state=scr.readyState;log("----- F'D: "+self.name);if((!state||/loaded|complete/.test(state))){self.isComplete=true;if(self.isBlock===true){processAll();}}};document.getElementsByTagName('head')[0].appendChild(scr);}}};function init(){window.addEventListener("load",function(){setTimeout(function(){timeDelayFired=true;log('TDELAY -----');processAll();},5000);},false);}
function addFile(name,path,isBlock,blockedBy,async,defer,proceedIfError,priority){var item=new obj.file(name,path,isBlock,blockedBy,async,defer,proceedIfError);if(priority===true){hpItems[name]=item}else{lpItems[name]=item}
items[name]=item;checkIfBlocked(item);}
function setallowLoad(settobool){allowLoad=settobool}
function addFunc(name,func,parameters,isBlock,blockedBy,autoInc,deleteWhenComplete,proceedIfError,priority){if(autoInc===true)name=name+"_"+incr++;var item=new obj.func(name,func,parameters,isBlock,blockedBy,deleteWhenComplete,proceedIfError);if(priority===true){hpItems[name]=item}else{lpItems[name]=item}
items[name]=item;checkIfBlocked(item);}
function addTimeDelayFile(name,path){var item=new obj.file(name,path,false,[],false,false,true);item.isTimeDelay=true;log(name+' ... '+' FILE! TDELAY');lpItems[name]=item;items[name]=item;checkIfBlocked(item);}
function addTimeDelayFunc(name,func,parameters){var item=new obj.func(name,func,parameters,false,[],true,true);item.isTimeDelay=true;log(name+' ... '+' FUNCTION! TDELAY');lpItems[name]=item;items[name]=item;checkIfBlocked(item);}
function checkIfBlocked(item){if(isBlocked(item)===true||allowLoad==false)return;item.process();}
function isBlocked(item){if(item.isTimeDelay===true&amp;&amp;timeDelayFired===false){log(item.name+" blocked = TIME DELAY!");return true;}
if(item.blockedBy instanceof Array){for(var i=0;i&lt;item.blockedBy.length;i++){var block=item.blockedBy[i];if(items.hasOwnProperty(block)===false){log(item.name+" blocked = "+block);return true;}else if(item.proceedIfError===true&amp;&amp;items[block].isError===true){return false;}else if(items[block].isComplete===false){log(item.name+" blocked = "+block);return true;}}}
return false;}
function log(msg){var href=window.location.href;var reg=new RegExp('[?&amp;]ezq=([^&amp;#]*)','i');var string=reg.exec(href);var res=string?string[1]:null;if(res==="1")console.debug(msg);}
function processAll(){count++;if(count&gt;200)return;log("let's go");processItems(hpItems);processItems(lpItems);}
function processItems(list){for(var i in list){if(list.hasOwnProperty(i)===false)continue;var item=list[i];if(item.isComplete===true||isBlocked(item)||item.isInitialized===true||item.isError===true){if(item.isError===true){log(item.name+': error')}else if(item.isComplete===true){log(item.name+': complete already')}else if(item.isInitialized===true){log(item.name+': initialized already')}}else{item.process();}}}
init();return{addFile:addFile,addDelayFile:addTimeDelayFile,addFunc:addFunc,addDelayFunc:addTimeDelayFunc,items:items,processAll:processAll,setallowLoad:setallowLoad};})();__ez.evt.add=function(e,t,n){e.addEventListener?e.addEventListener(t,n,!1):e.attachEvent?e.attachEvent("on"+t,n):e["on"+t]=n()},__ez.evt.remove=function(e,t,n){e.removeEventListener?e.removeEventListener(t,n,!1):e.detachEvent?e.detachEvent("on"+t,n):delete e["on"+t]};__ez.script.add=function(e){var t=document.createElement("script");t.src=e,t.async=!0,t.type="text/javascript",document.getElementsByTagName("head")[0].appendChild(t)};__ez.queue.addFile('/detroitchicago/boise.js', '/detroitchicago/boise.js?gcb=191-6&amp;cb=1', false, [], true, false, true, false);__ez.dot={};__ez.queue.addFile('/detroitchicago/memphis.js', '/detroitchicago/memphis.js?gcb=191-6&amp;cb=1', false, [], true, false, true, false);__ez.queue.addFile('/detroitchicago/minneapolis.js', '/detroitchicago/minneapolis.js?gcb=191-6&amp;cb=1', false, [], true, false, true, false);__ez.vep=(function(){var pixels=[],pxURL="/detroitchicago/grapefruit.gif";function AddPixel(vID,pixelData){if(__ez.dot.isDefined(vID)&amp;&amp;__ez.dot.isValid(pixelData)){pixels.push({type:'video',video_impression_id:vID,domain_id:__ez.dot.getDID(),t_epoch:__ez.dot.getEpoch(0),data:__ez.dot.dataToStr(pixelData)});}}
function Fire(){if(typeof document.visibilityState!=='undefined'&amp;&amp;document.visibilityState==="prerender"){return;}
if(__ez.dot.isDefined(pixels)&amp;&amp;pixels.length&gt;0){while(pixels.length&gt;0){var j=5;if(j&gt;pixels.length){j=pixels.length;}
var pushPixels=pixels.splice(0,j);(new Image()).src=__ez.dot.getURL(pxURL)+"?orig="+(__ez.template.isOrig===true?1:0)+"&amp;v="+btoa(JSON.stringify(pushPixels));}}
pixels=[];}
return{Add:AddPixel,Fire:Fire};})();</script>
    <script data-ezscrex="false" data-cfasync="false" data-pagespeed-no-defer="data-pagespeed-no-defer">__ez.pel=(function(){var pixels=[],pxURL="/porpoiseant/army.gif";function AddAndFirePixel(adSlot,pixelData){AddPixel(adSlot,pixelData,0,0,0,0,0);Fire();}
function GetCurrentPixels(){return pixels;}
function AddPixel(adSlot,pixelData,revenue,est_revenue,bid_floor_filled,bid_floor_prev,stat_source_id){if(!__ez.dot.isDefined(adSlot)||__ez.dot.isAnyDefined(adSlot.getSlotElementId,adSlot.ElementId)==false){return;}
var ad_position_id=parseInt(__ez.dot.getTargeting(adSlot,'ap'));var impId=__ez.dot.getSlotIID(adSlot),adUnit=__ez.dot.getAdUnit(adSlot);var compId=parseInt(__ez.dot.getTargeting(adSlot,"compid"));var lineItemId=0;var creativeId=0;var ezimData=getEzimData(adSlot);if(typeof ezimData=='object'){if(ezimData.creative_id!==undefined){creativeId=ezimData.creative_id;}
if(ezimData.line_item_id!==undefined){lineItemId=ezimData.line_item_id;}}
if(__ez.dot.isDefined(impId,adUnit)&amp;&amp;__ez.dot.isValid(pixelData)){pixels.push({type:"impression",impression_id:impId,domain_id:__ez.dot.getDID(),unit:adUnit,t_epoch:__ez.dot.getEpoch(0),revenue:revenue,est_revenue:est_revenue,ad_position:ad_position_id,ad_size:"",bid_floor_filled:bid_floor_filled,bid_floor_prev:bid_floor_prev,stat_source_id:stat_source_id,country_code:__ez.dot.getCC(),pageview_id:__ez.dot.getPageviewId(),comp_id:compId,line_item_id:lineItemId,creative_id:creativeId,data:__ez.dot.dataToStr(pixelData)});}}
function AddPixelById(impFullId,pixelData){var vals=impFullId.split('/');if(__ez.dot.isDefined(impFullId)&amp;&amp;vals.length===3&amp;&amp;__ez.dot.isValid(pixelData)){var adUnit=vals[0],impId=vals[2];pixels.push({type:"impression",impression_id:impId,domain_id:__ez.dot.getDID(),unit:adUnit,t_epoch:__ez.dot.getEpoch(0),pageview_id:__ez.dot.getPageviewId(),data:__ez.dot.dataToStr(pixelData)});}}
function Fire(){if(typeof document.visibilityState!=='undefined'&amp;&amp;document.visibilityState==="prerender")return;if(__ez.dot.isDefined(pixels)&amp;&amp;pixels.length&gt;0){while(pixels.length&gt;0){var j=5;if(j&gt;pixels.length){j=pixels.length;}
var pushPixels=pixels.splice(0,j);var pixelURL=__ez.dot.getURL(pxURL)+"?orig="+(__ez.template.isOrig===true?1:0)+"&amp;sts="+btoa(JSON.stringify(pushPixels));if(typeof window.isAmp!=='undefined'&amp;&amp;isAmp&amp;&amp;typeof window._ezaq!=='undefined'&amp;&amp;_ezaq.hasOwnProperty("domain_id")){pixelURL+="&amp;visit_uuid="+_ezaq['visit_uuid'];}
(new Image()).src=pixelURL;}}
pixels=[];}
function getEzimData(adSlot){if(typeof _ezim_d=="undefined"){return false}
var adUnitName=__ez.dot.getAdUnitPath(adSlot).split('/').pop();if(typeof _ezim_d==='object'&amp;&amp;_ezim_d.hasOwnProperty(adUnitName)){return _ezim_d[adUnitName];}
for(var ezimKey in _ezim_d){if(ezimKey.split('/').pop()===adUnitName){return _ezim_d[ezimKey];}}
return false;}
return{Add:AddPixel,AddAndFire:AddAndFirePixel,AddById:AddPixelById,Fire:Fire,GetPixels:GetCurrentPixels,};})();__ez.queue.addFile('/detroitchicago/raleigh.js', '/detroitchicago/raleigh.js?gcb=191-6&amp;cb=1', false, [], true, false, true, false);__ez.queue.addFile('/detroitchicago/tampa.js', '/detroitchicago/tampa.js?gcb=191-6&amp;cb=1', false, [], true, false, true, false);</script>
    <script data-ezscrex="false" type="text/javascript" data-cfasync="false">var _ezaq = {"ad_cache_level":0,"ad_count_adjustment":0,"ad_lazyload_version":0,"ad_location_ids":"","ad_transform_level":0,"adx_ad_count":0,"bidder_method":1,"bidder_version":3,"city":"Frankfurt am Main","country":"DE","days_since_last_visit":-1,"display_ad_count":0,"domain_id":133674,"ds_adsize_opt_id":-1,"engaged_time_visit":0,"ezcache_level":1,"forensiq_score":-1,"form_factor_id":1,"framework_id":1,"has_bad_image":0,"has_bad_words":0,"iab_category":"","is_from_recommended_pages":false,"is_return_visitor":false,"is_sitespeed":0,"last_page_load":"","last_pageview_id":"","lt_cache_level":0,"max_ads":0,"metro_code":0,"optimization_version":1,"page_ad_positions":"","page_view_count":0,"page_view_id":"d922ffe3-8e2c-4e29-4be4-939af37e161b","position_selection_id":0,"postal_code":"60326","pv_event_count":0,"response_time_orig":694,"serverid":"18.192.36.238:14857","state":"HE","sub_page_ad_positions":"","t_epoch":1600027947,"template_id":0,"time_on_site_visit":0,"url":"http://dummy.restapiexample.com/api/v1/delete/2982","user_id":0,"word_count":0,"worst_bad_word_level":0};var _ezim_d = null;var _ezat = {"domain_id":133674,"form_factor_id":1,"framework_id":1,"pageview_date":"2020-09-13","pageview_id":"d922ffe3-8e2c-4e29-4be4-939af37e161b","template_id":0,"url":"http://dummy.restapiexample.com/api/v1/delete/2982","visit_uuid":"cc5c26da-a30d-4cff-436b-166f945ac93d"};</script>
    <script data-ezscrex="false" data-pagespeed-no-defer="data-pagespeed-no-defer" data-cfasync="false" type="text/javascript">__ez.queue.addFile('banger.js', '/porpoiseant/banger.js?cb=191-6&amp;bv=86&amp;v=35&amp;PageSpeed=off', true, [], true, false, false, true);</script>
    <script data-ezscrex="false" data-cfasync="false">(function(){if("function"===typeof window.CustomEvent)return!1;window.CustomEvent=function(c,a){a=a||{bubbles:!1,cancelable:!1,detail:null};var b=document.createEvent("CustomEvent");b.initCustomEvent(c,a.bubbles,a.cancelable,a.detail);return b}})();</script>
    <script data-ezscrex="false" data-cfasync="false">__ez.queue.addFile('/detroitchicago/tulsa.js', '/detroitchicago/tulsa.js?gcb=191-6&amp;cb=2', false, [], true, false, true, false);</script>
    <meta name="viewport" content="width=device-width, initial-scale=1"/>
    <title>Too Many Requests</title>
    <link rel="dns-prefetch" href="//fonts.gstatic.com"/>
    <link href="https://fonts.googleapis.com/css?family=Nunito" rel="stylesheet"/>
    <style>
            html, body {
                background-color: #fff;
                color: #636b6f;
                font-family: 'Nunito', sans-serif;
                font-weight: 100;
                height: 100vh;
                margin: 0;
            }

            .full-height {
                height: 100vh;
            }

            .flex-center {
                align-items: center;
                display: flex;
                justify-content: center;
            }

            .position-ref {
                position: relative;
            }

            .code {
                border-right: 2px solid;
                font-size: 26px;
                padding: 0 15px 0 15px;
                text-align: center;
            }

            .message {
                font-size: 18px;
                text-align: center;
            }
        </style>
    <script data-ezscrex="false" data-cfasync="false" type="text/javascript">window.google_analytics_uacct = "UA-131129777-14";</script>
    <script data-ezscrex="false" data-cfasync="false" type="text/javascript">
var _gaq = _gaq || [];
_gaq.push(['e._setAccount', 'UA-131129777-14']);
_gaq.push(['f._setAccount', 'UA-38339005-1']);
_gaq.push(['e._setDomainName', 'restapiexample.com']);
_gaq.push(['f._setDomainName', 'restapiexample.com']);
_gaq.push(['e._setCustomVar',1,'template','pub_site_noads',3]);
_gaq.push(['e._setCustomVar',2,'t','147',3]);
_gaq.push(['e._setCustomVar',3,'rid','0',2]);
_gaq.push(['e._setCustomVar',4,'bra','mod1',3]);
_gaq.push(['e._setAllowAnchor',true]);
_gaq.push(['e._setSiteSpeedSampleRate', 10]);
_gaq.push(['f._setCustomVar',1,'template','pub_site_noads',3]);
_gaq.push(['f._setCustomVar',2,'domain','restapiexample.com',3]);
_gaq.push(['f._setSiteSpeedSampleRate', 20]);
_gaq.push(['e._trackPageview']);
_gaq.push(['f._trackPageview']);


(function() {
 var ga = document.createElement('script'); ga.type = 'text/javascript'; ga.async = true;
 ga.src = ('https:' == document.location.protocol ? 'https://ssl' : 'http://www') + '.google-analytics.com/ga.js';
 var s = document.getElementsByTagName('script')[0]; s.parentNode.insertBefore(ga, s);
})();
</script>
    <script type="text/javascript">var ezouid = "1";</script>
    <base href="http://dummy.restapiexample.com/api/v1/delete/2982"/>
    <script type="text/javascript">
var ezoTemplate = 'pub_site_noads';
if(typeof ezouid == 'undefined')
{
    var ezouid = 'none';
}
var ezoFormfactor = '1';
var ezo_elements_to_check = Array();
</script>
    <script data-ezscrex="false" type="text/javascript">
var soc_app_id = '0';
var did = 133674;
var ezdomain = 'restapiexample.com';
var ezoicSearchable = 1;
</script>
    <script data-ezscrex="false" data-pagespeed-no-defer="data-pagespeed-no-defer" data-cfasync="false">
function create_ezolpl(pvID, rv) {
    var d = new Date();
    d.setTime(d.getTime() + (365*24*60*60*1000));
    var expires = "expires="+d.toUTCString();
    __ez.ck.setByCat("ezux_lpl_133674=" + new Date().getTime() + "|" + pvID + "|" + rv + "; " + expires, 3);
}
function attach_ezolpl(pvID, rv) {
    if (document.readyState === "complete") {
        create_ezolpl(pvID, rv);
    }
    if(window.attachEvent) {
        window.attachEvent("onload", create_ezolpl, pvID, rv);
    } else {
        if(window.onload) {
            var curronload = window.onload;
            var newonload = function(evt) {
                curronload(evt);
                create_ezolpl(pvID, rv);
            };
            window.onload = newonload;
        } else {
            window.onload = create_ezolpl.bind(null, pvID, rv);
        }
    }
}

__ez.queue.addFunc("attach_ezolpl", "attach_ezolpl", ["d922ffe3-8e2c-4e29-4be4-939af37e161b", "false"], false, ['/detroitchicago/boise.js'], true, false, false, false);
</script>
  </head>
  <body>
    <div class="flex-center position-ref full-height">
      <div class="code">
                429            </div>
      <div class="message" style="padding: 10px;">
                Too Many Requests            </div>
    </div>
    <script type="text/javascript" style="display:none;">var __ez_dims = (function() {
		var setCookie = function( name, content, expiry ) {
			return document.cookie = name+'='+content+((expiry)?';expires='+(new Date(Math.floor(new Date().getTime()+expiry*1000)).toUTCString()):'')+';path=/';
		};
		var ffid = 1;
		var oh = window.screen.height;
		var ow = window.screen.width;
		var h = ffid === 1 ? oh : (oh &gt; ow) ? oh : ow;
		var w = ffid === 1 ? ow : (oh &gt; ow) ? ow : oh;
		var uh = window.innerHeight || document.documentElement.clientHeight || document.getElementsByTagName('body')[0].clientHeight;
		var uw = window.innerWidth || document.documentElement.clientWidth || document.getElementsByTagName('body')[0].clientWidth;
		setCookie('ezds', encodeURIComponent('ffid='+ffid+',w='+w+',h='+h), (31536e3*7));
		setCookie('ezohw', encodeURIComponent('w='+uw+',h='+uh), (31536e3*7));
	})();</script>
    <script type="text/javascript" style="display:none;" async="async">
__ez.queue.addFile('edmonton.php', '/detroitchicago/edmonton.webp?a=a&amp;cb=191-6&amp;shcb=34', true, ['/detroitchicago/minneapolis.js'], true, false, false, false);
__ez.queue.addFile('jellyfish.php', '/porpoiseant/jellyfish.webp?a=a&amp;cb=191-6&amp;shcb=34', false, [], true, false, false, false);
</script>
    <script type="text/javascript" data-cfasync="false"/>
  </body>
</html>
]]></failure>
    <system-out><![CDATA[@AllEmployees
Feature: TC05 (DELETE) Employee 2982
<html lang="en">
  <head>
    <meta charset="utf-8"/>
    <script data-ezscrex="false" data-cfasync="false" data-pagespeed-no-defer="data-pagespeed-no-defer">var __ez=__ez||{};__ez.stms=Date.now();__ez.evt={};__ez.script={};__ez.ck=__ez.ck||{};__ez.template={};__ez.template.isOrig=false;__ez.queue=(function(){var count=0,incr=0,items=[],timeDelayFired=false,hpItems=[],lpItems=[],allowLoad=true;var obj={func:function(name,funcName,parameters,isBlock,blockedBy,deleteWhenComplete,proceedIfError){var self=this;this.name=name;this.funcName=funcName;this.parameters=parameters===null?null:(parameters instanceof Array)?parameters:[parameters];this.isBlock=isBlock;this.blockedBy=blockedBy;this.deleteWhenComplete=deleteWhenComplete;this.isError=false;this.isComplete=false;this.isInitialized=false;this.proceedIfError=proceedIfError;this.isTimeDelay=false;this.process=function(){log("... func = "+name);self.isInitialized=true;self.isComplete=true;log("... func.apply: "+name);var funcs=self.funcName.split('.');var func=null;if(funcs.length&gt;3){}else if(funcs.length===3){func=window[funcs[0]][funcs[1]][funcs[2]];}else if(funcs.length===2){func=window[funcs[0]][funcs[1]];}else{func=window[self.funcName];}
if(typeof func!=='undefined'&amp;&amp;func!==null){func.apply(null,this.parameters);}
if(self.deleteWhenComplete===true)delete items[name];if(self.isBlock===true){log("----- F'D: "+self.name);processAll();}}},file:function(name,path,isBlock,blockedBy,async,defer,proceedIfError){var self=this;this.name=name;this.path=path;this.async=async;this.defer=defer;this.isBlock=isBlock;this.blockedBy=blockedBy;this.isInitialized=false;this.isError=false;this.isComplete=false;this.proceedIfError=proceedIfError;this.isTimeDelay=false;this.process=function(){self.isInitialized=true;log("... file = "+name);var scr=document.createElement('script');scr.src=path;if(async===true)scr.async=true;else if(defer===true)scr.defer=true;scr.onerror=function(){log("----- ERR'D: "+self.name);self.isError=true;if(self.isBlock===true){processAll();}};scr.onreadystatechange=scr.onload=function(){var state=scr.readyState;log("----- F'D: "+self.name);if((!state||/loaded|complete/.test(state))){self.isComplete=true;if(self.isBlock===true){processAll();}}};document.getElementsByTagName('head')[0].appendChild(scr);}}};function init(){window.addEventListener("load",function(){setTimeout(function(){timeDelayFired=true;log('TDELAY -----');processAll();},5000);},false);}
function addFile(name,path,isBlock,blockedBy,async,defer,proceedIfError,priority){var item=new obj.file(name,path,isBlock,blockedBy,async,defer,proceedIfError);if(priority===true){hpItems[name]=item}else{lpItems[name]=item}
items[name]=item;checkIfBlocked(item);}
function setallowLoad(settobool){allowLoad=settobool}
function addFunc(name,func,parameters,isBlock,blockedBy,autoInc,deleteWhenComplete,proceedIfError,priority){if(autoInc===true)name=name+"_"+incr++;var item=new obj.func(name,func,parameters,isBlock,blockedBy,deleteWhenComplete,proceedIfError);if(priority===true){hpItems[name]=item}else{lpItems[name]=item}
items[name]=item;checkIfBlocked(item);}
function addTimeDelayFile(name,path){var item=new obj.file(name,path,false,[],false,false,true);item.isTimeDelay=true;log(name+' ... '+' FILE! TDELAY');lpItems[name]=item;items[name]=item;checkIfBlocked(item);}
function addTimeDelayFunc(name,func,parameters){var item=new obj.func(name,func,parameters,false,[],true,true);item.isTimeDelay=true;log(name+' ... '+' FUNCTION! TDELAY');lpItems[name]=item;items[name]=item;checkIfBlocked(item);}
function checkIfBlocked(item){if(isBlocked(item)===true||allowLoad==false)return;item.process();}
function isBlocked(item){if(item.isTimeDelay===true&amp;&amp;timeDelayFired===false){log(item.name+" blocked = TIME DELAY!");return true;}
if(item.blockedBy instanceof Array){for(var i=0;i&lt;item.blockedBy.length;i++){var block=item.blockedBy[i];if(items.hasOwnProperty(block)===false){log(item.name+" blocked = "+block);return true;}else if(item.proceedIfError===true&amp;&amp;items[block].isError===true){return false;}else if(items[block].isComplete===false){log(item.name+" blocked = "+block);return true;}}}
return false;}
function log(msg){var href=window.location.href;var reg=new RegExp('[?&amp;]ezq=([^&amp;#]*)','i');var string=reg.exec(href);var res=string?string[1]:null;if(res==="1")console.debug(msg);}
function processAll(){count++;if(count&gt;200)return;log("let's go");processItems(hpItems);processItems(lpItems);}
function processItems(list){for(var i in list){if(list.hasOwnProperty(i)===false)continue;var item=list[i];if(item.isComplete===true||isBlocked(item)||item.isInitialized===true||item.isError===true){if(item.isError===true){log(item.name+': error')}else if(item.isComplete===true){log(item.name+': complete already')}else if(item.isInitialized===true){log(item.name+': initialized already')}}else{item.process();}}}
init();return{addFile:addFile,addDelayFile:addTimeDelayFile,addFunc:addFunc,addDelayFunc:addTimeDelayFunc,items:items,processAll:processAll,setallowLoad:setallowLoad};})();__ez.evt.add=function(e,t,n){e.addEventListener?e.addEventListener(t,n,!1):e.attachEvent?e.attachEvent("on"+t,n):e["on"+t]=n()},__ez.evt.remove=function(e,t,n){e.removeEventListener?e.removeEventListener(t,n,!1):e.detachEvent?e.detachEvent("on"+t,n):delete e["on"+t]};__ez.script.add=function(e){var t=document.createElement("script");t.src=e,t.async=!0,t.type="text/javascript",document.getElementsByTagName("head")[0].appendChild(t)};__ez.queue.addFile('/detroitchicago/boise.js', '/detroitchicago/boise.js?gcb=191-6&amp;cb=1', false, [], true, false, true, false);__ez.dot={};__ez.queue.addFile('/detroitchicago/memphis.js', '/detroitchicago/memphis.js?gcb=191-6&amp;cb=1', false, [], true, false, true, false);__ez.queue.addFile('/detroitchicago/minneapolis.js', '/detroitchicago/minneapolis.js?gcb=191-6&amp;cb=1', false, [], true, false, true, false);__ez.vep=(function(){var pixels=[],pxURL="/detroitchicago/grapefruit.gif";function AddPixel(vID,pixelData){if(__ez.dot.isDefined(vID)&amp;&amp;__ez.dot.isValid(pixelData)){pixels.push({type:'video',video_impression_id:vID,domain_id:__ez.dot.getDID(),t_epoch:__ez.dot.getEpoch(0),data:__ez.dot.dataToStr(pixelData)});}}
function Fire(){if(typeof document.visibilityState!=='undefined'&amp;&amp;document.visibilityState==="prerender"){return;}
if(__ez.dot.isDefined(pixels)&amp;&amp;pixels.length&gt;0){while(pixels.length&gt;0){var j=5;if(j&gt;pixels.length){j=pixels.length;}
var pushPixels=pixels.splice(0,j);(new Image()).src=__ez.dot.getURL(pxURL)+"?orig="+(__ez.template.isOrig===true?1:0)+"&amp;v="+btoa(JSON.stringify(pushPixels));}}
pixels=[];}
return{Add:AddPixel,Fire:Fire};})();</script>
    <script data-ezscrex="false" data-cfasync="false" data-pagespeed-no-defer="data-pagespeed-no-defer">__ez.pel=(function(){var pixels=[],pxURL="/porpoiseant/army.gif";function AddAndFirePixel(adSlot,pixelData){AddPixel(adSlot,pixelData,0,0,0,0,0);Fire();}
function GetCurrentPixels(){return pixels;}
function AddPixel(adSlot,pixelData,revenue,est_revenue,bid_floor_filled,bid_floor_prev,stat_source_id){if(!__ez.dot.isDefined(adSlot)||__ez.dot.isAnyDefined(adSlot.getSlotElementId,adSlot.ElementId)==false){return;}
var ad_position_id=parseInt(__ez.dot.getTargeting(adSlot,'ap'));var impId=__ez.dot.getSlotIID(adSlot),adUnit=__ez.dot.getAdUnit(adSlot);var compId=parseInt(__ez.dot.getTargeting(adSlot,"compid"));var lineItemId=0;var creativeId=0;var ezimData=getEzimData(adSlot);if(typeof ezimData=='object'){if(ezimData.creative_id!==undefined){creativeId=ezimData.creative_id;}
if(ezimData.line_item_id!==undefined){lineItemId=ezimData.line_item_id;}}
if(__ez.dot.isDefined(impId,adUnit)&amp;&amp;__ez.dot.isValid(pixelData)){pixels.push({type:"impression",impression_id:impId,domain_id:__ez.dot.getDID(),unit:adUnit,t_epoch:__ez.dot.getEpoch(0),revenue:revenue,est_revenue:est_revenue,ad_position:ad_position_id,ad_size:"",bid_floor_filled:bid_floor_filled,bid_floor_prev:bid_floor_prev,stat_source_id:stat_source_id,country_code:__ez.dot.getCC(),pageview_id:__ez.dot.getPageviewId(),comp_id:compId,line_item_id:lineItemId,creative_id:creativeId,data:__ez.dot.dataToStr(pixelData)});}}
function AddPixelById(impFullId,pixelData){var vals=impFullId.split('/');if(__ez.dot.isDefined(impFullId)&amp;&amp;vals.length===3&amp;&amp;__ez.dot.isValid(pixelData)){var adUnit=vals[0],impId=vals[2];pixels.push({type:"impression",impression_id:impId,domain_id:__ez.dot.getDID(),unit:adUnit,t_epoch:__ez.dot.getEpoch(0),pageview_id:__ez.dot.getPageviewId(),data:__ez.dot.dataToStr(pixelData)});}}
function Fire(){if(typeof document.visibilityState!=='undefined'&amp;&amp;document.visibilityState==="prerender")return;if(__ez.dot.isDefined(pixels)&amp;&amp;pixels.length&gt;0){while(pixels.length&gt;0){var j=5;if(j&gt;pixels.length){j=pixels.length;}
var pushPixels=pixels.splice(0,j);var pixelURL=__ez.dot.getURL(pxURL)+"?orig="+(__ez.template.isOrig===true?1:0)+"&amp;sts="+btoa(JSON.stringify(pushPixels));if(typeof window.isAmp!=='undefined'&amp;&amp;isAmp&amp;&amp;typeof window._ezaq!=='undefined'&amp;&amp;_ezaq.hasOwnProperty("domain_id")){pixelURL+="&amp;visit_uuid="+_ezaq['visit_uuid'];}
(new Image()).src=pixelURL;}}
pixels=[];}
function getEzimData(adSlot){if(typeof _ezim_d=="undefined"){return false}
var adUnitName=__ez.dot.getAdUnitPath(adSlot).split('/').pop();if(typeof _ezim_d==='object'&amp;&amp;_ezim_d.hasOwnProperty(adUnitName)){return _ezim_d[adUnitName];}
for(var ezimKey in _ezim_d){if(ezimKey.split('/').pop()===adUnitName){return _ezim_d[ezimKey];}}
return false;}
return{Add:AddPixel,AddAndFire:AddAndFirePixel,AddById:AddPixelById,Fire:Fire,GetPixels:GetCurrentPixels,};})();__ez.queue.addFile('/detroitchicago/raleigh.js', '/detroitchicago/raleigh.js?gcb=191-6&amp;cb=1', false, [], true, false, true, false);__ez.queue.addFile('/detroitchicago/tampa.js', '/detroitchicago/tampa.js?gcb=191-6&amp;cb=1', false, [], true, false, true, false);</script>
    <script data-ezscrex="false" type="text/javascript" data-cfasync="false">var _ezaq = {"ad_cache_level":0,"ad_count_adjustment":0,"ad_lazyload_version":0,"ad_location_ids":"","ad_transform_level":0,"adx_ad_count":0,"bidder_method":1,"bidder_version":3,"city":"Frankfurt am Main","country":"DE","days_since_last_visit":-1,"display_ad_count":0,"domain_id":133674,"ds_adsize_opt_id":-1,"engaged_time_visit":0,"ezcache_level":1,"forensiq_score":-1,"form_factor_id":1,"framework_id":1,"has_bad_image":0,"has_bad_words":0,"iab_category":"","is_from_recommended_pages":false,"is_return_visitor":false,"is_sitespeed":0,"last_page_load":"","last_pageview_id":"","lt_cache_level":0,"max_ads":0,"metro_code":0,"optimization_version":1,"page_ad_positions":"","page_view_count":0,"page_view_id":"d922ffe3-8e2c-4e29-4be4-939af37e161b","position_selection_id":0,"postal_code":"60326","pv_event_count":0,"response_time_orig":694,"serverid":"18.192.36.238:14857","state":"HE","sub_page_ad_positions":"","t_epoch":1600027947,"template_id":0,"time_on_site_visit":0,"url":"http://dummy.restapiexample.com/api/v1/delete/2982","user_id":0,"word_count":0,"worst_bad_word_level":0};var _ezim_d = null;var _ezat = {"domain_id":133674,"form_factor_id":1,"framework_id":1,"pageview_date":"2020-09-13","pageview_id":"d922ffe3-8e2c-4e29-4be4-939af37e161b","template_id":0,"url":"http://dummy.restapiexample.com/api/v1/delete/2982","visit_uuid":"cc5c26da-a30d-4cff-436b-166f945ac93d"};</script>
    <script data-ezscrex="false" data-pagespeed-no-defer="data-pagespeed-no-defer" data-cfasync="false" type="text/javascript">__ez.queue.addFile('banger.js', '/porpoiseant/banger.js?cb=191-6&amp;bv=86&amp;v=35&amp;PageSpeed=off', true, [], true, false, false, true);</script>
    <script data-ezscrex="false" data-cfasync="false">(function(){if("function"===typeof window.CustomEvent)return!1;window.CustomEvent=function(c,a){a=a||{bubbles:!1,cancelable:!1,detail:null};var b=document.createEvent("CustomEvent");b.initCustomEvent(c,a.bubbles,a.cancelable,a.detail);return b}})();</script>
    <script data-ezscrex="false" data-cfasync="false">__ez.queue.addFile('/detroitchicago/tulsa.js', '/detroitchicago/tulsa.js?gcb=191-6&amp;cb=2', false, [], true, false, true, false);</script>
    <meta name="viewport" content="width=device-width, initial-scale=1"/>
    <title>Too Many Requests</title>
    <link rel="dns-prefetch" href="//fonts.gstatic.com"/>
    <link href="https://fonts.googleapis.com/css?family=Nunito" rel="stylesheet"/>
    <style>
            html, body {
                background-color: #fff;
                color: #636b6f;
                font-family: 'Nunito', sans-serif;
                font-weight: 100;
                height: 100vh;
                margin: 0;
            }

            .full-height {
                height: 100vh;
            }

            .flex-center {
                align-items: center;
                display: flex;
                justify-content: center;
            }

            .position-ref {
                position: relative;
            }

            .code {
                border-right: 2px solid;
                font-size: 26px;
                padding: 0 15px 0 15px;
                text-align: center;
            }

            .message {
                font-size: 18px;
                text-align: center;
            }
        </style>
    <script data-ezscrex="false" data-cfasync="false" type="text/javascript">window.google_analytics_uacct = "UA-131129777-14";</script>
    <script data-ezscrex="false" data-cfasync="false" type="text/javascript">
var _gaq = _gaq || [];
_gaq.push(['e._setAccount', 'UA-131129777-14']);
_gaq.push(['f._setAccount', 'UA-38339005-1']);
_gaq.push(['e._setDomainName', 'restapiexample.com']);
_gaq.push(['f._setDomainName', 'restapiexample.com']);
_gaq.push(['e._setCustomVar',1,'template','pub_site_noads',3]);
_gaq.push(['e._setCustomVar',2,'t','147',3]);
_gaq.push(['e._setCustomVar',3,'rid','0',2]);
_gaq.push(['e._setCustomVar',4,'bra','mod1',3]);
_gaq.push(['e._setAllowAnchor',true]);
_gaq.push(['e._setSiteSpeedSampleRate', 10]);
_gaq.push(['f._setCustomVar',1,'template','pub_site_noads',3]);
_gaq.push(['f._setCustomVar',2,'domain','restapiexample.com',3]);
_gaq.push(['f._setSiteSpeedSampleRate', 20]);
_gaq.push(['e._trackPageview']);
_gaq.push(['f._trackPageview']);


(function() {
 var ga = document.createElement('script'); ga.type = 'text/javascript'; ga.async = true;
 ga.src = ('https:' == document.location.protocol ? 'https://ssl' : 'http://www') + '.google-analytics.com/ga.js';
 var s = document.getElementsByTagName('script')[0]; s.parentNode.insertBefore(ga, s);
})();
</script>
    <script type="text/javascript">var ezouid = "1";</script>
    <base href="http://dummy.restapiexample.com/api/v1/delete/2982"/>
    <script type="text/javascript">
var ezoTemplate = 'pub_site_noads';
if(typeof ezouid == 'undefined')
{
    var ezouid = 'none';
}
var ezoFormfactor = '1';
var ezo_elements_to_check = Array();
</script>
    <script data-ezscrex="false" type="text/javascript">
var soc_app_id = '0';
var did = 133674;
var ezdomain = 'restapiexample.com';
var ezoicSearchable = 1;
</script>
    <script data-ezscrex="false" data-pagespeed-no-defer="data-pagespeed-no-defer" data-cfasync="false">
function create_ezolpl(pvID, rv) {
    var d = new Date();
    d.setTime(d.getTime() + (365*24*60*60*1000));
    var expires = "expires="+d.toUTCString();
    __ez.ck.setByCat("ezux_lpl_133674=" + new Date().getTime() + "|" + pvID + "|" + rv + "; " + expires, 3);
}
function attach_ezolpl(pvID, rv) {
    if (document.readyState === "complete") {
        create_ezolpl(pvID, rv);
    }
    if(window.attachEvent) {
        window.attachEvent("onload", create_ezolpl, pvID, rv);
    } else {
        if(window.onload) {
            var curronload = window.onload;
            var newonload = function(evt) {
                curronload(evt);
                create_ezolpl(pvID, rv);
            };
            window.onload = newonload;
        } else {
            window.onload = create_ezolpl.bind(null, pvID, rv);
        }
    }
}

__ez.queue.addFunc("attach_ezolpl", "attach_ezolpl", ["d922ffe3-8e2c-4e29-4be4-939af37e161b", "false"], false, ['/detroitchicago/boise.js'], true, false, false, false);
</script>
  </head>
  <body>
    <div class="flex-center position-ref full-height">
      <div class="code">
                429            </div>
      <div class="message" style="padding: 10px;">
                Too Many Requests            </div>
    </div>
    <script type="text/javascript" style="display:none;">var __ez_dims = (function() {
		var setCookie = function( name, content, expiry ) {
			return document.cookie = name+'='+content+((expiry)?';expires='+(new Date(Math.floor(new Date().getTime()+expiry*1000)).toUTCString()):'')+';path=/';
		};
		var ffid = 1;
		var oh = window.screen.height;
		var ow = window.screen.width;
		var h = ffid === 1 ? oh : (oh &gt; ow) ? oh : ow;
		var w = ffid === 1 ? ow : (oh &gt; ow) ? ow : oh;
		var uh = window.innerHeight || document.documentElement.clientHeight || document.getElementsByTagName('body')[0].clientHeight;
		var uw = window.innerWidth || document.documentElement.clientWidth || document.getElementsByTagName('body')[0].clientWidth;
		setCookie('ezds', encodeURIComponent('ffid='+ffid+',w='+w+',h='+h), (31536e3*7));
		setCookie('ezohw', encodeURIComponent('w='+uw+',h='+uh), (31536e3*7));
	})();</script>
    <script type="text/javascript" style="display:none;" async="async">
__ez.queue.addFile('edmonton.php', '/detroitchicago/edmonton.webp?a=a&amp;cb=191-6&amp;shcb=34', true, ['/detroitchicago/minneapolis.js'], true, false, false, false);
__ez.queue.addFile('jellyfish.php', '/porpoiseant/jellyfish.webp?a=a&amp;cb=191-6&amp;shcb=34', false, [], true, false, false, false);
</script>
    <script type="text/javascript" data-cfasync="false"/>
  </body>
</html>

  Scenario: Positive Scenario (200 Ok Response)                            # TC05 DELETE Employee 2982.feature:6
    Given the URL is "http://dummy.restapiexample.com/api/v1"              # httpActivity.the_URL_is(String)
    When the HTTP request type is "DELETE"  and resource is "/delete/2982" # httpActivity.the_HTTP_request_type_is_and_resource_is(String,String)
    Then verify the Response code is "200"                                 # httpActivity.verify_the_Response_code_is(String)
      java.lang.AssertionError: Expected Status code as per test cases is = 200 but Status code recieved is = 429 was found instead...
      Body coming from backend is--><html lang="en">
        <head>
          <meta charset="utf-8"/>
          <script data-ezscrex="false" data-cfasync="false" data-pagespeed-no-defer="data-pagespeed-no-defer">var __ez=__ez||{};__ez.stms=Date.now();__ez.evt={};__ez.script={};__ez.ck=__ez.ck||{};__ez.template={};__ez.template.isOrig=false;__ez.queue=(function(){var count=0,incr=0,items=[],timeDelayFired=false,hpItems=[],lpItems=[],allowLoad=true;var obj={func:function(name,funcName,parameters,isBlock,blockedBy,deleteWhenComplete,proceedIfError){var self=this;this.name=name;this.funcName=funcName;this.parameters=parameters===null?null:(parameters instanceof Array)?parameters:[parameters];this.isBlock=isBlock;this.blockedBy=blockedBy;this.deleteWhenComplete=deleteWhenComplete;this.isError=false;this.isComplete=false;this.isInitialized=false;this.proceedIfError=proceedIfError;this.isTimeDelay=false;this.process=function(){log("... func = "+name);self.isInitialized=true;self.isComplete=true;log("... func.apply: "+name);var funcs=self.funcName.split('.');var func=null;if(funcs.length&gt;3){}else if(funcs.length===3){func=window[funcs[0]][funcs[1]][funcs[2]];}else if(funcs.length===2){func=window[funcs[0]][funcs[1]];}else{func=window[self.funcName];}
      if(typeof func!=='undefined'&amp;&amp;func!==null){func.apply(null,this.parameters);}
      if(self.deleteWhenComplete===true)delete items[name];if(self.isBlock===true){log("----- F'D: "+self.name);processAll();}}},file:function(name,path,isBlock,blockedBy,async,defer,proceedIfError){var self=this;this.name=name;this.path=path;this.async=async;this.defer=defer;this.isBlock=isBlock;this.blockedBy=blockedBy;this.isInitialized=false;this.isError=false;this.isComplete=false;this.proceedIfError=proceedIfError;this.isTimeDelay=false;this.process=function(){self.isInitialized=true;log("... file = "+name);var scr=document.createElement('script');scr.src=path;if(async===true)scr.async=true;else if(defer===true)scr.defer=true;scr.onerror=function(){log("----- ERR'D: "+self.name);self.isError=true;if(self.isBlock===true){processAll();}};scr.onreadystatechange=scr.onload=function(){var state=scr.readyState;log("----- F'D: "+self.name);if((!state||/loaded|complete/.test(state))){self.isComplete=true;if(self.isBlock===true){processAll();}}};document.getElementsByTagName('head')[0].appendChild(scr);}}};function init(){window.addEventListener("load",function(){setTimeout(function(){timeDelayFired=true;log('TDELAY -----');processAll();},5000);},false);}
      function addFile(name,path,isBlock,blockedBy,async,defer,proceedIfError,priority){var item=new obj.file(name,path,isBlock,blockedBy,async,defer,proceedIfError);if(priority===true){hpItems[name]=item}else{lpItems[name]=item}
      items[name]=item;checkIfBlocked(item);}
      function setallowLoad(settobool){allowLoad=settobool}
      function addFunc(name,func,parameters,isBlock,blockedBy,autoInc,deleteWhenComplete,proceedIfError,priority){if(autoInc===true)name=name+"_"+incr++;var item=new obj.func(name,func,parameters,isBlock,blockedBy,deleteWhenComplete,proceedIfError);if(priority===true){hpItems[name]=item}else{lpItems[name]=item}
      items[name]=item;checkIfBlocked(item);}
      function addTimeDelayFile(name,path){var item=new obj.file(name,path,false,[],false,false,true);item.isTimeDelay=true;log(name+' ... '+' FILE! TDELAY');lpItems[name]=item;items[name]=item;checkIfBlocked(item);}
      function addTimeDelayFunc(name,func,parameters){var item=new obj.func(name,func,parameters,false,[],true,true);item.isTimeDelay=true;log(name+' ... '+' FUNCTION! TDELAY');lpItems[name]=item;items[name]=item;checkIfBlocked(item);}
      function checkIfBlocked(item){if(isBlocked(item)===true||allowLoad==false)return;item.process();}
      function isBlocked(item){if(item.isTimeDelay===true&amp;&amp;timeDelayFired===false){log(item.name+" blocked = TIME DELAY!");return true;}
      if(item.blockedBy instanceof Array){for(var i=0;i&lt;item.blockedBy.length;i++){var block=item.blockedBy[i];if(items.hasOwnProperty(block)===false){log(item.name+" blocked = "+block);return true;}else if(item.proceedIfError===true&amp;&amp;items[block].isError===true){return false;}else if(items[block].isComplete===false){log(item.name+" blocked = "+block);return true;}}}
      return false;}
      function log(msg){var href=window.location.href;var reg=new RegExp('[?&amp;]ezq=([^&amp;#]*)','i');var string=reg.exec(href);var res=string?string[1]:null;if(res==="1")console.debug(msg);}
      function processAll(){count++;if(count&gt;200)return;log("let's go");processItems(hpItems);processItems(lpItems);}
      function processItems(list){for(var i in list){if(list.hasOwnProperty(i)===false)continue;var item=list[i];if(item.isComplete===true||isBlocked(item)||item.isInitialized===true||item.isError===true){if(item.isError===true){log(item.name+': error')}else if(item.isComplete===true){log(item.name+': complete already')}else if(item.isInitialized===true){log(item.name+': initialized already')}}else{item.process();}}}
      init();return{addFile:addFile,addDelayFile:addTimeDelayFile,addFunc:addFunc,addDelayFunc:addTimeDelayFunc,items:items,processAll:processAll,setallowLoad:setallowLoad};})();__ez.evt.add=function(e,t,n){e.addEventListener?e.addEventListener(t,n,!1):e.attachEvent?e.attachEvent("on"+t,n):e["on"+t]=n()},__ez.evt.remove=function(e,t,n){e.removeEventListener?e.removeEventListener(t,n,!1):e.detachEvent?e.detachEvent("on"+t,n):delete e["on"+t]};__ez.script.add=function(e){var t=document.createElement("script");t.src=e,t.async=!0,t.type="text/javascript",document.getElementsByTagName("head")[0].appendChild(t)};__ez.queue.addFile('/detroitchicago/boise.js', '/detroitchicago/boise.js?gcb=191-6&amp;cb=1', false, [], true, false, true, false);__ez.dot={};__ez.queue.addFile('/detroitchicago/memphis.js', '/detroitchicago/memphis.js?gcb=191-6&amp;cb=1', false, [], true, false, true, false);__ez.queue.addFile('/detroitchicago/minneapolis.js', '/detroitchicago/minneapolis.js?gcb=191-6&amp;cb=1', false, [], true, false, true, false);__ez.vep=(function(){var pixels=[],pxURL="/detroitchicago/grapefruit.gif";function AddPixel(vID,pixelData){if(__ez.dot.isDefined(vID)&amp;&amp;__ez.dot.isValid(pixelData)){pixels.push({type:'video',video_impression_id:vID,domain_id:__ez.dot.getDID(),t_epoch:__ez.dot.getEpoch(0),data:__ez.dot.dataToStr(pixelData)});}}
      function Fire(){if(typeof document.visibilityState!=='undefined'&amp;&amp;document.visibilityState==="prerender"){return;}
      if(__ez.dot.isDefined(pixels)&amp;&amp;pixels.length&gt;0){while(pixels.length&gt;0){var j=5;if(j&gt;pixels.length){j=pixels.length;}
      var pushPixels=pixels.splice(0,j);(new Image()).src=__ez.dot.getURL(pxURL)+"?orig="+(__ez.template.isOrig===true?1:0)+"&amp;v="+btoa(JSON.stringify(pushPixels));}}
      pixels=[];}
      return{Add:AddPixel,Fire:Fire};})();</script>
          <script data-ezscrex="false" data-cfasync="false" data-pagespeed-no-defer="data-pagespeed-no-defer">__ez.pel=(function(){var pixels=[],pxURL="/porpoiseant/army.gif";function AddAndFirePixel(adSlot,pixelData){AddPixel(adSlot,pixelData,0,0,0,0,0);Fire();}
      function GetCurrentPixels(){return pixels;}
      function AddPixel(adSlot,pixelData,revenue,est_revenue,bid_floor_filled,bid_floor_prev,stat_source_id){if(!__ez.dot.isDefined(adSlot)||__ez.dot.isAnyDefined(adSlot.getSlotElementId,adSlot.ElementId)==false){return;}
      var ad_position_id=parseInt(__ez.dot.getTargeting(adSlot,'ap'));var impId=__ez.dot.getSlotIID(adSlot),adUnit=__ez.dot.getAdUnit(adSlot);var compId=parseInt(__ez.dot.getTargeting(adSlot,"compid"));var lineItemId=0;var creativeId=0;var ezimData=getEzimData(adSlot);if(typeof ezimData=='object'){if(ezimData.creative_id!==undefined){creativeId=ezimData.creative_id;}
      if(ezimData.line_item_id!==undefined){lineItemId=ezimData.line_item_id;}}
      if(__ez.dot.isDefined(impId,adUnit)&amp;&amp;__ez.dot.isValid(pixelData)){pixels.push({type:"impression",impression_id:impId,domain_id:__ez.dot.getDID(),unit:adUnit,t_epoch:__ez.dot.getEpoch(0),revenue:revenue,est_revenue:est_revenue,ad_position:ad_position_id,ad_size:"",bid_floor_filled:bid_floor_filled,bid_floor_prev:bid_floor_prev,stat_source_id:stat_source_id,country_code:__ez.dot.getCC(),pageview_id:__ez.dot.getPageviewId(),comp_id:compId,line_item_id:lineItemId,creative_id:creativeId,data:__ez.dot.dataToStr(pixelData)});}}
      function AddPixelById(impFullId,pixelData){var vals=impFullId.split('/');if(__ez.dot.isDefined(impFullId)&amp;&amp;vals.length===3&amp;&amp;__ez.dot.isValid(pixelData)){var adUnit=vals[0],impId=vals[2];pixels.push({type:"impression",impression_id:impId,domain_id:__ez.dot.getDID(),unit:adUnit,t_epoch:__ez.dot.getEpoch(0),pageview_id:__ez.dot.getPageviewId(),data:__ez.dot.dataToStr(pixelData)});}}
      function Fire(){if(typeof document.visibilityState!=='undefined'&amp;&amp;document.visibilityState==="prerender")return;if(__ez.dot.isDefined(pixels)&amp;&amp;pixels.length&gt;0){while(pixels.length&gt;0){var j=5;if(j&gt;pixels.length){j=pixels.length;}
      var pushPixels=pixels.splice(0,j);var pixelURL=__ez.dot.getURL(pxURL)+"?orig="+(__ez.template.isOrig===true?1:0)+"&amp;sts="+btoa(JSON.stringify(pushPixels));if(typeof window.isAmp!=='undefined'&amp;&amp;isAmp&amp;&amp;typeof window._ezaq!=='undefined'&amp;&amp;_ezaq.hasOwnProperty("domain_id")){pixelURL+="&amp;visit_uuid="+_ezaq['visit_uuid'];}
      (new Image()).src=pixelURL;}}
      pixels=[];}
      function getEzimData(adSlot){if(typeof _ezim_d=="undefined"){return false}
      var adUnitName=__ez.dot.getAdUnitPath(adSlot).split('/').pop();if(typeof _ezim_d==='object'&amp;&amp;_ezim_d.hasOwnProperty(adUnitName)){return _ezim_d[adUnitName];}
      for(var ezimKey in _ezim_d){if(ezimKey.split('/').pop()===adUnitName){return _ezim_d[ezimKey];}}
      return false;}
      return{Add:AddPixel,AddAndFire:AddAndFirePixel,AddById:AddPixelById,Fire:Fire,GetPixels:GetCurrentPixels,};})();__ez.queue.addFile('/detroitchicago/raleigh.js', '/detroitchicago/raleigh.js?gcb=191-6&amp;cb=1', false, [], true, false, true, false);__ez.queue.addFile('/detroitchicago/tampa.js', '/detroitchicago/tampa.js?gcb=191-6&amp;cb=1', false, [], true, false, true, false);</script>
          <script data-ezscrex="false" type="text/javascript" data-cfasync="false">var _ezaq = {"ad_cache_level":0,"ad_count_adjustment":0,"ad_lazyload_version":0,"ad_location_ids":"","ad_transform_level":0,"adx_ad_count":0,"bidder_method":1,"bidder_version":3,"city":"Frankfurt am Main","country":"DE","days_since_last_visit":-1,"display_ad_count":0,"domain_id":133674,"ds_adsize_opt_id":-1,"engaged_time_visit":0,"ezcache_level":1,"forensiq_score":-1,"form_factor_id":1,"framework_id":1,"has_bad_image":0,"has_bad_words":0,"iab_category":"","is_from_recommended_pages":false,"is_return_visitor":false,"is_sitespeed":0,"last_page_load":"","last_pageview_id":"","lt_cache_level":0,"max_ads":0,"metro_code":0,"optimization_version":1,"page_ad_positions":"","page_view_count":0,"page_view_id":"d922ffe3-8e2c-4e29-4be4-939af37e161b","position_selection_id":0,"postal_code":"60326","pv_event_count":0,"response_time_orig":694,"serverid":"18.192.36.238:14857","state":"HE","sub_page_ad_positions":"","t_epoch":1600027947,"template_id":0,"time_on_site_visit":0,"url":"http://dummy.restapiexample.com/api/v1/delete/2982","user_id":0,"word_count":0,"worst_bad_word_level":0};var _ezim_d = null;var _ezat = {"domain_id":133674,"form_factor_id":1,"framework_id":1,"pageview_date":"2020-09-13","pageview_id":"d922ffe3-8e2c-4e29-4be4-939af37e161b","template_id":0,"url":"http://dummy.restapiexample.com/api/v1/delete/2982","visit_uuid":"cc5c26da-a30d-4cff-436b-166f945ac93d"};</script>
          <script data-ezscrex="false" data-pagespeed-no-defer="data-pagespeed-no-defer" data-cfasync="false" type="text/javascript">__ez.queue.addFile('banger.js', '/porpoiseant/banger.js?cb=191-6&amp;bv=86&amp;v=35&amp;PageSpeed=off', true, [], true, false, false, true);</script>
          <script data-ezscrex="false" data-cfasync="false">(function(){if("function"===typeof window.CustomEvent)return!1;window.CustomEvent=function(c,a){a=a||{bubbles:!1,cancelable:!1,detail:null};var b=document.createEvent("CustomEvent");b.initCustomEvent(c,a.bubbles,a.cancelable,a.detail);return b}})();</script>
          <script data-ezscrex="false" data-cfasync="false">__ez.queue.addFile('/detroitchicago/tulsa.js', '/detroitchicago/tulsa.js?gcb=191-6&amp;cb=2', false, [], true, false, true, false);</script>
          <meta name="viewport" content="width=device-width, initial-scale=1"/>
          <title>Too Many Requests</title>
          <link rel="dns-prefetch" href="//fonts.gstatic.com"/>
          <link href="https://fonts.googleapis.com/css?family=Nunito" rel="stylesheet"/>
          <style>
                  html, body {
                      background-color: #fff;
                      color: #636b6f;
                      font-family: 'Nunito', sans-serif;
                      font-weight: 100;
                      height: 100vh;
                      margin: 0;
                  }
      
                  .full-height {
                      height: 100vh;
                  }
      
                  .flex-center {
                      align-items: center;
                      display: flex;
                      justify-content: center;
                  }
      
                  .position-ref {
                      position: relative;
                  }
      
                  .code {
                      border-right: 2px solid;
                      font-size: 26px;
                      padding: 0 15px 0 15px;
                      text-align: center;
                  }
      
                  .message {
                      font-size: 18px;
                      text-align: center;
                  }
              </style>
          <script data-ezscrex="false" data-cfasync="false" type="text/javascript">window.google_analytics_uacct = "UA-131129777-14";</script>
          <script data-ezscrex="false" data-cfasync="false" type="text/javascript">
      var _gaq = _gaq || [];
      _gaq.push(['e._setAccount', 'UA-131129777-14']);
      _gaq.push(['f._setAccount', 'UA-38339005-1']);
      _gaq.push(['e._setDomainName', 'restapiexample.com']);
      _gaq.push(['f._setDomainName', 'restapiexample.com']);
      _gaq.push(['e._setCustomVar',1,'template','pub_site_noads',3]);
      _gaq.push(['e._setCustomVar',2,'t','147',3]);
      _gaq.push(['e._setCustomVar',3,'rid','0',2]);
      _gaq.push(['e._setCustomVar',4,'bra','mod1',3]);
      _gaq.push(['e._setAllowAnchor',true]);
      _gaq.push(['e._setSiteSpeedSampleRate', 10]);
      _gaq.push(['f._setCustomVar',1,'template','pub_site_noads',3]);
      _gaq.push(['f._setCustomVar',2,'domain','restapiexample.com',3]);
      _gaq.push(['f._setSiteSpeedSampleRate', 20]);
      _gaq.push(['e._trackPageview']);
      _gaq.push(['f._trackPageview']);
      
      
      (function() {
       var ga = document.createElement('script'); ga.type = 'text/javascript'; ga.async = true;
       ga.src = ('https:' == document.location.protocol ? 'https://ssl' : 'http://www') + '.google-analytics.com/ga.js';
       var s = document.getElementsByTagName('script')[0]; s.parentNode.insertBefore(ga, s);
      })();
      </script>
          <script type="text/javascript">var ezouid = "1";</script>
          <base href="http://dummy.restapiexample.com/api/v1/delete/2982"/>
          <script type="text/javascript">
      var ezoTemplate = 'pub_site_noads';
      if(typeof ezouid == 'undefined')
      {
          var ezouid = 'none';
      }
      var ezoFormfactor = '1';
      var ezo_elements_to_check = Array();
      </script>
          <script data-ezscrex="false" type="text/javascript">
      var soc_app_id = '0';
      var did = 133674;
      var ezdomain = 'restapiexample.com';
      var ezoicSearchable = 1;
      </script>
          <script data-ezscrex="false" data-pagespeed-no-defer="data-pagespeed-no-defer" data-cfasync="false">
      function create_ezolpl(pvID, rv) {
          var d = new Date();
          d.setTime(d.getTime() + (365*24*60*60*1000));
          var expires = "expires="+d.toUTCString();
          __ez.ck.setByCat("ezux_lpl_133674=" + new Date().getTime() + "|" + pvID + "|" + rv + "; " + expires, 3);
      }
      function attach_ezolpl(pvID, rv) {
          if (document.readyState === "complete") {
              create_ezolpl(pvID, rv);
          }
          if(window.attachEvent) {
              window.attachEvent("onload", create_ezolpl, pvID, rv);
          } else {
              if(window.onload) {
                  var curronload = window.onload;
                  var newonload = function(evt) {
                      curronload(evt);
                      create_ezolpl(pvID, rv);
                  };
                  window.onload = newonload;
              } else {
                  window.onload = create_ezolpl.bind(null, pvID, rv);
              }
          }
      }
      
      __ez.queue.addFunc("attach_ezolpl", "attach_ezolpl", ["d922ffe3-8e2c-4e29-4be4-939af37e161b", "false"], false, ['/detroitchicago/boise.js'], true, false, false, false);
      </script>
        </head>
        <body>
          <div class="flex-center position-ref full-height">
            <div class="code">
                      429            </div>
            <div class="message" style="padding: 10px;">
                      Too Many Requests            </div>
          </div>
          <script type="text/javascript" style="display:none;">var __ez_dims = (function() {
      		var setCookie = function( name, content, expiry ) {
      			return document.cookie = name+'='+content+((expiry)?';expires='+(new Date(Math.floor(new Date().getTime()+expiry*1000)).toUTCString()):'')+';path=/';
      		};
      		var ffid = 1;
      		var oh = window.screen.height;
      		var ow = window.screen.width;
      		var h = ffid === 1 ? oh : (oh &gt; ow) ? oh : ow;
      		var w = ffid === 1 ? ow : (oh &gt; ow) ? ow : oh;
      		var uh = window.innerHeight || document.documentElement.clientHeight || document.getElementsByTagName('body')[0].clientHeight;
      		var uw = window.innerWidth || document.documentElement.clientWidth || document.getElementsByTagName('body')[0].clientWidth;
      		setCookie('ezds', encodeURIComponent('ffid='+ffid+',w='+w+',h='+h), (31536e3*7));
      		setCookie('ezohw', encodeURIComponent('w='+uw+',h='+uh), (31536e3*7));
      	})();</script>
          <script type="text/javascript" style="display:none;" async="async">
      __ez.queue.addFile('edmonton.php', '/detroitchicago/edmonton.webp?a=a&amp;cb=191-6&amp;shcb=34', true, ['/detroitchicago/minneapolis.js'], true, false, false, false);
      __ez.queue.addFile('jellyfish.php', '/porpoiseant/jellyfish.webp?a=a&amp;cb=191-6&amp;shcb=34', false, [], true, false, false, false);
      </script>
          <script type="text/javascript" data-cfasync="false"/>
        </body>
      </html>
      	at org.junit.Assert.fail(Assert.java:93)
      	at utility.HTTP_Methods.responseCode(HTTP_Methods.java:72)
      	at stepDefinitionFiles.httpActivity.verify_the_Response_code_is(httpActivity.java:23)
      	at ✽.Then verify the Response code is "200"(TC05 DELETE Employee 2982.feature:9)

    And ignore attribute "" and verify the Response schema                 # httpActivity.ignore_attribute_and_verify_the_Response_schema(String,String)
      """
      {
      "status": "success",
      "data": "2982",
      "message": "Successfully! Record has been deleted"
      }
      """

  Scenario: Negative Scenario (405 Method Not Allowed Response)            # TC05 DELETE Employee 2982.feature:21
    Given the URL is "http://dummy.restapiexample.com/api/v1"              # httpActivity.the_URL_is(String)
    When the HTTP request type is "DELETE"  and resource is "/update/2982" # httpActivity.the_HTTP_request_type_is_and_resource_is(String,String)
    Then verify the Response code is "405"                                 # httpActivity.verify_the_Response_code_is(String)
]]></system-out>
  </testcase>
</testsuite>