<?xml version="1.0" encoding="UTF-8"?>
<!-- Generated by org.testng.reporters.JUnitReportReporter -->
<testsuite skipped="0" hostname="LFDC4CWMSQ2" name="testRunnerFile.TestRunner" tests="1" failures="0" timestamp="12 Sep 2020 15:07:21 GMT" time="6.110" errors="1">
  <testcase name="feature" time="6.110" classname="testRunnerFile.TestRunner">
    <error type="cucumber.runtime.CucumberException" message="java.lang.AssertionError: Expected Status code = 200 but Status code = 429 was found instead...
Body coming from backend is--&gt;&lt;html lang=&quot;en&quot;&gt;
  &lt;head&gt;
    &lt;meta charset=&quot;utf-8&quot;/&gt;
    &lt;script data-ezscrex=&quot;false&quot; data-cfasync=&quot;false&quot; data-pagespeed-no-defer=&quot;data-pagespeed-no-defer&quot;&gt;var __ez=__ez||{};__ez.stms=Date.now();__ez.evt={};__ez.script={};__ez.ck=__ez.ck||{};__ez.template={};__ez.template.isOrig=false;__ez.queue=(function(){var count=0,incr=0,items=[],timeDelayFired=false,hpItems=[],lpItems=[],allowLoad=true;var obj={func:function(name,funcName,parameters,isBlock,blockedBy,deleteWhenComplete,proceedIfError){var self=this;this.name=name;this.funcName=funcName;this.parameters=parameters===null?null:(parameters instanceof Array)?parameters:[parameters];this.isBlock=isBlock;this.blockedBy=blockedBy;this.deleteWhenComplete=deleteWhenComplete;this.isError=false;this.isComplete=false;this.isInitialized=false;this.proceedIfError=proceedIfError;this.isTimeDelay=false;this.process=function(){log(&quot;... func = &quot;+name);self.isInitialized=true;self.isComplete=true;log(&quot;... func.apply: &quot;+name);var funcs=self.funcName.split(&#039;.&#039;);var func=null;if(funcs.length&amp;gt;3){}else if(funcs.length===3){func=window[funcs[0]][funcs[1]][funcs[2]];}else if(funcs.length===2){func=window[funcs[0]][funcs[1]];}else{func=window[self.funcName];}
if(typeof func!==&#039;undefined&#039;&amp;amp;&amp;amp;func!==null){func.apply(null,this.parameters);}
if(self.deleteWhenComplete===true)delete items[name];if(self.isBlock===true){log(&quot;----- F&#039;D: &quot;+self.name);processAll();}}},file:function(name,path,isBlock,blockedBy,async,defer,proceedIfError){var self=this;this.name=name;this.path=path;this.async=async;this.defer=defer;this.isBlock=isBlock;this.blockedBy=blockedBy;this.isInitialized=false;this.isError=false;this.isComplete=false;this.proceedIfError=proceedIfError;this.isTimeDelay=false;this.process=function(){self.isInitialized=true;log(&quot;... file = &quot;+name);var scr=document.createElement(&#039;script&#039;);scr.src=path;if(async===true)scr.async=true;else if(defer===true)scr.defer=true;scr.onerror=function(){log(&quot;----- ERR&#039;D: &quot;+self.name);self.isError=true;if(self.isBlock===true){processAll();}};scr.onreadystatechange=scr.onload=function(){var state=scr.readyState;log(&quot;----- F&#039;D: &quot;+self.name);if((!state||/loaded|complete/.test(state))){self.isComplete=true;if(self.isBlock===true){processAll();}}};document.getElementsByTagName(&#039;head&#039;)[0].appendChild(scr);}}};function init(){window.addEventListener(&quot;load&quot;,function(){setTimeout(function(){timeDelayFired=true;log(&#039;TDELAY -----&#039;);processAll();},5000);},false);}
function addFile(name,path,isBlock,blockedBy,async,defer,proceedIfError,priority){var item=new obj.file(name,path,isBlock,blockedBy,async,defer,proceedIfError);if(priority===true){hpItems[name]=item}else{lpItems[name]=item}
items[name]=item;checkIfBlocked(item);}
function setallowLoad(settobool){allowLoad=settobool}
function addFunc(name,func,parameters,isBlock,blockedBy,autoInc,deleteWhenComplete,proceedIfError,priority){if(autoInc===true)name=name+&quot;_&quot;+incr++;var item=new obj.func(name,func,parameters,isBlock,blockedBy,deleteWhenComplete,proceedIfError);if(priority===true){hpItems[name]=item}else{lpItems[name]=item}
items[name]=item;checkIfBlocked(item);}
function addTimeDelayFile(name,path){var item=new obj.file(name,path,false,[],false,false,true);item.isTimeDelay=true;log(name+&#039; ... &#039;+&#039; FILE! TDELAY&#039;);lpItems[name]=item;items[name]=item;checkIfBlocked(item);}
function addTimeDelayFunc(name,func,parameters){var item=new obj.func(name,func,parameters,false,[],true,true);item.isTimeDelay=true;log(name+&#039; ... &#039;+&#039; FUNCTION! TDELAY&#039;);lpItems[name]=item;items[name]=item;checkIfBlocked(item);}
function checkIfBlocked(item){if(isBlocked(item)===true||allowLoad==false)return;item.process();}
function isBlocked(item){if(item.isTimeDelay===true&amp;amp;&amp;amp;timeDelayFired===false){log(item.name+&quot; blocked = TIME DELAY!&quot;);return true;}
if(item.blockedBy instanceof Array){for(var i=0;i&amp;lt;item.blockedBy.length;i++){var block=item.blockedBy[i];if(items.hasOwnProperty(block)===false){log(item.name+&quot; blocked = &quot;+block);return true;}else if(item.proceedIfError===true&amp;amp;&amp;amp;items[block].isError===true){return false;}else if(items[block].isComplete===false){log(item.name+&quot; blocked = &quot;+block);return true;}}}
return false;}
function log(msg){var href=window.location.href;var reg=new RegExp(&#039;[?&amp;amp;]ezq=([^&amp;amp;#]*)&#039;,&#039;i&#039;);var string=reg.exec(href);var res=string?string[1]:null;if(res===&quot;1&quot;)console.debug(msg);}
function processAll(){count++;if(count&amp;gt;200)return;log(&quot;let&#039;s go&quot;);processItems(hpItems);processItems(lpItems);}
function processItems(list){for(var i in list){if(list.hasOwnProperty(i)===false)continue;var item=list[i];if(item.isComplete===true||isBlocked(item)||item.isInitialized===true||item.isError===true){if(item.isError===true){log(item.name+&#039;: error&#039;)}else if(item.isComplete===true){log(item.name+&#039;: complete already&#039;)}else if(item.isInitialized===true){log(item.name+&#039;: initialized already&#039;)}}else{item.process();}}}
init();return{addFile:addFile,addDelayFile:addTimeDelayFile,addFunc:addFunc,addDelayFunc:addTimeDelayFunc,items:items,processAll:processAll,setallowLoad:setallowLoad};})();__ez.evt.add=function(e,t,n){e.addEventListener?e.addEventListener(t,n,!1):e.attachEvent?e.attachEvent(&quot;on&quot;+t,n):e[&quot;on&quot;+t]=n()},__ez.evt.remove=function(e,t,n){e.removeEventListener?e.removeEventListener(t,n,!1):e.detachEvent?e.detachEvent(&quot;on&quot;+t,n):delete e[&quot;on&quot;+t]};__ez.script.add=function(e){var t=document.createElement(&quot;script&quot;);t.src=e,t.async=!0,t.type=&quot;text/javascript&quot;,document.getElementsByTagName(&quot;head&quot;)[0].appendChild(t)};__ez.queue.addFile(&#039;/detroitchicago/boise.js&#039;, &#039;/detroitchicago/boise.js?gcb=191-6&amp;amp;cb=1&#039;, false, [], true, false, true, false);__ez.dot={};__ez.queue.addFile(&#039;/detroitchicago/memphis.js&#039;, &#039;/detroitchicago/memphis.js?gcb=191-6&amp;amp;cb=1&#039;, false, [], true, false, true, false);__ez.queue.addFile(&#039;/detroitchicago/minneapolis.js&#039;, &#039;/detroitchicago/minneapolis.js?gcb=191-6&amp;amp;cb=1&#039;, false, [], true, false, true, false);__ez.vep=(function(){var pixels=[],pxURL=&quot;/detroitchicago/grapefruit.gif&quot;;function AddPixel(vID,pixelData){if(__ez.dot.isDefined(vID)&amp;amp;&amp;amp;__ez.dot.isValid(pixelData)){pixels.push({type:&#039;video&#039;,video_impression_id:vID,domain_id:__ez.dot.getDID(),t_epoch:__ez.dot.getEpoch(0),data:__ez.dot.dataToStr(pixelData)});}}
function Fire(){if(typeof document.visibilityState!==&#039;undefined&#039;&amp;amp;&amp;amp;document.visibilityState===&quot;prerender&quot;){return;}
if(__ez.dot.isDefined(pixels)&amp;amp;&amp;amp;pixels.length&amp;gt;0){while(pixels.length&amp;gt;0){var j=5;if(j&amp;gt;pixels.length){j=pixels.length;}
var pushPixels=pixels.splice(0,j);(new Image()).src=__ez.dot.getURL(pxURL)+&quot;?orig=&quot;+(__ez.template.isOrig===true?1:0)+&quot;&amp;amp;v=&quot;+btoa(JSON.stringify(pushPixels));}}
pixels=[];}
return{Add:AddPixel,Fire:Fire};})();&lt;/script&gt;
    &lt;script data-ezscrex=&quot;false&quot; data-cfasync=&quot;false&quot; data-pagespeed-no-defer=&quot;data-pagespeed-no-defer&quot;&gt;__ez.pel=(function(){var pixels=[],pxURL=&quot;/porpoiseant/army.gif&quot;;function AddAndFirePixel(adSlot,pixelData){AddPixel(adSlot,pixelData,0,0,0,0,0);Fire();}
function GetCurrentPixels(){return pixels;}
function AddPixel(adSlot,pixelData,revenue,est_revenue,bid_floor_filled,bid_floor_prev,stat_source_id){if(!__ez.dot.isDefined(adSlot)||__ez.dot.isAnyDefined(adSlot.getSlotElementId,adSlot.ElementId)==false){return;}
var ad_position_id=parseInt(__ez.dot.getTargeting(adSlot,&#039;ap&#039;));var impId=__ez.dot.getSlotIID(adSlot),adUnit=__ez.dot.getAdUnit(adSlot);var compId=parseInt(__ez.dot.getTargeting(adSlot,&quot;compid&quot;));var lineItemId=0;var creativeId=0;var ezimData=getEzimData(adSlot);if(typeof ezimData==&#039;object&#039;){if(ezimData.creative_id!==undefined){creativeId=ezimData.creative_id;}
if(ezimData.line_item_id!==undefined){lineItemId=ezimData.line_item_id;}}
if(__ez.dot.isDefined(impId,adUnit)&amp;amp;&amp;amp;__ez.dot.isValid(pixelData)){pixels.push({type:&quot;impression&quot;,impression_id:impId,domain_id:__ez.dot.getDID(),unit:adUnit,t_epoch:__ez.dot.getEpoch(0),revenue:revenue,est_revenue:est_revenue,ad_position:ad_position_id,ad_size:&quot;&quot;,bid_floor_filled:bid_floor_filled,bid_floor_prev:bid_floor_prev,stat_source_id:stat_source_id,country_code:__ez.dot.getCC(),pageview_id:__ez.dot.getPageviewId(),comp_id:compId,line_item_id:lineItemId,creative_id:creativeId,data:__ez.dot.dataToStr(pixelData)});}}
function AddPixelById(impFullId,pixelData){var vals=impFullId.split(&#039;/&#039;);if(__ez.dot.isDefined(impFullId)&amp;amp;&amp;amp;vals.length===3&amp;amp;&amp;amp;__ez.dot.isValid(pixelData)){var adUnit=vals[0],impId=vals[2];pixels.push({type:&quot;impression&quot;,impression_id:impId,domain_id:__ez.dot.getDID(),unit:adUnit,t_epoch:__ez.dot.getEpoch(0),pageview_id:__ez.dot.getPageviewId(),data:__ez.dot.dataToStr(pixelData)});}}
function Fire(){if(typeof document.visibilityState!==&#039;undefined&#039;&amp;amp;&amp;amp;document.visibilityState===&quot;prerender&quot;)return;if(__ez.dot.isDefined(pixels)&amp;amp;&amp;amp;pixels.length&amp;gt;0){while(pixels.length&amp;gt;0){var j=5;if(j&amp;gt;pixels.length){j=pixels.length;}
var pushPixels=pixels.splice(0,j);var pixelURL=__ez.dot.getURL(pxURL)+&quot;?orig=&quot;+(__ez.template.isOrig===true?1:0)+&quot;&amp;amp;sts=&quot;+btoa(JSON.stringify(pushPixels));if(typeof window.isAmp!==&#039;undefined&#039;&amp;amp;&amp;amp;isAmp&amp;amp;&amp;amp;typeof window._ezaq!==&#039;undefined&#039;&amp;amp;&amp;amp;_ezaq.hasOwnProperty(&quot;domain_id&quot;)){pixelURL+=&quot;&amp;amp;visit_uuid=&quot;+_ezaq[&#039;visit_uuid&#039;];}
(new Image()).src=pixelURL;}}
pixels=[];}
function getEzimData(adSlot){if(typeof _ezim_d==&quot;undefined&quot;){return false}
var adUnitName=__ez.dot.getAdUnitPath(adSlot).split(&#039;/&#039;).pop();if(typeof _ezim_d===&#039;object&#039;&amp;amp;&amp;amp;_ezim_d.hasOwnProperty(adUnitName)){return _ezim_d[adUnitName];}
for(var ezimKey in _ezim_d){if(ezimKey.split(&#039;/&#039;).pop()===adUnitName){return _ezim_d[ezimKey];}}
return false;}
return{Add:AddPixel,AddAndFire:AddAndFirePixel,AddById:AddPixelById,Fire:Fire,GetPixels:GetCurrentPixels,};})();__ez.queue.addFile(&#039;/detroitchicago/raleigh.js&#039;, &#039;/detroitchicago/raleigh.js?gcb=191-6&amp;amp;cb=1&#039;, false, [], true, false, true, false);__ez.queue.addFile(&#039;/detroitchicago/tampa.js&#039;, &#039;/detroitchicago/tampa.js?gcb=191-6&amp;amp;cb=1&#039;, false, [], true, false, true, false);&lt;/script&gt;
    &lt;script data-ezscrex=&quot;false&quot; type=&quot;text/javascript&quot; data-cfasync=&quot;false&quot;&gt;var _ezaq = {&quot;ad_cache_level&quot;:0,&quot;ad_count_adjustment&quot;:0,&quot;ad_lazyload_version&quot;:0,&quot;ad_location_ids&quot;:&quot;&quot;,&quot;ad_transform_level&quot;:0,&quot;adx_ad_count&quot;:0,&quot;bidder_method&quot;:1,&quot;bidder_version&quot;:3,&quot;city&quot;:&quot;Dublin&quot;,&quot;country&quot;:&quot;IE&quot;,&quot;days_since_last_visit&quot;:-1,&quot;display_ad_count&quot;:0,&quot;domain_id&quot;:133674,&quot;ds_adsize_opt_id&quot;:-1,&quot;engaged_time_visit&quot;:0,&quot;ezcache_level&quot;:1,&quot;forensiq_score&quot;:-1,&quot;form_factor_id&quot;:1,&quot;framework_id&quot;:1,&quot;has_bad_image&quot;:0,&quot;has_bad_words&quot;:0,&quot;iab_category&quot;:&quot;&quot;,&quot;is_from_recommended_pages&quot;:false,&quot;is_return_visitor&quot;:false,&quot;is_sitespeed&quot;:0,&quot;last_page_load&quot;:&quot;&quot;,&quot;last_pageview_id&quot;:&quot;&quot;,&quot;lt_cache_level&quot;:0,&quot;max_ads&quot;:0,&quot;metro_code&quot;:0,&quot;optimization_version&quot;:1,&quot;page_ad_positions&quot;:&quot;&quot;,&quot;page_view_count&quot;:0,&quot;page_view_id&quot;:&quot;991b93ed-89e8-4f18-444a-f253b6e85af9&quot;,&quot;position_selection_id&quot;:0,&quot;postal_code&quot;:&quot;D02&quot;,&quot;pv_event_count&quot;:0,&quot;response_time_orig&quot;:832,&quot;serverid&quot;:&quot;34.249.105.16:19232&quot;,&quot;state&quot;:&quot;L&quot;,&quot;sub_page_ad_positions&quot;:&quot;&quot;,&quot;t_epoch&quot;:1599923239,&quot;template_id&quot;:0,&quot;time_on_site_visit&quot;:0,&quot;url&quot;:&quot;http://dummy.restapiexample.com/api/v1/employee/2982&quot;,&quot;user_id&quot;:0,&quot;word_count&quot;:0,&quot;worst_bad_word_level&quot;:0};var _ezim_d = null;var _ezat = {&quot;domain_id&quot;:133674,&quot;form_factor_id&quot;:1,&quot;framework_id&quot;:1,&quot;pageview_date&quot;:&quot;2020-09-12&quot;,&quot;pageview_id&quot;:&quot;991b93ed-89e8-4f18-444a-f253b6e85af9&quot;,&quot;template_id&quot;:0,&quot;url&quot;:&quot;http://dummy.restapiexample.com/api/v1/employee/2982&quot;,&quot;visit_uuid&quot;:&quot;7f117f5a-2893-4b0f-7314-e166b8e48f39&quot;};&lt;/script&gt;
    &lt;script data-ezscrex=&quot;false&quot; data-pagespeed-no-defer=&quot;data-pagespeed-no-defer&quot; data-cfasync=&quot;false&quot; type=&quot;text/javascript&quot;&gt;__ez.queue.addFile(&#039;banger.js&#039;, &#039;/porpoiseant/banger.js?cb=191-6&amp;amp;bv=86&amp;amp;v=35&amp;amp;PageSpeed=off&#039;, true, [], true, false, false, true);&lt;/script&gt;
    &lt;script data-ezscrex=&quot;false&quot; data-cfasync=&quot;false&quot;&gt;(function(){if(&quot;function&quot;===typeof window.CustomEvent)return!1;window.CustomEvent=function(c,a){a=a||{bubbles:!1,cancelable:!1,detail:null};var b=document.createEvent(&quot;CustomEvent&quot;);b.initCustomEvent(c,a.bubbles,a.cancelable,a.detail);return b}})();&lt;/script&gt;
    &lt;script data-ezscrex=&quot;false&quot; data-cfasync=&quot;false&quot;&gt;__ez.queue.addFile(&#039;/detroitchicago/tulsa.js&#039;, &#039;/detroitchicago/tulsa.js?gcb=191-6&amp;amp;cb=2&#039;, false, [], true, false, true, false);&lt;/script&gt;
    &lt;meta name=&quot;viewport&quot; content=&quot;width=device-width, initial-scale=1&quot;/&gt;
    &lt;title&gt;Too Many Requests&lt;/title&gt;
    &lt;link rel=&quot;dns-prefetch&quot; href=&quot;//fonts.gstatic.com&quot;/&gt;
    &lt;link href=&quot;https://fonts.googleapis.com/css?family=Nunito&quot; rel=&quot;stylesheet&quot;/&gt;
    &lt;style&gt;
            html, body {
                background-color: #fff;
                color: #636b6f;
                font-family: &#039;Nunito&#039;, sans-serif;
                font-weight: 100;
                height: 100vh;
                margin: 0;
            }

            .full-height {
                height: 100vh;
            }

            .flex-center {
                align-items: center;
                display: flex;
                justify-content: center;
            }

            .position-ref {
                position: relative;
            }

            .code {
                border-right: 2px solid;
                font-size: 26px;
                padding: 0 15px 0 15px;
                text-align: center;
            }

            .message {
                font-size: 18px;
                text-align: center;
            }
        &lt;/style&gt;
    &lt;script data-ezscrex=&quot;false&quot; data-cfasync=&quot;false&quot; type=&quot;text/javascript&quot;&gt;window.google_analytics_uacct = &quot;UA-131129777-14&quot;;&lt;/script&gt;
    &lt;script data-ezscrex=&quot;false&quot; data-cfasync=&quot;false&quot; type=&quot;text/javascript&quot;&gt;
var _gaq = _gaq || [];
_gaq.push([&#039;e._setAccount&#039;, &#039;UA-131129777-14&#039;]);
_gaq.push([&#039;f._setAccount&#039;, &#039;UA-38339005-1&#039;]);
_gaq.push([&#039;e._setDomainName&#039;, &#039;restapiexample.com&#039;]);
_gaq.push([&#039;f._setDomainName&#039;, &#039;restapiexample.com&#039;]);
_gaq.push([&#039;e._setCustomVar&#039;,1,&#039;template&#039;,&#039;pub_site_noads&#039;,3]);
_gaq.push([&#039;e._setCustomVar&#039;,2,&#039;t&#039;,&#039;147&#039;,3]);
_gaq.push([&#039;e._setCustomVar&#039;,3,&#039;rid&#039;,&#039;0&#039;,2]);
_gaq.push([&#039;e._setCustomVar&#039;,4,&#039;bra&#039;,&#039;mod1&#039;,3]);
_gaq.push([&#039;e._setAllowAnchor&#039;,true]);
_gaq.push([&#039;e._setSiteSpeedSampleRate&#039;, 10]);
_gaq.push([&#039;f._setCustomVar&#039;,1,&#039;template&#039;,&#039;pub_site_noads&#039;,3]);
_gaq.push([&#039;f._setCustomVar&#039;,2,&#039;domain&#039;,&#039;restapiexample.com&#039;,3]);
_gaq.push([&#039;f._setSiteSpeedSampleRate&#039;, 20]);
_gaq.push([&#039;e._trackPageview&#039;]);
_gaq.push([&#039;f._trackPageview&#039;]);


(function() {
 var ga = document.createElement(&#039;script&#039;); ga.type = &#039;text/javascript&#039;; ga.async = true;
 ga.src = (&#039;https:&#039; == document.location.protocol ? &#039;https://ssl&#039; : &#039;http://www&#039;) + &#039;.google-analytics.com/ga.js&#039;;
 var s = document.getElementsByTagName(&#039;script&#039;)[0]; s.parentNode.insertBefore(ga, s);
})();
&lt;/script&gt;
    &lt;script type=&quot;text/javascript&quot;&gt;var ezouid = &quot;1&quot;;&lt;/script&gt;
    &lt;base href=&quot;http://dummy.restapiexample.com/api/v1/employee/2982&quot;/&gt;
    &lt;script type=&quot;text/javascript&quot;&gt;
var ezoTemplate = &#039;pub_site_noads&#039;;
if(typeof ezouid == &#039;undefined&#039;)
{
    var ezouid = &#039;none&#039;;
}
var ezoFormfactor = &#039;1&#039;;
var ezo_elements_to_check = Array();
&lt;/script&gt;
    &lt;script data-ezscrex=&quot;false&quot; type=&quot;text/javascript&quot;&gt;
var soc_app_id = &#039;0&#039;;
var did = 133674;
var ezdomain = &#039;restapiexample.com&#039;;
var ezoicSearchable = 1;
&lt;/script&gt;
    &lt;script data-ezscrex=&quot;false&quot; data-pagespeed-no-defer=&quot;data-pagespeed-no-defer&quot; data-cfasync=&quot;false&quot;&gt;
function create_ezolpl(pvID, rv) {
    var d = new Date();
    d.setTime(d.getTime() + (365*24*60*60*1000));
    var expires = &quot;expires=&quot;+d.toUTCString();
    __ez.ck.setByCat(&quot;ezux_lpl_133674=&quot; + new Date().getTime() + &quot;|&quot; + pvID + &quot;|&quot; + rv + &quot;; &quot; + expires, 3);
}
function attach_ezolpl(pvID, rv) {
    if (document.readyState === &quot;complete&quot;) {
        create_ezolpl(pvID, rv);
    }
    if(window.attachEvent) {
        window.attachEvent(&quot;onload&quot;, create_ezolpl, pvID, rv);
    } else {
        if(window.onload) {
            var curronload = window.onload;
            var newonload = function(evt) {
                curronload(evt);
                create_ezolpl(pvID, rv);
            };
            window.onload = newonload;
        } else {
            window.onload = create_ezolpl.bind(null, pvID, rv);
        }
    }
}

__ez.queue.addFunc(&quot;attach_ezolpl&quot;, &quot;attach_ezolpl&quot;, [&quot;991b93ed-89e8-4f18-444a-f253b6e85af9&quot;, &quot;false&quot;], false, [&#039;/detroitchicago/boise.js&#039;], true, false, false, false);
&lt;/script&gt;
  &lt;/head&gt;
  &lt;body&gt;
    &lt;div class=&quot;flex-center position-ref full-height&quot;&gt;
      &lt;div class=&quot;code&quot;&gt;
                429            &lt;/div&gt;
      &lt;div class=&quot;message&quot; style=&quot;padding: 10px;&quot;&gt;
                Too Many Requests            &lt;/div&gt;
    &lt;/div&gt;
    &lt;script type=&quot;text/javascript&quot; style=&quot;display:none;&quot;&gt;var __ez_dims = (function() {
		var setCookie = function( name, content, expiry ) {
			return document.cookie = name+&#039;=&#039;+content+((expiry)?&#039;;expires=&#039;+(new Date(Math.floor(new Date().getTime()+expiry*1000)).toUTCString()):&#039;&#039;)+&#039;;path=/&#039;;
		};
		var ffid = 1;
		var oh = window.screen.height;
		var ow = window.screen.width;
		var h = ffid === 1 ? oh : (oh &amp;gt; ow) ? oh : ow;
		var w = ffid === 1 ? ow : (oh &amp;gt; ow) ? ow : oh;
		var uh = window.innerHeight || document.documentElement.clientHeight || document.getElementsByTagName(&#039;body&#039;)[0].clientHeight;
		var uw = window.innerWidth || document.documentElement.clientWidth || document.getElementsByTagName(&#039;body&#039;)[0].clientWidth;
		setCookie(&#039;ezds&#039;, encodeURIComponent(&#039;ffid=&#039;+ffid+&#039;,w=&#039;+w+&#039;,h=&#039;+h), (31536e3*7));
		setCookie(&#039;ezohw&#039;, encodeURIComponent(&#039;w=&#039;+uw+&#039;,h=&#039;+uh), (31536e3*7));
	})();&lt;/script&gt;
    &lt;script type=&quot;text/javascript&quot; style=&quot;display:none;&quot; async=&quot;async&quot;&gt;
__ez.queue.addFile(&#039;edmonton.php&#039;, &#039;/detroitchicago/edmonton.webp?a=a&amp;amp;cb=191-6&amp;amp;shcb=34&#039;, true, [&#039;/detroitchicago/minneapolis.js&#039;], true, false, false, false);
__ez.queue.addFile(&#039;jellyfish.php&#039;, &#039;/porpoiseant/jellyfish.webp?a=a&amp;amp;cb=191-6&amp;amp;shcb=34&#039;, false, [], true, false, false, false);
&lt;/script&gt;
    &lt;script type=&quot;text/javascript&quot; data-cfasync=&quot;false&quot;/&gt;
  &lt;/body&gt;
&lt;/html&gt;">
      <![CDATA[cucumber.runtime.CucumberException: java.lang.AssertionError: Expected Status code = 200 but Status code = 429 was found instead...
Body coming from backend is--><html lang="en">
  <head>
    <meta charset="utf-8"/>
    <script data-ezscrex="false" data-cfasync="false" data-pagespeed-no-defer="data-pagespeed-no-defer">var __ez=__ez||{};__ez.stms=Date.now();__ez.evt={};__ez.script={};__ez.ck=__ez.ck||{};__ez.template={};__ez.template.isOrig=false;__ez.queue=(function(){var count=0,incr=0,items=[],timeDelayFired=false,hpItems=[],lpItems=[],allowLoad=true;var obj={func:function(name,funcName,parameters,isBlock,blockedBy,deleteWhenComplete,proceedIfError){var self=this;this.name=name;this.funcName=funcName;this.parameters=parameters===null?null:(parameters instanceof Array)?parameters:[parameters];this.isBlock=isBlock;this.blockedBy=blockedBy;this.deleteWhenComplete=deleteWhenComplete;this.isError=false;this.isComplete=false;this.isInitialized=false;this.proceedIfError=proceedIfError;this.isTimeDelay=false;this.process=function(){log("... func = "+name);self.isInitialized=true;self.isComplete=true;log("... func.apply: "+name);var funcs=self.funcName.split('.');var func=null;if(funcs.length&gt;3){}else if(funcs.length===3){func=window[funcs[0]][funcs[1]][funcs[2]];}else if(funcs.length===2){func=window[funcs[0]][funcs[1]];}else{func=window[self.funcName];}
if(typeof func!=='undefined'&amp;&amp;func!==null){func.apply(null,this.parameters);}
if(self.deleteWhenComplete===true)delete items[name];if(self.isBlock===true){log("----- F'D: "+self.name);processAll();}}},file:function(name,path,isBlock,blockedBy,async,defer,proceedIfError){var self=this;this.name=name;this.path=path;this.async=async;this.defer=defer;this.isBlock=isBlock;this.blockedBy=blockedBy;this.isInitialized=false;this.isError=false;this.isComplete=false;this.proceedIfError=proceedIfError;this.isTimeDelay=false;this.process=function(){self.isInitialized=true;log("... file = "+name);var scr=document.createElement('script');scr.src=path;if(async===true)scr.async=true;else if(defer===true)scr.defer=true;scr.onerror=function(){log("----- ERR'D: "+self.name);self.isError=true;if(self.isBlock===true){processAll();}};scr.onreadystatechange=scr.onload=function(){var state=scr.readyState;log("----- F'D: "+self.name);if((!state||/loaded|complete/.test(state))){self.isComplete=true;if(self.isBlock===true){processAll();}}};document.getElementsByTagName('head')[0].appendChild(scr);}}};function init(){window.addEventListener("load",function(){setTimeout(function(){timeDelayFired=true;log('TDELAY -----');processAll();},5000);},false);}
function addFile(name,path,isBlock,blockedBy,async,defer,proceedIfError,priority){var item=new obj.file(name,path,isBlock,blockedBy,async,defer,proceedIfError);if(priority===true){hpItems[name]=item}else{lpItems[name]=item}
items[name]=item;checkIfBlocked(item);}
function setallowLoad(settobool){allowLoad=settobool}
function addFunc(name,func,parameters,isBlock,blockedBy,autoInc,deleteWhenComplete,proceedIfError,priority){if(autoInc===true)name=name+"_"+incr++;var item=new obj.func(name,func,parameters,isBlock,blockedBy,deleteWhenComplete,proceedIfError);if(priority===true){hpItems[name]=item}else{lpItems[name]=item}
items[name]=item;checkIfBlocked(item);}
function addTimeDelayFile(name,path){var item=new obj.file(name,path,false,[],false,false,true);item.isTimeDelay=true;log(name+' ... '+' FILE! TDELAY');lpItems[name]=item;items[name]=item;checkIfBlocked(item);}
function addTimeDelayFunc(name,func,parameters){var item=new obj.func(name,func,parameters,false,[],true,true);item.isTimeDelay=true;log(name+' ... '+' FUNCTION! TDELAY');lpItems[name]=item;items[name]=item;checkIfBlocked(item);}
function checkIfBlocked(item){if(isBlocked(item)===true||allowLoad==false)return;item.process();}
function isBlocked(item){if(item.isTimeDelay===true&amp;&amp;timeDelayFired===false){log(item.name+" blocked = TIME DELAY!");return true;}
if(item.blockedBy instanceof Array){for(var i=0;i&lt;item.blockedBy.length;i++){var block=item.blockedBy[i];if(items.hasOwnProperty(block)===false){log(item.name+" blocked = "+block);return true;}else if(item.proceedIfError===true&amp;&amp;items[block].isError===true){return false;}else if(items[block].isComplete===false){log(item.name+" blocked = "+block);return true;}}}
return false;}
function log(msg){var href=window.location.href;var reg=new RegExp('[?&amp;]ezq=([^&amp;#]*)','i');var string=reg.exec(href);var res=string?string[1]:null;if(res==="1")console.debug(msg);}
function processAll(){count++;if(count&gt;200)return;log("let's go");processItems(hpItems);processItems(lpItems);}
function processItems(list){for(var i in list){if(list.hasOwnProperty(i)===false)continue;var item=list[i];if(item.isComplete===true||isBlocked(item)||item.isInitialized===true||item.isError===true){if(item.isError===true){log(item.name+': error')}else if(item.isComplete===true){log(item.name+': complete already')}else if(item.isInitialized===true){log(item.name+': initialized already')}}else{item.process();}}}
init();return{addFile:addFile,addDelayFile:addTimeDelayFile,addFunc:addFunc,addDelayFunc:addTimeDelayFunc,items:items,processAll:processAll,setallowLoad:setallowLoad};})();__ez.evt.add=function(e,t,n){e.addEventListener?e.addEventListener(t,n,!1):e.attachEvent?e.attachEvent("on"+t,n):e["on"+t]=n()},__ez.evt.remove=function(e,t,n){e.removeEventListener?e.removeEventListener(t,n,!1):e.detachEvent?e.detachEvent("on"+t,n):delete e["on"+t]};__ez.script.add=function(e){var t=document.createElement("script");t.src=e,t.async=!0,t.type="text/javascript",document.getElementsByTagName("head")[0].appendChild(t)};__ez.queue.addFile('/detroitchicago/boise.js', '/detroitchicago/boise.js?gcb=191-6&amp;cb=1', false, [], true, false, true, false);__ez.dot={};__ez.queue.addFile('/detroitchicago/memphis.js', '/detroitchicago/memphis.js?gcb=191-6&amp;cb=1', false, [], true, false, true, false);__ez.queue.addFile('/detroitchicago/minneapolis.js', '/detroitchicago/minneapolis.js?gcb=191-6&amp;cb=1', false, [], true, false, true, false);__ez.vep=(function(){var pixels=[],pxURL="/detroitchicago/grapefruit.gif";function AddPixel(vID,pixelData){if(__ez.dot.isDefined(vID)&amp;&amp;__ez.dot.isValid(pixelData)){pixels.push({type:'video',video_impression_id:vID,domain_id:__ez.dot.getDID(),t_epoch:__ez.dot.getEpoch(0),data:__ez.dot.dataToStr(pixelData)});}}
function Fire(){if(typeof document.visibilityState!=='undefined'&amp;&amp;document.visibilityState==="prerender"){return;}
if(__ez.dot.isDefined(pixels)&amp;&amp;pixels.length&gt;0){while(pixels.length&gt;0){var j=5;if(j&gt;pixels.length){j=pixels.length;}
var pushPixels=pixels.splice(0,j);(new Image()).src=__ez.dot.getURL(pxURL)+"?orig="+(__ez.template.isOrig===true?1:0)+"&amp;v="+btoa(JSON.stringify(pushPixels));}}
pixels=[];}
return{Add:AddPixel,Fire:Fire};})();</script>
    <script data-ezscrex="false" data-cfasync="false" data-pagespeed-no-defer="data-pagespeed-no-defer">__ez.pel=(function(){var pixels=[],pxURL="/porpoiseant/army.gif";function AddAndFirePixel(adSlot,pixelData){AddPixel(adSlot,pixelData,0,0,0,0,0);Fire();}
function GetCurrentPixels(){return pixels;}
function AddPixel(adSlot,pixelData,revenue,est_revenue,bid_floor_filled,bid_floor_prev,stat_source_id){if(!__ez.dot.isDefined(adSlot)||__ez.dot.isAnyDefined(adSlot.getSlotElementId,adSlot.ElementId)==false){return;}
var ad_position_id=parseInt(__ez.dot.getTargeting(adSlot,'ap'));var impId=__ez.dot.getSlotIID(adSlot),adUnit=__ez.dot.getAdUnit(adSlot);var compId=parseInt(__ez.dot.getTargeting(adSlot,"compid"));var lineItemId=0;var creativeId=0;var ezimData=getEzimData(adSlot);if(typeof ezimData=='object'){if(ezimData.creative_id!==undefined){creativeId=ezimData.creative_id;}
if(ezimData.line_item_id!==undefined){lineItemId=ezimData.line_item_id;}}
if(__ez.dot.isDefined(impId,adUnit)&amp;&amp;__ez.dot.isValid(pixelData)){pixels.push({type:"impression",impression_id:impId,domain_id:__ez.dot.getDID(),unit:adUnit,t_epoch:__ez.dot.getEpoch(0),revenue:revenue,est_revenue:est_revenue,ad_position:ad_position_id,ad_size:"",bid_floor_filled:bid_floor_filled,bid_floor_prev:bid_floor_prev,stat_source_id:stat_source_id,country_code:__ez.dot.getCC(),pageview_id:__ez.dot.getPageviewId(),comp_id:compId,line_item_id:lineItemId,creative_id:creativeId,data:__ez.dot.dataToStr(pixelData)});}}
function AddPixelById(impFullId,pixelData){var vals=impFullId.split('/');if(__ez.dot.isDefined(impFullId)&amp;&amp;vals.length===3&amp;&amp;__ez.dot.isValid(pixelData)){var adUnit=vals[0],impId=vals[2];pixels.push({type:"impression",impression_id:impId,domain_id:__ez.dot.getDID(),unit:adUnit,t_epoch:__ez.dot.getEpoch(0),pageview_id:__ez.dot.getPageviewId(),data:__ez.dot.dataToStr(pixelData)});}}
function Fire(){if(typeof document.visibilityState!=='undefined'&amp;&amp;document.visibilityState==="prerender")return;if(__ez.dot.isDefined(pixels)&amp;&amp;pixels.length&gt;0){while(pixels.length&gt;0){var j=5;if(j&gt;pixels.length){j=pixels.length;}
var pushPixels=pixels.splice(0,j);var pixelURL=__ez.dot.getURL(pxURL)+"?orig="+(__ez.template.isOrig===true?1:0)+"&amp;sts="+btoa(JSON.stringify(pushPixels));if(typeof window.isAmp!=='undefined'&amp;&amp;isAmp&amp;&amp;typeof window._ezaq!=='undefined'&amp;&amp;_ezaq.hasOwnProperty("domain_id")){pixelURL+="&amp;visit_uuid="+_ezaq['visit_uuid'];}
(new Image()).src=pixelURL;}}
pixels=[];}
function getEzimData(adSlot){if(typeof _ezim_d=="undefined"){return false}
var adUnitName=__ez.dot.getAdUnitPath(adSlot).split('/').pop();if(typeof _ezim_d==='object'&amp;&amp;_ezim_d.hasOwnProperty(adUnitName)){return _ezim_d[adUnitName];}
for(var ezimKey in _ezim_d){if(ezimKey.split('/').pop()===adUnitName){return _ezim_d[ezimKey];}}
return false;}
return{Add:AddPixel,AddAndFire:AddAndFirePixel,AddById:AddPixelById,Fire:Fire,GetPixels:GetCurrentPixels,};})();__ez.queue.addFile('/detroitchicago/raleigh.js', '/detroitchicago/raleigh.js?gcb=191-6&amp;cb=1', false, [], true, false, true, false);__ez.queue.addFile('/detroitchicago/tampa.js', '/detroitchicago/tampa.js?gcb=191-6&amp;cb=1', false, [], true, false, true, false);</script>
    <script data-ezscrex="false" type="text/javascript" data-cfasync="false">var _ezaq = {"ad_cache_level":0,"ad_count_adjustment":0,"ad_lazyload_version":0,"ad_location_ids":"","ad_transform_level":0,"adx_ad_count":0,"bidder_method":1,"bidder_version":3,"city":"Dublin","country":"IE","days_since_last_visit":-1,"display_ad_count":0,"domain_id":133674,"ds_adsize_opt_id":-1,"engaged_time_visit":0,"ezcache_level":1,"forensiq_score":-1,"form_factor_id":1,"framework_id":1,"has_bad_image":0,"has_bad_words":0,"iab_category":"","is_from_recommended_pages":false,"is_return_visitor":false,"is_sitespeed":0,"last_page_load":"","last_pageview_id":"","lt_cache_level":0,"max_ads":0,"metro_code":0,"optimization_version":1,"page_ad_positions":"","page_view_count":0,"page_view_id":"991b93ed-89e8-4f18-444a-f253b6e85af9","position_selection_id":0,"postal_code":"D02","pv_event_count":0,"response_time_orig":832,"serverid":"34.249.105.16:19232","state":"L","sub_page_ad_positions":"","t_epoch":1599923239,"template_id":0,"time_on_site_visit":0,"url":"http://dummy.restapiexample.com/api/v1/employee/2982","user_id":0,"word_count":0,"worst_bad_word_level":0};var _ezim_d = null;var _ezat = {"domain_id":133674,"form_factor_id":1,"framework_id":1,"pageview_date":"2020-09-12","pageview_id":"991b93ed-89e8-4f18-444a-f253b6e85af9","template_id":0,"url":"http://dummy.restapiexample.com/api/v1/employee/2982","visit_uuid":"7f117f5a-2893-4b0f-7314-e166b8e48f39"};</script>
    <script data-ezscrex="false" data-pagespeed-no-defer="data-pagespeed-no-defer" data-cfasync="false" type="text/javascript">__ez.queue.addFile('banger.js', '/porpoiseant/banger.js?cb=191-6&amp;bv=86&amp;v=35&amp;PageSpeed=off', true, [], true, false, false, true);</script>
    <script data-ezscrex="false" data-cfasync="false">(function(){if("function"===typeof window.CustomEvent)return!1;window.CustomEvent=function(c,a){a=a||{bubbles:!1,cancelable:!1,detail:null};var b=document.createEvent("CustomEvent");b.initCustomEvent(c,a.bubbles,a.cancelable,a.detail);return b}})();</script>
    <script data-ezscrex="false" data-cfasync="false">__ez.queue.addFile('/detroitchicago/tulsa.js', '/detroitchicago/tulsa.js?gcb=191-6&amp;cb=2', false, [], true, false, true, false);</script>
    <meta name="viewport" content="width=device-width, initial-scale=1"/>
    <title>Too Many Requests</title>
    <link rel="dns-prefetch" href="//fonts.gstatic.com"/>
    <link href="https://fonts.googleapis.com/css?family=Nunito" rel="stylesheet"/>
    <style>
            html, body {
                background-color: #fff;
                color: #636b6f;
                font-family: 'Nunito', sans-serif;
                font-weight: 100;
                height: 100vh;
                margin: 0;
            }

            .full-height {
                height: 100vh;
            }

            .flex-center {
                align-items: center;
                display: flex;
                justify-content: center;
            }

            .position-ref {
                position: relative;
            }

            .code {
                border-right: 2px solid;
                font-size: 26px;
                padding: 0 15px 0 15px;
                text-align: center;
            }

            .message {
                font-size: 18px;
                text-align: center;
            }
        </style>
    <script data-ezscrex="false" data-cfasync="false" type="text/javascript">window.google_analytics_uacct = "UA-131129777-14";</script>
    <script data-ezscrex="false" data-cfasync="false" type="text/javascript">
var _gaq = _gaq || [];
_gaq.push(['e._setAccount', 'UA-131129777-14']);
_gaq.push(['f._setAccount', 'UA-38339005-1']);
_gaq.push(['e._setDomainName', 'restapiexample.com']);
_gaq.push(['f._setDomainName', 'restapiexample.com']);
_gaq.push(['e._setCustomVar',1,'template','pub_site_noads',3]);
_gaq.push(['e._setCustomVar',2,'t','147',3]);
_gaq.push(['e._setCustomVar',3,'rid','0',2]);
_gaq.push(['e._setCustomVar',4,'bra','mod1',3]);
_gaq.push(['e._setAllowAnchor',true]);
_gaq.push(['e._setSiteSpeedSampleRate', 10]);
_gaq.push(['f._setCustomVar',1,'template','pub_site_noads',3]);
_gaq.push(['f._setCustomVar',2,'domain','restapiexample.com',3]);
_gaq.push(['f._setSiteSpeedSampleRate', 20]);
_gaq.push(['e._trackPageview']);
_gaq.push(['f._trackPageview']);


(function() {
 var ga = document.createElement('script'); ga.type = 'text/javascript'; ga.async = true;
 ga.src = ('https:' == document.location.protocol ? 'https://ssl' : 'http://www') + '.google-analytics.com/ga.js';
 var s = document.getElementsByTagName('script')[0]; s.parentNode.insertBefore(ga, s);
})();
</script>
    <script type="text/javascript">var ezouid = "1";</script>
    <base href="http://dummy.restapiexample.com/api/v1/employee/2982"/>
    <script type="text/javascript">
var ezoTemplate = 'pub_site_noads';
if(typeof ezouid == 'undefined')
{
    var ezouid = 'none';
}
var ezoFormfactor = '1';
var ezo_elements_to_check = Array();
</script>
    <script data-ezscrex="false" type="text/javascript">
var soc_app_id = '0';
var did = 133674;
var ezdomain = 'restapiexample.com';
var ezoicSearchable = 1;
</script>
    <script data-ezscrex="false" data-pagespeed-no-defer="data-pagespeed-no-defer" data-cfasync="false">
function create_ezolpl(pvID, rv) {
    var d = new Date();
    d.setTime(d.getTime() + (365*24*60*60*1000));
    var expires = "expires="+d.toUTCString();
    __ez.ck.setByCat("ezux_lpl_133674=" + new Date().getTime() + "|" + pvID + "|" + rv + "; " + expires, 3);
}
function attach_ezolpl(pvID, rv) {
    if (document.readyState === "complete") {
        create_ezolpl(pvID, rv);
    }
    if(window.attachEvent) {
        window.attachEvent("onload", create_ezolpl, pvID, rv);
    } else {
        if(window.onload) {
            var curronload = window.onload;
            var newonload = function(evt) {
                curronload(evt);
                create_ezolpl(pvID, rv);
            };
            window.onload = newonload;
        } else {
            window.onload = create_ezolpl.bind(null, pvID, rv);
        }
    }
}

__ez.queue.addFunc("attach_ezolpl", "attach_ezolpl", ["991b93ed-89e8-4f18-444a-f253b6e85af9", "false"], false, ['/detroitchicago/boise.js'], true, false, false, false);
</script>
  </head>
  <body>
    <div class="flex-center position-ref full-height">
      <div class="code">
                429            </div>
      <div class="message" style="padding: 10px;">
                Too Many Requests            </div>
    </div>
    <script type="text/javascript" style="display:none;">var __ez_dims = (function() {
var setCookie = function( name, content, expiry ) {
return document.cookie = name+'='+content+((expiry)?';expires='+(new Date(Math.floor(new Date().getTime()+expiry*1000)).toUTCString()):'')+';path=/';
};
var ffid = 1;
var oh = window.screen.height;
var ow = window.screen.width;
var h = ffid === 1 ? oh : (oh &gt; ow) ? oh : ow;
var w = ffid === 1 ? ow : (oh &gt; ow) ? ow : oh;
var uh = window.innerHeight || document.documentElement.clientHeight || document.getElementsByTagName('body')[0].clientHeight;
var uw = window.innerWidth || document.documentElement.clientWidth || document.getElementsByTagName('body')[0].clientWidth;
setCookie('ezds', encodeURIComponent('ffid='+ffid+',w='+w+',h='+h), (31536e3*7));
setCookie('ezohw', encodeURIComponent('w='+uw+',h='+uh), (31536e3*7));
})();</script>
    <script type="text/javascript" style="display:none;" async="async">
__ez.queue.addFile('edmonton.php', '/detroitchicago/edmonton.webp?a=a&amp;cb=191-6&amp;shcb=34', true, ['/detroitchicago/minneapolis.js'], true, false, false, false);
__ez.queue.addFile('jellyfish.php', '/porpoiseant/jellyfish.webp?a=a&amp;cb=191-6&amp;shcb=34', false, [], true, false, false, false);
</script>
    <script type="text/javascript" data-cfasync="false"/>
  </body>
</html>
at cucumber.api.testng.TestNGCucumberRunner.runCucumber(TestNGCucumberRunner.java:69)
at testRunnerFile.TestRunner.feature(TestRunner.java:29)
at sun.reflect.NativeMethodAccessorImpl.invoke0(Native Method)
at sun.reflect.NativeMethodAccessorImpl.invoke(NativeMethodAccessorImpl.java:62)
at sun.reflect.DelegatingMethodAccessorImpl.invoke(DelegatingMethodAccessorImpl.java:43)
at java.lang.reflect.Method.invoke(Method.java:498)
at org.testng.internal.MethodInvocationHelper.invokeMethod(MethodInvocationHelper.java:124)
at org.testng.internal.Invoker.invokeMethod(Invoker.java:583)
at org.testng.internal.Invoker.invokeTestMethod(Invoker.java:719)
at org.testng.internal.Invoker.invokeTestMethods(Invoker.java:989)
at org.testng.internal.TestMethodWorker.invokeTestMethods(TestMethodWorker.java:125)
at org.testng.internal.TestMethodWorker.run(TestMethodWorker.java:109)
at org.testng.TestRunner.privateRun(TestRunner.java:648)
at org.testng.TestRunner.run(TestRunner.java:505)
at org.testng.SuiteRunner.runTest(SuiteRunner.java:455)
at org.testng.SuiteRunner.runSequentially(SuiteRunner.java:450)
at org.testng.SuiteRunner.privateRun(SuiteRunner.java:415)
at org.testng.SuiteRunner.run(SuiteRunner.java:364)
at org.testng.SuiteRunnerWorker.runSuite(SuiteRunnerWorker.java:52)
at org.testng.SuiteRunnerWorker.run(SuiteRunnerWorker.java:84)
at org.testng.TestNG.runSuitesSequentially(TestNG.java:1208)
at org.testng.TestNG.runSuitesLocally(TestNG.java:1137)
at org.testng.TestNG.runSuites(TestNG.java:1049)
at org.testng.TestNG.run(TestNG.java:1017)
at org.apache.maven.surefire.testng.TestNGExecutor.run(TestNGExecutor.java:283)
at org.apache.maven.surefire.testng.TestNGXmlTestSuite.execute(TestNGXmlTestSuite.java:75)
at org.apache.maven.surefire.testng.TestNGProvider.invoke(TestNGProvider.java:120)
at sun.reflect.NativeMethodAccessorImpl.invoke0(Native Method)
at sun.reflect.NativeMethodAccessorImpl.invoke(NativeMethodAccessorImpl.java:62)
at sun.reflect.DelegatingMethodAccessorImpl.invoke(DelegatingMethodAccessorImpl.java:43)
at java.lang.reflect.Method.invoke(Method.java:498)
at org.apache.maven.surefire.util.ReflectionUtils.invokeMethodWithArray2(ReflectionUtils.java:206)
at org.apache.maven.surefire.booter.ProviderFactory$ProviderProxy.invoke(ProviderFactory.java:161)
at org.apache.maven.surefire.booter.ProviderFactory.invokeProvider(ProviderFactory.java:84)
at org.apache.maven.plugin.surefire.InPluginVMSurefireStarter.runSuitesInProcess(InPluginVMSurefireStarter.java:87)
at org.apache.maven.plugin.surefire.AbstractSurefireMojo.executeProvider(AbstractSurefireMojo.java:1166)
at org.apache.maven.plugin.surefire.AbstractSurefireMojo.executeAfterPreconditionsChecked(AbstractSurefireMojo.java:1011)
at org.apache.maven.plugin.surefire.AbstractSurefireMojo.execute(AbstractSurefireMojo.java:857)
at org.apache.maven.plugin.DefaultBuildPluginManager.executeMojo(DefaultBuildPluginManager.java:137)
at org.apache.maven.lifecycle.internal.MojoExecutor.execute(MojoExecutor.java:210)
at org.apache.maven.lifecycle.internal.MojoExecutor.execute(MojoExecutor.java:156)
at org.apache.maven.lifecycle.internal.MojoExecutor.execute(MojoExecutor.java:148)
at org.apache.maven.lifecycle.internal.LifecycleModuleBuilder.buildProject(LifecycleModuleBuilder.java:117)
at org.apache.maven.lifecycle.internal.LifecycleModuleBuilder.buildProject(LifecycleModuleBuilder.java:81)
at org.apache.maven.lifecycle.internal.builder.singlethreaded.SingleThreadedBuilder.build(SingleThreadedBuilder.java:56)
at org.apache.maven.lifecycle.internal.LifecycleStarter.execute(LifecycleStarter.java:128)
at org.apache.maven.DefaultMaven.doExecute(DefaultMaven.java:305)
at org.apache.maven.DefaultMaven.doExecute(DefaultMaven.java:192)
at org.apache.maven.DefaultMaven.execute(DefaultMaven.java:105)
at org.apache.maven.cli.MavenCli.execute(MavenCli.java:956)
at org.apache.maven.cli.MavenCli.doMain(MavenCli.java:288)
at org.apache.maven.cli.MavenCli.main(MavenCli.java:192)
at sun.reflect.NativeMethodAccessorImpl.invoke0(Native Method)
at sun.reflect.NativeMethodAccessorImpl.invoke(NativeMethodAccessorImpl.java:62)
at sun.reflect.DelegatingMethodAccessorImpl.invoke(DelegatingMethodAccessorImpl.java:43)
at java.lang.reflect.Method.invoke(Method.java:498)
at org.codehaus.plexus.classworlds.launcher.Launcher.launchEnhanced(Launcher.java:282)
at org.codehaus.plexus.classworlds.launcher.Launcher.launch(Launcher.java:225)
at org.codehaus.plexus.classworlds.launcher.Launcher.mainWithExitCode(Launcher.java:406)
at org.codehaus.plexus.classworlds.launcher.Launcher.main(Launcher.java:347)
at org.codehaus.classworlds.Launcher.main(Launcher.java:47)
Caused by: java.lang.AssertionError: Expected Status code = 200 but Status code = 429 was found instead...
Body coming from backend is--><html lang="en">
  <head>
    <meta charset="utf-8"/>
    <script data-ezscrex="false" data-cfasync="false" data-pagespeed-no-defer="data-pagespeed-no-defer">var __ez=__ez||{};__ez.stms=Date.now();__ez.evt={};__ez.script={};__ez.ck=__ez.ck||{};__ez.template={};__ez.template.isOrig=false;__ez.queue=(function(){var count=0,incr=0,items=[],timeDelayFired=false,hpItems=[],lpItems=[],allowLoad=true;var obj={func:function(name,funcName,parameters,isBlock,blockedBy,deleteWhenComplete,proceedIfError){var self=this;this.name=name;this.funcName=funcName;this.parameters=parameters===null?null:(parameters instanceof Array)?parameters:[parameters];this.isBlock=isBlock;this.blockedBy=blockedBy;this.deleteWhenComplete=deleteWhenComplete;this.isError=false;this.isComplete=false;this.isInitialized=false;this.proceedIfError=proceedIfError;this.isTimeDelay=false;this.process=function(){log("... func = "+name);self.isInitialized=true;self.isComplete=true;log("... func.apply: "+name);var funcs=self.funcName.split('.');var func=null;if(funcs.length&gt;3){}else if(funcs.length===3){func=window[funcs[0]][funcs[1]][funcs[2]];}else if(funcs.length===2){func=window[funcs[0]][funcs[1]];}else{func=window[self.funcName];}
if(typeof func!=='undefined'&amp;&amp;func!==null){func.apply(null,this.parameters);}
if(self.deleteWhenComplete===true)delete items[name];if(self.isBlock===true){log("----- F'D: "+self.name);processAll();}}},file:function(name,path,isBlock,blockedBy,async,defer,proceedIfError){var self=this;this.name=name;this.path=path;this.async=async;this.defer=defer;this.isBlock=isBlock;this.blockedBy=blockedBy;this.isInitialized=false;this.isError=false;this.isComplete=false;this.proceedIfError=proceedIfError;this.isTimeDelay=false;this.process=function(){self.isInitialized=true;log("... file = "+name);var scr=document.createElement('script');scr.src=path;if(async===true)scr.async=true;else if(defer===true)scr.defer=true;scr.onerror=function(){log("----- ERR'D: "+self.name);self.isError=true;if(self.isBlock===true){processAll();}};scr.onreadystatechange=scr.onload=function(){var state=scr.readyState;log("----- F'D: "+self.name);if((!state||/loaded|complete/.test(state))){self.isComplete=true;if(self.isBlock===true){processAll();}}};document.getElementsByTagName('head')[0].appendChild(scr);}}};function init(){window.addEventListener("load",function(){setTimeout(function(){timeDelayFired=true;log('TDELAY -----');processAll();},5000);},false);}
function addFile(name,path,isBlock,blockedBy,async,defer,proceedIfError,priority){var item=new obj.file(name,path,isBlock,blockedBy,async,defer,proceedIfError);if(priority===true){hpItems[name]=item}else{lpItems[name]=item}
items[name]=item;checkIfBlocked(item);}
function setallowLoad(settobool){allowLoad=settobool}
function addFunc(name,func,parameters,isBlock,blockedBy,autoInc,deleteWhenComplete,proceedIfError,priority){if(autoInc===true)name=name+"_"+incr++;var item=new obj.func(name,func,parameters,isBlock,blockedBy,deleteWhenComplete,proceedIfError);if(priority===true){hpItems[name]=item}else{lpItems[name]=item}
items[name]=item;checkIfBlocked(item);}
function addTimeDelayFile(name,path){var item=new obj.file(name,path,false,[],false,false,true);item.isTimeDelay=true;log(name+' ... '+' FILE! TDELAY');lpItems[name]=item;items[name]=item;checkIfBlocked(item);}
function addTimeDelayFunc(name,func,parameters){var item=new obj.func(name,func,parameters,false,[],true,true);item.isTimeDelay=true;log(name+' ... '+' FUNCTION! TDELAY');lpItems[name]=item;items[name]=item;checkIfBlocked(item);}
function checkIfBlocked(item){if(isBlocked(item)===true||allowLoad==false)return;item.process();}
function isBlocked(item){if(item.isTimeDelay===true&amp;&amp;timeDelayFired===false){log(item.name+" blocked = TIME DELAY!");return true;}
if(item.blockedBy instanceof Array){for(var i=0;i&lt;item.blockedBy.length;i++){var block=item.blockedBy[i];if(items.hasOwnProperty(block)===false){log(item.name+" blocked = "+block);return true;}else if(item.proceedIfError===true&amp;&amp;items[block].isError===true){return false;}else if(items[block].isComplete===false){log(item.name+" blocked = "+block);return true;}}}
return false;}
function log(msg){var href=window.location.href;var reg=new RegExp('[?&amp;]ezq=([^&amp;#]*)','i');var string=reg.exec(href);var res=string?string[1]:null;if(res==="1")console.debug(msg);}
function processAll(){count++;if(count&gt;200)return;log("let's go");processItems(hpItems);processItems(lpItems);}
function processItems(list){for(var i in list){if(list.hasOwnProperty(i)===false)continue;var item=list[i];if(item.isComplete===true||isBlocked(item)||item.isInitialized===true||item.isError===true){if(item.isError===true){log(item.name+': error')}else if(item.isComplete===true){log(item.name+': complete already')}else if(item.isInitialized===true){log(item.name+': initialized already')}}else{item.process();}}}
init();return{addFile:addFile,addDelayFile:addTimeDelayFile,addFunc:addFunc,addDelayFunc:addTimeDelayFunc,items:items,processAll:processAll,setallowLoad:setallowLoad};})();__ez.evt.add=function(e,t,n){e.addEventListener?e.addEventListener(t,n,!1):e.attachEvent?e.attachEvent("on"+t,n):e["on"+t]=n()},__ez.evt.remove=function(e,t,n){e.removeEventListener?e.removeEventListener(t,n,!1):e.detachEvent?e.detachEvent("on"+t,n):delete e["on"+t]};__ez.script.add=function(e){var t=document.createElement("script");t.src=e,t.async=!0,t.type="text/javascript",document.getElementsByTagName("head")[0].appendChild(t)};__ez.queue.addFile('/detroitchicago/boise.js', '/detroitchicago/boise.js?gcb=191-6&amp;cb=1', false, [], true, false, true, false);__ez.dot={};__ez.queue.addFile('/detroitchicago/memphis.js', '/detroitchicago/memphis.js?gcb=191-6&amp;cb=1', false, [], true, false, true, false);__ez.queue.addFile('/detroitchicago/minneapolis.js', '/detroitchicago/minneapolis.js?gcb=191-6&amp;cb=1', false, [], true, false, true, false);__ez.vep=(function(){var pixels=[],pxURL="/detroitchicago/grapefruit.gif";function AddPixel(vID,pixelData){if(__ez.dot.isDefined(vID)&amp;&amp;__ez.dot.isValid(pixelData)){pixels.push({type:'video',video_impression_id:vID,domain_id:__ez.dot.getDID(),t_epoch:__ez.dot.getEpoch(0),data:__ez.dot.dataToStr(pixelData)});}}
function Fire(){if(typeof document.visibilityState!=='undefined'&amp;&amp;document.visibilityState==="prerender"){return;}
if(__ez.dot.isDefined(pixels)&amp;&amp;pixels.length&gt;0){while(pixels.length&gt;0){var j=5;if(j&gt;pixels.length){j=pixels.length;}
var pushPixels=pixels.splice(0,j);(new Image()).src=__ez.dot.getURL(pxURL)+"?orig="+(__ez.template.isOrig===true?1:0)+"&amp;v="+btoa(JSON.stringify(pushPixels));}}
pixels=[];}
return{Add:AddPixel,Fire:Fire};})();</script>
    <script data-ezscrex="false" data-cfasync="false" data-pagespeed-no-defer="data-pagespeed-no-defer">__ez.pel=(function(){var pixels=[],pxURL="/porpoiseant/army.gif";function AddAndFirePixel(adSlot,pixelData){AddPixel(adSlot,pixelData,0,0,0,0,0);Fire();}
function GetCurrentPixels(){return pixels;}
function AddPixel(adSlot,pixelData,revenue,est_revenue,bid_floor_filled,bid_floor_prev,stat_source_id){if(!__ez.dot.isDefined(adSlot)||__ez.dot.isAnyDefined(adSlot.getSlotElementId,adSlot.ElementId)==false){return;}
var ad_position_id=parseInt(__ez.dot.getTargeting(adSlot,'ap'));var impId=__ez.dot.getSlotIID(adSlot),adUnit=__ez.dot.getAdUnit(adSlot);var compId=parseInt(__ez.dot.getTargeting(adSlot,"compid"));var lineItemId=0;var creativeId=0;var ezimData=getEzimData(adSlot);if(typeof ezimData=='object'){if(ezimData.creative_id!==undefined){creativeId=ezimData.creative_id;}
if(ezimData.line_item_id!==undefined){lineItemId=ezimData.line_item_id;}}
if(__ez.dot.isDefined(impId,adUnit)&amp;&amp;__ez.dot.isValid(pixelData)){pixels.push({type:"impression",impression_id:impId,domain_id:__ez.dot.getDID(),unit:adUnit,t_epoch:__ez.dot.getEpoch(0),revenue:revenue,est_revenue:est_revenue,ad_position:ad_position_id,ad_size:"",bid_floor_filled:bid_floor_filled,bid_floor_prev:bid_floor_prev,stat_source_id:stat_source_id,country_code:__ez.dot.getCC(),pageview_id:__ez.dot.getPageviewId(),comp_id:compId,line_item_id:lineItemId,creative_id:creativeId,data:__ez.dot.dataToStr(pixelData)});}}
function AddPixelById(impFullId,pixelData){var vals=impFullId.split('/');if(__ez.dot.isDefined(impFullId)&amp;&amp;vals.length===3&amp;&amp;__ez.dot.isValid(pixelData)){var adUnit=vals[0],impId=vals[2];pixels.push({type:"impression",impression_id:impId,domain_id:__ez.dot.getDID(),unit:adUnit,t_epoch:__ez.dot.getEpoch(0),pageview_id:__ez.dot.getPageviewId(),data:__ez.dot.dataToStr(pixelData)});}}
function Fire(){if(typeof document.visibilityState!=='undefined'&amp;&amp;document.visibilityState==="prerender")return;if(__ez.dot.isDefined(pixels)&amp;&amp;pixels.length&gt;0){while(pixels.length&gt;0){var j=5;if(j&gt;pixels.length){j=pixels.length;}
var pushPixels=pixels.splice(0,j);var pixelURL=__ez.dot.getURL(pxURL)+"?orig="+(__ez.template.isOrig===true?1:0)+"&amp;sts="+btoa(JSON.stringify(pushPixels));if(typeof window.isAmp!=='undefined'&amp;&amp;isAmp&amp;&amp;typeof window._ezaq!=='undefined'&amp;&amp;_ezaq.hasOwnProperty("domain_id")){pixelURL+="&amp;visit_uuid="+_ezaq['visit_uuid'];}
(new Image()).src=pixelURL;}}
pixels=[];}
function getEzimData(adSlot){if(typeof _ezim_d=="undefined"){return false}
var adUnitName=__ez.dot.getAdUnitPath(adSlot).split('/').pop();if(typeof _ezim_d==='object'&amp;&amp;_ezim_d.hasOwnProperty(adUnitName)){return _ezim_d[adUnitName];}
for(var ezimKey in _ezim_d){if(ezimKey.split('/').pop()===adUnitName){return _ezim_d[ezimKey];}}
return false;}
return{Add:AddPixel,AddAndFire:AddAndFirePixel,AddById:AddPixelById,Fire:Fire,GetPixels:GetCurrentPixels,};})();__ez.queue.addFile('/detroitchicago/raleigh.js', '/detroitchicago/raleigh.js?gcb=191-6&amp;cb=1', false, [], true, false, true, false);__ez.queue.addFile('/detroitchicago/tampa.js', '/detroitchicago/tampa.js?gcb=191-6&amp;cb=1', false, [], true, false, true, false);</script>
    <script data-ezscrex="false" type="text/javascript" data-cfasync="false">var _ezaq = {"ad_cache_level":0,"ad_count_adjustment":0,"ad_lazyload_version":0,"ad_location_ids":"","ad_transform_level":0,"adx_ad_count":0,"bidder_method":1,"bidder_version":3,"city":"Dublin","country":"IE","days_since_last_visit":-1,"display_ad_count":0,"domain_id":133674,"ds_adsize_opt_id":-1,"engaged_time_visit":0,"ezcache_level":1,"forensiq_score":-1,"form_factor_id":1,"framework_id":1,"has_bad_image":0,"has_bad_words":0,"iab_category":"","is_from_recommended_pages":false,"is_return_visitor":false,"is_sitespeed":0,"last_page_load":"","last_pageview_id":"","lt_cache_level":0,"max_ads":0,"metro_code":0,"optimization_version":1,"page_ad_positions":"","page_view_count":0,"page_view_id":"991b93ed-89e8-4f18-444a-f253b6e85af9","position_selection_id":0,"postal_code":"D02","pv_event_count":0,"response_time_orig":832,"serverid":"34.249.105.16:19232","state":"L","sub_page_ad_positions":"","t_epoch":1599923239,"template_id":0,"time_on_site_visit":0,"url":"http://dummy.restapiexample.com/api/v1/employee/2982","user_id":0,"word_count":0,"worst_bad_word_level":0};var _ezim_d = null;var _ezat = {"domain_id":133674,"form_factor_id":1,"framework_id":1,"pageview_date":"2020-09-12","pageview_id":"991b93ed-89e8-4f18-444a-f253b6e85af9","template_id":0,"url":"http://dummy.restapiexample.com/api/v1/employee/2982","visit_uuid":"7f117f5a-2893-4b0f-7314-e166b8e48f39"};</script>
    <script data-ezscrex="false" data-pagespeed-no-defer="data-pagespeed-no-defer" data-cfasync="false" type="text/javascript">__ez.queue.addFile('banger.js', '/porpoiseant/banger.js?cb=191-6&amp;bv=86&amp;v=35&amp;PageSpeed=off', true, [], true, false, false, true);</script>
    <script data-ezscrex="false" data-cfasync="false">(function(){if("function"===typeof window.CustomEvent)return!1;window.CustomEvent=function(c,a){a=a||{bubbles:!1,cancelable:!1,detail:null};var b=document.createEvent("CustomEvent");b.initCustomEvent(c,a.bubbles,a.cancelable,a.detail);return b}})();</script>
    <script data-ezscrex="false" data-cfasync="false">__ez.queue.addFile('/detroitchicago/tulsa.js', '/detroitchicago/tulsa.js?gcb=191-6&amp;cb=2', false, [], true, false, true, false);</script>
    <meta name="viewport" content="width=device-width, initial-scale=1"/>
    <title>Too Many Requests</title>
    <link rel="dns-prefetch" href="//fonts.gstatic.com"/>
    <link href="https://fonts.googleapis.com/css?family=Nunito" rel="stylesheet"/>
    <style>
            html, body {
                background-color: #fff;
                color: #636b6f;
                font-family: 'Nunito', sans-serif;
                font-weight: 100;
                height: 100vh;
                margin: 0;
            }

            .full-height {
                height: 100vh;
            }

            .flex-center {
                align-items: center;
                display: flex;
                justify-content: center;
            }

            .position-ref {
                position: relative;
            }

            .code {
                border-right: 2px solid;
                font-size: 26px;
                padding: 0 15px 0 15px;
                text-align: center;
            }

            .message {
                font-size: 18px;
                text-align: center;
            }
        </style>
    <script data-ezscrex="false" data-cfasync="false" type="text/javascript">window.google_analytics_uacct = "UA-131129777-14";</script>
    <script data-ezscrex="false" data-cfasync="false" type="text/javascript">
var _gaq = _gaq || [];
_gaq.push(['e._setAccount', 'UA-131129777-14']);
_gaq.push(['f._setAccount', 'UA-38339005-1']);
_gaq.push(['e._setDomainName', 'restapiexample.com']);
_gaq.push(['f._setDomainName', 'restapiexample.com']);
_gaq.push(['e._setCustomVar',1,'template','pub_site_noads',3]);
_gaq.push(['e._setCustomVar',2,'t','147',3]);
_gaq.push(['e._setCustomVar',3,'rid','0',2]);
_gaq.push(['e._setCustomVar',4,'bra','mod1',3]);
_gaq.push(['e._setAllowAnchor',true]);
_gaq.push(['e._setSiteSpeedSampleRate', 10]);
_gaq.push(['f._setCustomVar',1,'template','pub_site_noads',3]);
_gaq.push(['f._setCustomVar',2,'domain','restapiexample.com',3]);
_gaq.push(['f._setSiteSpeedSampleRate', 20]);
_gaq.push(['e._trackPageview']);
_gaq.push(['f._trackPageview']);


(function() {
 var ga = document.createElement('script'); ga.type = 'text/javascript'; ga.async = true;
 ga.src = ('https:' == document.location.protocol ? 'https://ssl' : 'http://www') + '.google-analytics.com/ga.js';
 var s = document.getElementsByTagName('script')[0]; s.parentNode.insertBefore(ga, s);
})();
</script>
    <script type="text/javascript">var ezouid = "1";</script>
    <base href="http://dummy.restapiexample.com/api/v1/employee/2982"/>
    <script type="text/javascript">
var ezoTemplate = 'pub_site_noads';
if(typeof ezouid == 'undefined')
{
    var ezouid = 'none';
}
var ezoFormfactor = '1';
var ezo_elements_to_check = Array();
</script>
    <script data-ezscrex="false" type="text/javascript">
var soc_app_id = '0';
var did = 133674;
var ezdomain = 'restapiexample.com';
var ezoicSearchable = 1;
</script>
    <script data-ezscrex="false" data-pagespeed-no-defer="data-pagespeed-no-defer" data-cfasync="false">
function create_ezolpl(pvID, rv) {
    var d = new Date();
    d.setTime(d.getTime() + (365*24*60*60*1000));
    var expires = "expires="+d.toUTCString();
    __ez.ck.setByCat("ezux_lpl_133674=" + new Date().getTime() + "|" + pvID + "|" + rv + "; " + expires, 3);
}
function attach_ezolpl(pvID, rv) {
    if (document.readyState === "complete") {
        create_ezolpl(pvID, rv);
    }
    if(window.attachEvent) {
        window.attachEvent("onload", create_ezolpl, pvID, rv);
    } else {
        if(window.onload) {
            var curronload = window.onload;
            var newonload = function(evt) {
                curronload(evt);
                create_ezolpl(pvID, rv);
            };
            window.onload = newonload;
        } else {
            window.onload = create_ezolpl.bind(null, pvID, rv);
        }
    }
}

__ez.queue.addFunc("attach_ezolpl", "attach_ezolpl", ["991b93ed-89e8-4f18-444a-f253b6e85af9", "false"], false, ['/detroitchicago/boise.js'], true, false, false, false);
</script>
  </head>
  <body>
    <div class="flex-center position-ref full-height">
      <div class="code">
                429            </div>
      <div class="message" style="padding: 10px;">
                Too Many Requests            </div>
    </div>
    <script type="text/javascript" style="display:none;">var __ez_dims = (function() {
var setCookie = function( name, content, expiry ) {
return document.cookie = name+'='+content+((expiry)?';expires='+(new Date(Math.floor(new Date().getTime()+expiry*1000)).toUTCString()):'')+';path=/';
};
var ffid = 1;
var oh = window.screen.height;
var ow = window.screen.width;
var h = ffid === 1 ? oh : (oh &gt; ow) ? oh : ow;
var w = ffid === 1 ? ow : (oh &gt; ow) ? ow : oh;
var uh = window.innerHeight || document.documentElement.clientHeight || document.getElementsByTagName('body')[0].clientHeight;
var uw = window.innerWidth || document.documentElement.clientWidth || document.getElementsByTagName('body')[0].clientWidth;
setCookie('ezds', encodeURIComponent('ffid='+ffid+',w='+w+',h='+h), (31536e3*7));
setCookie('ezohw', encodeURIComponent('w='+uw+',h='+uh), (31536e3*7));
})();</script>
    <script type="text/javascript" style="display:none;" async="async">
__ez.queue.addFile('edmonton.php', '/detroitchicago/edmonton.webp?a=a&amp;cb=191-6&amp;shcb=34', true, ['/detroitchicago/minneapolis.js'], true, false, false, false);
__ez.queue.addFile('jellyfish.php', '/porpoiseant/jellyfish.webp?a=a&amp;cb=191-6&amp;shcb=34', false, [], true, false, false, false);
</script>
    <script type="text/javascript" data-cfasync="false"/>
  </body>
</html>
at org.junit.Assert.fail(Assert.java:93)
at utility.HTTP_Methods.responseCode(HTTP_Methods.java:83)
at stepDefinitionFiles.httpActivity.verify_the_Response_code_is(httpActivity.java:23)
at ✽.Then verify the Response code is "200"(TC01 GET All Employees.feature:12)
]]>
    </error>
  </testcase> <!-- feature -->
</testsuite> <!-- testRunnerFile.TestRunner -->
