<?xml version="1.0" encoding="UTF-8"?>
<!-- Generated by org.testng.reporters.JUnitReportReporter -->
<testsuite skipped="0" hostname="LFDC4CWMSQ2" name="testRunnerFile.TestRunner" tests="1" failures="0" timestamp="29 Nov 2020 14:17:30 GMT" time="3.949" errors="0">
  <testcase name="feature" time="3.949" classname="testRunnerFile.TestRunner"/>
</testsuite> <!-- testRunnerFile.TestRunner -->
